# JRE version: OpenJDK Runtime Environment (8.0_191-b12) (build 1.8.0_191-b12)
# Java VM: OpenJDK 64-Bit Server VM (25.191-b12 mixed mode linux-amd64 compressed oops)
Heap:
 def new generation   total 113792K, used 12327K [0x00000000c0000000, 0x00000000c7b70000, 0x00000000d5550000)
  eden space 101184K,  12% used [0x00000000c0000000, 0x00000000c0c09ca0, 0x00000000c62d0000)
  from space 12608K,   0% used [0x00000000c62d0000, 0x00000000c62d0000, 0x00000000c6f20000)
  to   space 12608K,   0% used [0x00000000c6f20000, 0x00000000c6f20000, 0x00000000c7b70000)
 tenured generation   total 262952K, used 262642K [0x00000000d5550000, 0x00000000e561a000, 0x0000000100000000)
   the space 262952K,  99% used [0x00000000d5550000, 0x00000000e55cca70, 0x00000000e55ccc00, 0x00000000e561a000)
 Metaspace       used 61594K, capacity 62068K, committed 62336K, reserved 1103872K
  class space    used 8376K, capacity 8505K, committed 8576K, reserved 1048576K
GC Heap History (250 events):
Event: 29775.269 GC heap after
Heap after GC invocations=165 (full 20):
 def new generation   total 9408K, used 35K [0x00000000c0000000, 0x00000000c0a30000, 0x00000000d5550000)
  eden space 8384K,   0% used [0x00000000c0000000, 0x00000000c0000000, 0x00000000c0830000)
  from space 1024K,   3% used [0x00000000c0830000, 0x00000000c0838c90, 0x00000000c0930000)
  to   space 1024K,   0% used [0x00000000c0930000, 0x00000000c0930000, 0x00000000c0a30000)
 tenured generation   total 20808K, used 13241K [0x00000000d5550000, 0x00000000d69a2000, 0x0000000100000000)
   the space 20808K,  63% used [0x00000000d5550000, 0x00000000d623e5d8, 0x00000000d623e600, 0x00000000d69a2000)
 Metaspace       used 59332K, capacity 59746K, committed 59904K, reserved 1101824K
  class space    used 8084K, capacity 8188K, committed 8192K, reserved 1048576K
}
Event: 29775.355 GC heap before
{Heap before GC invocations=165 (full 20):
 def new generation   total 9408K, used 8419K [0x00000000c0000000, 0x00000000c0a30000, 0x00000000d5550000)
  eden space 8384K, 100% used [0x00000000c0000000, 0x00000000c0830000, 0x00000000c0830000)
  from space 1024K,   3% used [0x00000000c0830000, 0x00000000c0838c90, 0x00000000c0930000)
  to   space 1024K,   0% used [0x00000000c0930000, 0x00000000c0930000, 0x00000000c0a30000)
 tenured generation   total 20808K, used 13241K [0x00000000d5550000, 0x00000000d69a2000, 0x0000000100000000)
   the space 20808K,  63% used [0x00000000d5550000, 0x00000000d623e5d8, 0x00000000d623e600, 0x00000000d69a2000)
 Metaspace       used 59343K, capacity 59746K, committed 59904K, reserved 1101824K
  class space    used 8084K, capacity 8188K, committed 8192K, reserved 1048576K
Event: 29775.387 GC heap after
Heap after GC invocations=166 (full 20):
 def new generation   total 9408K, used 47K [0x00000000c0000000, 0x00000000c0a30000, 0x00000000d5550000)
  eden space 8384K,   0% used [0x00000000c0000000, 0x00000000c0000000, 0x00000000c0830000)
  from space 1024K,   4% used [0x00000000c0930000, 0x00000000c093bfc8, 0x00000000c0a30000)
  to   space 1024K,   0% used [0x00000000c0830000, 0x00000000c0830000, 0x00000000c0930000)
 tenured generation   total 20808K, used 13241K [0x00000000d5550000, 0x00000000d69a2000, 0x0000000100000000)
   the space 20808K,  63% used [0x00000000d5550000, 0x00000000d623e5d8, 0x00000000d623e600, 0x00000000d69a2000)
 Metaspace       used 59343K, capacity 59746K, committed 59904K, reserved 1101824K
  class space    used 8084K, capacity 8188K, committed 8192K, reserved 1048576K
}
Event: 29775.625 GC heap before
{Heap before GC invocations=166 (full 20):
 def new generation   total 9408K, used 8431K [0x00000000c0000000, 0x00000000c0a30000, 0x00000000d5550000)
  eden space 8384K, 100% used [0x00000000c0000000, 0x00000000c0830000, 0x00000000c0830000)
  from space 1024K,   4% used [0x00000000c0930000, 0x00000000c093bfc8, 0x00000000c0a30000)
  to   space 1024K,   0% used [0x00000000c0830000, 0x00000000c0830000, 0x00000000c0930000)
 tenured generation   total 20808K, used 13241K [0x00000000d5550000, 0x00000000d69a2000, 0x0000000100000000)
   the space 20808K,  63% used [0x00000000d5550000, 0x00000000d623e5d8, 0x00000000d623e600, 0x00000000d69a2000)
 Metaspace       used 59347K, capacity 59746K, committed 59904K, reserved 1101824K
  class space    used 8085K, capacity 8188K, committed 8192K, reserved 1048576K
Event: 29775.646 GC heap after
Heap after GC invocations=167 (full 20):
 def new generation   total 9408K, used 45K [0x00000000c0000000, 0x00000000c0a30000, 0x00000000d5550000)
  eden space 8384K,   0% used [0x00000000c0000000, 0x00000000c0000000, 0x00000000c0830000)
  from space 1024K,   4% used [0x00000000c0830000, 0x00000000c083b520, 0x00000000c0930000)
  to   space 1024K,   0% used [0x00000000c0930000, 0x00000000c0930000, 0x00000000c0a30000)
 tenured generation   total 20808K, used 13241K [0x00000000d5550000, 0x00000000d69a2000, 0x0000000100000000)
   the space 20808K,  63% used [0x00000000d5550000, 0x00000000d623e5d8, 0x00000000d623e600, 0x00000000d69a2000)
 Metaspace       used 59347K, capacity 59746K, committed 59904K, reserved 1101824K
  class space    used 8085K, capacity 8188K, committed 8192K, reserved 1048576K
}
Event: 29776.376 GC heap before
{Heap before GC invocations=167 (full 20):
 def new generation   total 9408K, used 8429K [0x00000000c0000000, 0x00000000c0a30000, 0x00000000d5550000)
  eden space 8384K, 100% used [0x00000000c0000000, 0x00000000c0830000, 0x00000000c0830000)
  from space 1024K,   4% used [0x00000000c0830000, 0x00000000c083b520, 0x00000000c0930000)
  to   space 1024K,   0% used [0x00000000c0930000, 0x00000000c0930000, 0x00000000c0a30000)
 tenured generation   total 20808K, used 13241K [0x00000000d5550000, 0x00000000d69a2000, 0x0000000100000000)
   the space 20808K,  63% used [0x00000000d5550000, 0x00000000d623e5d8, 0x00000000d623e600, 0x00000000d69a2000)
 Metaspace       used 59353K, capacity 59746K, committed 59904K, reserved 1101824K
  class space    used 8086K, capacity 8188K, committed 8192K, reserved 1048576K
Event: 29776.420 GC heap after
Heap after GC invocations=168 (full 20):
 def new generation   total 9408K, used 44K [0x00000000c0000000, 0x00000000c0a30000, 0x00000000d5550000)
  eden space 8384K,   0% used [0x00000000c0000000, 0x00000000c0000000, 0x00000000c0830000)
  from space 1024K,   4% used [0x00000000c0930000, 0x00000000c093b160, 0x00000000c0a30000)
  to   space 1024K,   0% used [0x00000000c0830000, 0x00000000c0830000, 0x00000000c0930000)
 tenured generation   total 20808K, used 13241K [0x00000000d5550000, 0x00000000d69a2000, 0x0000000100000000)
   the space 20808K,  63% used [0x00000000d5550000, 0x00000000d623e5d8, 0x00000000d623e600, 0x00000000d69a2000)
 Metaspace       used 59353K, capacity 59746K, committed 59904K, reserved 1101824K
  class space    used 8086K, capacity 8188K, committed 8192K, reserved 1048576K
}
Event: 29776.517 GC heap before
{Heap before GC invocations=168 (full 20):
 def new generation   total 9408K, used 8428K [0x00000000c0000000, 0x00000000c0a30000, 0x00000000d5550000)
  eden space 8384K, 100% used [0x00000000c0000000, 0x00000000c0830000, 0x00000000c0830000)
  from space 1024K,   4% used [0x00000000c0930000, 0x00000000c093b160, 0x00000000c0a30000)
  to   space 1024K,   0% used [0x00000000c0830000, 0x00000000c0830000, 0x00000000c0930000)
 tenured generation   total 20808K, used 13241K [0x00000000d5550000, 0x00000000d69a2000, 0x0000000100000000)
   the space 20808K,  63% used [0x00000000d5550000, 0x00000000d623e5d8, 0x00000000d623e600, 0x00000000d69a2000)
 Metaspace       used 59355K, capacity 59746K, committed 59904K, reserved 1101824K
  class space    used 8086K, capacity 8188K, committed 8192K, reserved 1048576K
Event: 29776.524 GC heap after
Heap after GC invocations=169 (full 20):
 def new generation   total 9408K, used 42K [0x00000000c0000000, 0x00000000c0a30000, 0x00000000d5550000)
  eden space 8384K,   0% used [0x00000000c0000000, 0x00000000c0000000, 0x00000000c0830000)
  from space 1024K,   4% used [0x00000000c0830000, 0x00000000c083aa60, 0x00000000c0930000)
  to   space 1024K,   0% used [0x00000000c0930000, 0x00000000c0930000, 0x00000000c0a30000)
 tenured generation   total 20808K, used 13241K [0x00000000d5550000, 0x00000000d69a2000, 0x0000000100000000)
   the space 20808K,  63% used [0x00000000d5550000, 0x00000000d623e5d8, 0x00000000d623e600, 0x00000000d69a2000)
 Metaspace       used 59355K, capacity 59746K, committed 59904K, reserved 1101824K
  class space    used 8086K, capacity 8188K, committed 8192K, reserved 1048576K
}
Event: 29776.605 GC heap before
{Heap before GC invocations=169 (full 20):
 def new generation   total 9408K, used 8426K [0x00000000c0000000, 0x00000000c0a30000, 0x00000000d5550000)
  eden space 8384K, 100% used [0x00000000c0000000, 0x00000000c0830000, 0x00000000c0830000)
  from space 1024K,   4% used [0x00000000c0830000, 0x00000000c083aa60, 0x00000000c0930000)
  to   space 1024K,   0% used [0x00000000c0930000, 0x00000000c0930000, 0x00000000c0a30000)
 tenured generation   total 20808K, used 13241K [0x00000000d5550000, 0x00000000d69a2000, 0x0000000100000000)
   the space 20808K,  63% used [0x00000000d5550000, 0x00000000d623e5d8, 0x00000000d623e600, 0x00000000d69a2000)
 Metaspace       used 59355K, capacity 59746K, committed 59904K, reserved 1101824K
  class space    used 8086K, capacity 8188K, committed 8192K, reserved 1048576K
Event: 29776.608 GC heap after
Heap after GC invocations=170 (full 20):
 def new generation   total 9408K, used 51K [0x00000000c0000000, 0x00000000c0a30000, 0x00000000d5550000)
  eden space 8384K,   0% used [0x00000000c0000000, 0x00000000c0000000, 0x00000000c0830000)
  from space 1024K,   4% used [0x00000000c0930000, 0x00000000c093ccb8, 0x00000000c0a30000)
  to   space 1024K,   0% used [0x00000000c0830000, 0x00000000c0830000, 0x00000000c0930000)
 tenured generation   total 20808K, used 13241K [0x00000000d5550000, 0x00000000d69a2000, 0x0000000100000000)
   the space 20808K,  63% used [0x00000000d5550000, 0x00000000d623e5d8, 0x00000000d623e600, 0x00000000d69a2000)
 Metaspace       used 59355K, capacity 59746K, committed 59904K, reserved 1101824K
  class space    used 8086K, capacity 8188K, committed 8192K, reserved 1048576K
}
Event: 29776.851 GC heap before
{Heap before GC invocations=170 (full 20):
 def new generation   total 9408K, used 8435K [0x00000000c0000000, 0x00000000c0a30000, 0x00000000d5550000)
  eden space 8384K, 100% used [0x00000000c0000000, 0x00000000c0830000, 0x00000000c0830000)
  from space 1024K,   4% used [0x00000000c0930000, 0x00000000c093ccb8, 0x00000000c0a30000)
  to   space 1024K,   0% used [0x00000000c0830000, 0x00000000c0830000, 0x00000000c0930000)
 tenured generation   total 20808K, used 13241K [0x00000000d5550000, 0x00000000d69a2000, 0x0000000100000000)
   the space 20808K,  63% used [0x00000000d5550000, 0x00000000d623e5d8, 0x00000000d623e600, 0x00000000d69a2000)
 Metaspace       used 59364K, capacity 59746K, committed 59904K, reserved 1101824K
  class space    used 8086K, capacity 8188K, committed 8192K, reserved 1048576K
Event: 29776.861 GC heap after
Heap after GC invocations=171 (full 20):
 def new generation   total 9408K, used 56K [0x00000000c0000000, 0x00000000c0a30000, 0x00000000d5550000)
  eden space 8384K,   0% used [0x00000000c0000000, 0x00000000c0000000, 0x00000000c0830000)
  from space 1024K,   5% used [0x00000000c0830000, 0x00000000c083e130, 0x00000000c0930000)
  to   space 1024K,   0% used [0x00000000c0930000, 0x00000000c0930000, 0x00000000c0a30000)
 tenured generation   total 20808K, used 13241K [0x00000000d5550000, 0x00000000d69a2000, 0x0000000100000000)
   the space 20808K,  63% used [0x00000000d5550000, 0x00000000d623e5d8, 0x00000000d623e600, 0x00000000d69a2000)
 Metaspace       used 59364K, capacity 59746K, committed 59904K, reserved 1101824K
  class space    used 8086K, capacity 8188K, committed 8192K, reserved 1048576K
}
Event: 29777.177 GC heap before
{Heap before GC invocations=171 (full 20):
 def new generation   total 9408K, used 9407K [0x00000000c0000000, 0x00000000c0a30000, 0x00000000d5550000)
  eden space 8384K, 100% used [0x00000000c0000000, 0x00000000c0830000, 0x00000000c0830000)
  from space 1024K,  99% used [0x00000000c0830000, 0x00000000c092fff8, 0x00000000c0930000)
  to   space 1024K,   0% used [0x00000000c0930000, 0x00000000c0930000, 0x00000000c0a30000)
 tenured generation   total 20808K, used 15729K [0x00000000d5550000, 0x00000000d69a2000, 0x0000000100000000)
   the space 20808K,  75% used [0x00000000d5550000, 0x00000000d64ac6d0, 0x00000000d64ac800, 0x00000000d69a2000)
 Metaspace       used 59390K, capacity 59746K, committed 59904K, reserved 1101824K
  class space    used 8088K, capacity 8188K, committed 8192K, reserved 1048576K
Event: 29777.186 GC heap after
Heap after GC invocations=172 (full 20):
 def new generation   total 9408K, used 78K [0x00000000c0000000, 0x00000000c0a30000, 0x00000000d5550000)
  eden space 8384K,   0% used [0x00000000c0000000, 0x00000000c0000000, 0x00000000c0830000)
  from space 1024K,   7% used [0x00000000c0930000, 0x00000000c0943b50, 0x00000000c0a30000)
  to   space 1024K,   0% used [0x00000000c0830000, 0x00000000c0830000, 0x00000000c0930000)
 tenured generation   total 20808K, used 15729K [0x00000000d5550000, 0x00000000d69a2000, 0x0000000100000000)
   the space 20808K,  75% used [0x00000000d5550000, 0x00000000d64ac6d0, 0x00000000d64ac800, 0x00000000d69a2000)
 Metaspace       used 59390K, capacity 59746K, committed 59904K, reserved 1101824K
  class space    used 8088K, capacity 8188K, committed 8192K, reserved 1048576K
}
Event: 29777.264 GC heap before
{Heap before GC invocations=172 (full 20):
 def new generation   total 9408K, used 8462K [0x00000000c0000000, 0x00000000c0a30000, 0x00000000d5550000)
  eden space 8384K, 100% used [0x00000000c0000000, 0x00000000c0830000, 0x00000000c0830000)
  from space 1024K,   7% used [0x00000000c0930000, 0x00000000c0943b50, 0x00000000c0a30000)
  to   space 1024K,   0% used [0x00000000c0830000, 0x00000000c0830000, 0x00000000c0930000)
 tenured generation   total 20808K, used 15729K [0x00000000d5550000, 0x00000000d69a2000, 0x0000000100000000)
   the space 20808K,  75% used [0x00000000d5550000, 0x00000000d64ac6d0, 0x00000000d64ac800, 0x00000000d69a2000)
 Metaspace       used 59395K, capacity 59746K, committed 59904K, reserved 1101824K
  class space    used 8088K, capacity 8188K, committed 8192K, reserved 1048576K
Event: 29777.268 GC heap after
Heap after GC invocations=173 (full 20):
 def new generation   total 9408K, used 67K [0x00000000c0000000, 0x00000000c0a30000, 0x00000000d5550000)
  eden space 8384K,   0% used [0x00000000c0000000, 0x00000000c0000000, 0x00000000c0830000)
  from space 1024K,   6% used [0x00000000c0830000, 0x00000000c0840d70, 0x00000000c0930000)
  to   space 1024K,   0% used [0x00000000c0930000, 0x00000000c0930000, 0x00000000c0a30000)
 tenured generation   total 20808K, used 15729K [0x00000000d5550000, 0x00000000d69a2000, 0x0000000100000000)
   the space 20808K,  75% used [0x00000000d5550000, 0x00000000d64ac6d0, 0x00000000d64ac800, 0x00000000d69a2000)
 Metaspace       used 59395K, capacity 59746K, committed 59904K, reserved 1101824K
  class space    used 8088K, capacity 8188K, committed 8192K, reserved 1048576K
}
Event: 29777.745 GC heap before
{Heap before GC invocations=173 (full 20):
 def new generation   total 9408K, used 8451K [0x00000000c0000000, 0x00000000c0a30000, 0x00000000d5550000)
  eden space 8384K, 100% used [0x00000000c0000000, 0x00000000c0830000, 0x00000000c0830000)
  from space 1024K,   6% used [0x00000000c0830000, 0x00000000c0840d70, 0x00000000c0930000)
  to   space 1024K,   0% used [0x00000000c0930000, 0x00000000c0930000, 0x00000000c0a30000)
 tenured generation   total 20808K, used 15729K [0x00000000d5550000, 0x00000000d69a2000, 0x0000000100000000)
   the space 20808K,  75% used [0x00000000d5550000, 0x00000000d64ac6d0, 0x00000000d64ac800, 0x00000000d69a2000)
 Metaspace       used 59397K, capacity 59746K, committed 59904K, reserved 1101824K
  class space    used 8088K, capacity 8188K, committed 8192K, reserved 1048576K
Event: 29777.758 GC heap after
Heap after GC invocations=174 (full 20):
 def new generation   total 9408K, used 213K [0x00000000c0000000, 0x00000000c0a30000, 0x00000000d5550000)
  eden space 8384K,   0% used [0x00000000c0000000, 0x00000000c0000000, 0x00000000c0830000)
  from space 1024K,  20% used [0x00000000c0930000, 0x00000000c0965710, 0x00000000c0a30000)
  to   space 1024K,   0% used [0x00000000c0830000, 0x00000000c0830000, 0x00000000c0930000)
 tenured generation   total 20808K, used 15729K [0x00000000d5550000, 0x00000000d69a2000, 0x0000000100000000)
   the space 20808K,  75% used [0x00000000d5550000, 0x00000000d64ac6d0, 0x00000000d64ac800, 0x00000000d69a2000)
 Metaspace       used 59397K, capacity 59746K, committed 59904K, reserved 1101824K
  class space    used 8088K, capacity 8188K, committed 8192K, reserved 1048576K
}
Event: 29779.081 GC heap before
{Heap before GC invocations=174 (full 20):
 def new generation   total 9408K, used 8597K [0x00000000c0000000, 0x00000000c0a30000, 0x00000000d5550000)
  eden space 8384K, 100% used [0x00000000c0000000, 0x00000000c0830000, 0x00000000c0830000)
  from space 1024K,  20% used [0x00000000c0930000, 0x00000000c0965710, 0x00000000c0a30000)
  to   space 1024K,   0% used [0x00000000c0830000, 0x00000000c0830000, 0x00000000c0930000)
 tenured generation   total 20808K, used 15729K [0x00000000d5550000, 0x00000000d69a2000, 0x0000000100000000)
   the space 20808K,  75% used [0x00000000d5550000, 0x00000000d64ac6d0, 0x00000000d64ac800, 0x00000000d69a2000)
 Metaspace       used 59909K, capacity 60296K, committed 60544K, reserved 1101824K
  class space    used 8117K, capacity 8221K, committed 8320K, reserved 1048576K
Event: 29779.087 GC heap after
Heap after GC invocations=175 (full 20):
 def new generation   total 9408K, used 293K [0x00000000c0000000, 0x00000000c0a30000, 0x00000000d5550000)
  eden space 8384K,   0% used [0x00000000c0000000, 0x00000000c0000000, 0x00000000c0830000)
  from space 1024K,  28% used [0x00000000c0830000, 0x00000000c0879580, 0x00000000c0930000)
  to   space 1024K,   0% used [0x00000000c0930000, 0x00000000c0930000, 0x00000000c0a30000)
 tenured generation   total 20808K, used 15729K [0x00000000d5550000, 0x00000000d69a2000, 0x0000000100000000)
   the space 20808K,  75% used [0x00000000d5550000, 0x00000000d64ac6d0, 0x00000000d64ac800, 0x00000000d69a2000)
 Metaspace       used 59909K, capacity 60296K, committed 60544K, reserved 1101824K
  class space    used 8117K, capacity 8221K, committed 8320K, reserved 1048576K
}
Event: 29779.515 GC heap before
{Heap before GC invocations=175 (full 20):
 def new generation   total 9408K, used 8677K [0x00000000c0000000, 0x00000000c0a30000, 0x00000000d5550000)
  eden space 8384K, 100% used [0x00000000c0000000, 0x00000000c0830000, 0x00000000c0830000)
  from space 1024K,  28% used [0x00000000c0830000, 0x00000000c0879580, 0x00000000c0930000)
  to   space 1024K,   0% used [0x00000000c0930000, 0x00000000c0930000, 0x00000000c0a30000)
 tenured generation   total 20808K, used 15729K [0x00000000d5550000, 0x00000000d69a2000, 0x0000000100000000)
   the space 20808K,  75% used [0x00000000d5550000, 0x00000000d64ac6d0, 0x00000000d64ac800, 0x00000000d69a2000)
 Metaspace       used 59991K, capacity 60360K, committed 60544K, reserved 1101824K
  class space    used 8124K, capacity 8221K, committed 8320K, reserved 1048576K
Event: 29779.531 GC heap after
Heap after GC invocations=176 (full 20):
 def new generation   total 9408K, used 374K [0x00000000c0000000, 0x00000000c0a30000, 0x00000000d5550000)
  eden space 8384K,   0% used [0x00000000c0000000, 0x00000000c0000000, 0x00000000c0830000)
  from space 1024K,  36% used [0x00000000c0930000, 0x00000000c098d998, 0x00000000c0a30000)
  to   space 1024K,   0% used [0x00000000c0830000, 0x00000000c0830000, 0x00000000c0930000)
 tenured generation   total 20808K, used 16753K [0x00000000d5550000, 0x00000000d69a2000, 0x0000000100000000)
   the space 20808K,  80% used [0x00000000d5550000, 0x00000000d65ac6e0, 0x00000000d65ac800, 0x00000000d69a2000)
 Metaspace       used 59991K, capacity 60360K, committed 60544K, reserved 1101824K
  class space    used 8124K, capacity 8221K, committed 8320K, reserved 1048576K
}
Event: 29779.890 GC heap before
{Heap before GC invocations=176 (full 20):
 def new generation   total 9408K, used 8758K [0x00000000c0000000, 0x00000000c0a30000, 0x00000000d5550000)
  eden space 8384K, 100% used [0x00000000c0000000, 0x00000000c0830000, 0x00000000c0830000)
  from space 1024K,  36% used [0x00000000c0930000, 0x00000000c098d998, 0x00000000c0a30000)
  to   space 1024K,   0% used [0x00000000c0830000, 0x00000000c0830000, 0x00000000c0930000)
 tenured generation   total 20808K, used 16753K [0x00000000d5550000, 0x00000000d69a2000, 0x0000000100000000)
   the space 20808K,  80% used [0x00000000d5550000, 0x00000000d65ac6e0, 0x00000000d65ac800, 0x00000000d69a2000)
 Metaspace       used 59997K, capacity 60360K, committed 60544K, reserved 1101824K
  class space    used 8125K, capacity 8221K, committed 8320K, reserved 1048576K
Event: 29779.895 GC heap after
Heap after GC invocations=177 (full 20):
 def new generation   total 9408K, used 299K [0x00000000c0000000, 0x00000000c0a30000, 0x00000000d5550000)
  eden space 8384K,   0% used [0x00000000c0000000, 0x00000000c0000000, 0x00000000c0830000)
  from space 1024K,  29% used [0x00000000c0830000, 0x00000000c087ae88, 0x00000000c0930000)
  to   space 1024K,   0% used [0x00000000c0930000, 0x00000000c0930000, 0x00000000c0a30000)
 tenured generation   total 20808K, used 17777K [0x00000000d5550000, 0x00000000d69a2000, 0x0000000100000000)
   the space 20808K,  85% used [0x00000000d5550000, 0x00000000d66ac6f0, 0x00000000d66ac800, 0x00000000d69a2000)
 Metaspace       used 59997K, capacity 60360K, committed 60544K, reserved 1101824K
  class space    used 8125K, capacity 8221K, committed 8320K, reserved 1048576K
}
Event: 29780.385 GC heap before
{Heap before GC invocations=177 (full 20):
 def new generation   total 9408K, used 8683K [0x00000000c0000000, 0x00000000c0a30000, 0x00000000d5550000)
  eden space 8384K, 100% used [0x00000000c0000000, 0x00000000c0830000, 0x00000000c0830000)
  from space 1024K,  29% used [0x00000000c0830000, 0x00000000c087ae88, 0x00000000c0930000)
  to   space 1024K,   0% used [0x00000000c0930000, 0x00000000c0930000, 0x00000000c0a30000)
 tenured generation   total 20808K, used 17777K [0x00000000d5550000, 0x00000000d69a2000, 0x0000000100000000)
   the space 20808K,  85% used [0x00000000d5550000, 0x00000000d66ac6f0, 0x00000000d66ac800, 0x00000000d69a2000)
 Metaspace       used 59997K, capacity 60360K, committed 60544K, reserved 1101824K
  class space    used 8125K, capacity 8221K, committed 8320K, reserved 1048576K
Event: 29780.390 GC heap after
Heap after GC invocations=178 (full 20):
 def new generation   total 9408K, used 301K [0x00000000c0000000, 0x00000000c0a30000, 0x00000000d5550000)
  eden space 8384K,   0% used [0x00000000c0000000, 0x00000000c0000000, 0x00000000c0830000)
  from space 1024K,  29% used [0x00000000c0930000, 0x00000000c097b480, 0x00000000c0a30000)
  to   space 1024K,   0% used [0x00000000c0830000, 0x00000000c0830000, 0x00000000c0930000)
 tenured generation   total 20808K, used 17777K [0x00000000d5550000, 0x00000000d69a2000, 0x0000000100000000)
   the space 20808K,  85% used [0x00000000d5550000, 0x00000000d66ac6f0, 0x00000000d66ac800, 0x00000000d69a2000)
 Metaspace       used 59997K, capacity 60360K, committed 60544K, reserved 1101824K
  class space    used 8125K, capacity 8221K, committed 8320K, reserved 1048576K
}
Event: 29780.893 GC heap before
{Heap before GC invocations=178 (full 20):
 def new generation   total 9408K, used 8685K [0x00000000c0000000, 0x00000000c0a30000, 0x00000000d5550000)
  eden space 8384K, 100% used [0x00000000c0000000, 0x00000000c0830000, 0x00000000c0830000)
  from space 1024K,  29% used [0x00000000c0930000, 0x00000000c097b480, 0x00000000c0a30000)
  to   space 1024K,   0% used [0x00000000c0830000, 0x00000000c0830000, 0x00000000c0930000)
 tenured generation   total 20808K, used 17777K [0x00000000d5550000, 0x00000000d69a2000, 0x0000000100000000)
   the space 20808K,  85% used [0x00000000d5550000, 0x00000000d66ac6f0, 0x00000000d66ac800, 0x00000000d69a2000)
 Metaspace       used 59998K, capacity 60360K, committed 60544K, reserved 1101824K
  class space    used 8125K, capacity 8221K, committed 8320K, reserved 1048576K
Event: 29780.897 GC heap after
Heap after GC invocations=179 (full 20):
 def new generation   total 9408K, used 276K [0x00000000c0000000, 0x00000000c0a30000, 0x00000000d5550000)
  eden space 8384K,   0% used [0x00000000c0000000, 0x00000000c0000000, 0x00000000c0830000)
  from space 1024K,  26% used [0x00000000c0830000, 0x00000000c0875130, 0x00000000c0930000)
  to   space 1024K,   0% used [0x00000000c0930000, 0x00000000c0930000, 0x00000000c0a30000)
 tenured generation   total 20808K, used 18825K [0x00000000d5550000, 0x00000000d69a2000, 0x0000000100000000)
   the space 20808K,  90% used [0x00000000d5550000, 0x00000000d67b2670, 0x00000000d67b2800, 0x00000000d69a2000)
 Metaspace       used 59998K, capacity 60360K, committed 60544K, reserved 1101824K
  class space    used 8125K, capacity 8221K, committed 8320K, reserved 1048576K
}
Event: 29781.387 GC heap before
{Heap before GC invocations=179 (full 20):
 def new generation   total 9408K, used 8660K [0x00000000c0000000, 0x00000000c0a30000, 0x00000000d5550000)
  eden space 8384K, 100% used [0x00000000c0000000, 0x00000000c0830000, 0x00000000c0830000)
  from space 1024K,  26% used [0x00000000c0830000, 0x00000000c0875130, 0x00000000c0930000)
  to   space 1024K,   0% used [0x00000000c0930000, 0x00000000c0930000, 0x00000000c0a30000)
 tenured generation   total 20808K, used 18825K [0x00000000d5550000, 0x00000000d69a2000, 0x0000000100000000)
   the space 20808K,  90% used [0x00000000d5550000, 0x00000000d67b2670, 0x00000000d67b2800, 0x00000000d69a2000)
 Metaspace       used 60000K, capacity 60360K, committed 60544K, reserved 1101824K
  class space    used 8125K, capacity 8221K, committed 8320K, reserved 1048576K
Event: 29781.394 GC heap after
Heap after GC invocations=180 (full 20):
 def new generation   total 9408K, used 276K [0x00000000c0000000, 0x00000000c0a30000, 0x00000000d5550000)
  eden space 8384K,   0% used [0x00000000c0000000, 0x00000000c0000000, 0x00000000c0830000)
  from space 1024K,  27% used [0x00000000c0930000, 0x00000000c0975240, 0x00000000c0a30000)
  to   space 1024K,   0% used [0x00000000c0830000, 0x00000000c0830000, 0x00000000c0930000)
 tenured generation   total 20808K, used 18825K [0x00000000d5550000, 0x00000000d69a2000, 0x0000000100000000)
   the space 20808K,  90% used [0x00000000d5550000, 0x00000000d67b2670, 0x00000000d67b2800, 0x00000000d69a2000)
 Metaspace       used 60000K, capacity 60360K, committed 60544K, reserved 1101824K
  class space    used 8125K, capacity 8221K, committed 8320K, reserved 1048576K
}
Event: 29781.951 GC heap before
{Heap before GC invocations=180 (full 20):
 def new generation   total 9408K, used 8660K [0x00000000c0000000, 0x00000000c0a30000, 0x00000000d5550000)
  eden space 8384K, 100% used [0x00000000c0000000, 0x00000000c0830000, 0x00000000c0830000)
  from space 1024K,  27% used [0x00000000c0930000, 0x00000000c0975240, 0x00000000c0a30000)
  to   space 1024K,   0% used [0x00000000c0830000, 0x00000000c0830000, 0x00000000c0930000)
 tenured generation   total 20808K, used 18825K [0x00000000d5550000, 0x00000000d69a2000, 0x0000000100000000)
   the space 20808K,  90% used [0x00000000d5550000, 0x00000000d67b2670, 0x00000000d67b2800, 0x00000000d69a2000)
 Metaspace       used 60005K, capacity 60360K, committed 60544K, reserved 1101824K
  class space    used 8125K, capacity 8221K, committed 8320K, reserved 1048576K
Event: 29781.956 GC heap after
Heap after GC invocations=181 (full 20):
 def new generation   total 9408K, used 267K [0x00000000c0000000, 0x00000000c0a30000, 0x00000000d5550000)
  eden space 8384K,   0% used [0x00000000c0000000, 0x00000000c0000000, 0x00000000c0830000)
  from space 1024K,  26% used [0x00000000c0830000, 0x00000000c0872c58, 0x00000000c0930000)
  to   space 1024K,   0% used [0x00000000c0930000, 0x00000000c0930000, 0x00000000c0a30000)
 tenured generation   total 20808K, used 19859K [0x00000000d5550000, 0x00000000d69a2000, 0x0000000100000000)
   the space 20808K,  95% used [0x00000000d5550000, 0x00000000d68b4e70, 0x00000000d68b5000, 0x00000000d69a2000)
 Metaspace       used 60005K, capacity 60360K, committed 60544K, reserved 1101824K
  class space    used 8125K, capacity 8221K, committed 8320K, reserved 1048576K
}
Event: 29782.453 GC heap before
{Heap before GC invocations=181 (full 20):
 def new generation   total 9408K, used 8651K [0x00000000c0000000, 0x00000000c0a30000, 0x00000000d5550000)
  eden space 8384K, 100% used [0x00000000c0000000, 0x00000000c0830000, 0x00000000c0830000)
  from space 1024K,  26% used [0x00000000c0830000, 0x00000000c0872c58, 0x00000000c0930000)
  to   space 1024K,   0% used [0x00000000c0930000, 0x00000000c0930000, 0x00000000c0a30000)
 tenured generation   total 20808K, used 19859K [0x00000000d5550000, 0x00000000d69a2000, 0x0000000100000000)
   the space 20808K,  95% used [0x00000000d5550000, 0x00000000d68b4e70, 0x00000000d68b5000, 0x00000000d69a2000)
 Metaspace       used 60010K, capacity 60360K, committed 60544K, reserved 1101824K
  class space    used 8125K, capacity 8221K, committed 8320K, reserved 1048576K
Event: 29782.456 GC heap after
Heap after GC invocations=182 (full 20):
 def new generation   total 9408K, used 265K [0x00000000c0000000, 0x00000000c0a30000, 0x00000000d5550000)
  eden space 8384K,   0% used [0x00000000c0000000, 0x00000000c0000000, 0x00000000c0830000)
  from space 1024K,  25% used [0x00000000c0930000, 0x00000000c0972588, 0x00000000c0a30000)
  to   space 1024K,   0% used [0x00000000c0830000, 0x00000000c0830000, 0x00000000c0930000)
 tenured generation   total 20808K, used 19861K [0x00000000d5550000, 0x00000000d69a2000, 0x0000000100000000)
   the space 20808K,  95% used [0x00000000d5550000, 0x00000000d68b5630, 0x00000000d68b5800, 0x00000000d69a2000)
 Metaspace       used 60010K, capacity 60360K, committed 60544K, reserved 1101824K
  class space    used 8125K, capacity 8221K, committed 8320K, reserved 1048576K
}
Event: 29782.970 GC heap before
{Heap before GC invocations=182 (full 20):
 def new generation   total 9408K, used 8649K [0x00000000c0000000, 0x00000000c0a30000, 0x00000000d5550000)
  eden space 8384K, 100% used [0x00000000c0000000, 0x00000000c0830000, 0x00000000c0830000)
  from space 1024K,  25% used [0x00000000c0930000, 0x00000000c0972588, 0x00000000c0a30000)
  to   space 1024K,   0% used [0x00000000c0830000, 0x00000000c0830000, 0x00000000c0930000)
 tenured generation   total 20808K, used 19861K [0x00000000d5550000, 0x00000000d69a2000, 0x0000000100000000)
   the space 20808K,  95% used [0x00000000d5550000, 0x00000000d68b5630, 0x00000000d68b5800, 0x00000000d69a2000)
 Metaspace       used 60016K, capacity 60360K, committed 60544K, reserved 1101824K
  class space    used 8125K, capacity 8221K, committed 8320K, reserved 1048576K
Event: 29782.973 GC heap after
Heap after GC invocations=183 (full 20):
 def new generation   total 9408K, used 264K [0x00000000c0000000, 0x00000000c0a30000, 0x00000000d5550000)
  eden space 8384K,   0% used [0x00000000c0000000, 0x00000000c0000000, 0x00000000c0830000)
  from space 1024K,  25% used [0x00000000c0830000, 0x00000000c0872148, 0x00000000c0930000)
  to   space 1024K,   0% used [0x00000000c0930000, 0x00000000c0930000, 0x00000000c0a30000)
 tenured generation   total 20808K, used 19862K [0x00000000d5550000, 0x00000000d69a2000, 0x0000000100000000)
   the space 20808K,  95% used [0x00000000d5550000, 0x00000000d68b59a8, 0x00000000d68b5a00, 0x00000000d69a2000)
 Metaspace       used 60016K, capacity 60360K, committed 60544K, reserved 1101824K
  class space    used 8125K, capacity 8221K, committed 8320K, reserved 1048576K
}
Event: 29783.541 GC heap before
{Heap before GC invocations=183 (full 20):
 def new generation   total 9408K, used 8648K [0x00000000c0000000, 0x00000000c0a30000, 0x00000000d5550000)
  eden space 8384K, 100% used [0x00000000c0000000, 0x00000000c0830000, 0x00000000c0830000)
  from space 1024K,  25% used [0x00000000c0830000, 0x00000000c0872148, 0x00000000c0930000)
  to   space 1024K,   0% used [0x00000000c0930000, 0x00000000c0930000, 0x00000000c0a30000)
 tenured generation   total 20808K, used 19862K [0x00000000d5550000, 0x00000000d69a2000, 0x0000000100000000)
   the space 20808K,  95% used [0x00000000d5550000, 0x00000000d68b59a8, 0x00000000d68b5a00, 0x00000000d69a2000)
 Metaspace       used 60020K, capacity 60360K, committed 60544K, reserved 1101824K
  class space    used 8125K, capacity 8221K, committed 8320K, reserved 1048576K
Event: 29783.678 GC heap after
Heap after GC invocations=184 (full 21):
 def new generation   total 14080K, used 0K [0x00000000c0000000, 0x00000000c0f40000, 0x00000000d5550000)
  eden space 12544K,   0% used [0x00000000c0000000, 0x00000000c0000000, 0x00000000c0c40000)
  from space 1536K,   0% used [0x00000000c0c40000, 0x00000000c0c40000, 0x00000000c0dc0000)
  to   space 1536K,   0% used [0x00000000c0dc0000, 0x00000000c0dc0000, 0x00000000c0f40000)
 tenured generation   total 31108K, used 18662K [0x00000000d5550000, 0x00000000d73b1000, 0x0000000100000000)
   the space 31108K,  59% used [0x00000000d5550000, 0x00000000d6789bf0, 0x00000000d6789c00, 0x00000000d73b1000)
 Metaspace       used 60020K, capacity 60360K, committed 60544K, reserved 1101824K
  class space    used 8125K, capacity 8221K, committed 8320K, reserved 1048576K
}
Event: 29784.415 GC heap before
{Heap before GC invocations=184 (full 21):
 def new generation   total 14080K, used 12028K [0x00000000c0000000, 0x00000000c0f40000, 0x00000000d5550000)
  eden space 12544K,  95% used [0x00000000c0000000, 0x00000000c0bbf2a0, 0x00000000c0c40000)
  from space 1536K,   0% used [0x00000000c0c40000, 0x00000000c0c40000, 0x00000000c0dc0000)
  to   space 1536K,   0% used [0x00000000c0dc0000, 0x00000000c0dc0000, 0x00000000c0f40000)
 tenured generation   total 31108K, used 18662K [0x00000000d5550000, 0x00000000d73b1000, 0x0000000100000000)
   the space 31108K,  59% used [0x00000000d5550000, 0x00000000d6789bf0, 0x00000000d6789c00, 0x00000000d73b1000)
 Metaspace       used 60022K, capacity 60360K, committed 60544K, reserved 1101824K
  class space    used 8125K, capacity 8221K, committed 8320K, reserved 1048576K
Event: 29784.418 GC heap after
Heap after GC invocations=185 (full 21):
 def new generation   total 14080K, used 93K [0x00000000c0000000, 0x00000000c0f40000, 0x00000000d5550000)
  eden space 12544K,   0% used [0x00000000c0000000, 0x00000000c0000000, 0x00000000c0c40000)
  from space 1536K,   6% used [0x00000000c0dc0000, 0x00000000c0dd7548, 0x00000000c0f40000)
  to   space 1536K,   0% used [0x00000000c0c40000, 0x00000000c0c40000, 0x00000000c0dc0000)
 tenured generation   total 31108K, used 18662K [0x00000000d5550000, 0x00000000d73b1000, 0x0000000100000000)
   the space 31108K,  59% used [0x00000000d5550000, 0x00000000d6789bf0, 0x00000000d6789c00, 0x00000000d73b1000)
 Metaspace       used 60022K, capacity 60360K, committed 60544K, reserved 1101824K
  class space    used 8125K, capacity 8221K, committed 8320K, reserved 1048576K
}
Event: 29785.084 GC heap before
{Heap before GC invocations=185 (full 21):
 def new generation   total 14080K, used 12637K [0x00000000c0000000, 0x00000000c0f40000, 0x00000000d5550000)
  eden space 12544K, 100% used [0x00000000c0000000, 0x00000000c0c40000, 0x00000000c0c40000)
  from space 1536K,   6% used [0x00000000c0dc0000, 0x00000000c0dd7548, 0x00000000c0f40000)
  to   space 1536K,   0% used [0x00000000c0c40000, 0x00000000c0c40000, 0x00000000c0dc0000)
 tenured generation   total 31108K, used 18662K [0x00000000d5550000, 0x00000000d73b1000, 0x0000000100000000)
   the space 31108K,  59% used [0x00000000d5550000, 0x00000000d6789bf0, 0x00000000d6789c00, 0x00000000d73b1000)
 Metaspace       used 60024K, capacity 60360K, committed 60544K, reserved 1101824K
  class space    used 8125K, capacity 8221K, committed 8320K, reserved 1048576K
Event: 29785.087 GC heap after
Heap after GC invocations=186 (full 21):
 def new generation   total 14080K, used 1123K [0x00000000c0000000, 0x00000000c0f40000, 0x00000000d5550000)
  eden space 12544K,   0% used [0x00000000c0000000, 0x00000000c0000000, 0x00000000c0c40000)
  from space 1536K,  73% used [0x00000000c0c40000, 0x00000000c0d58c80, 0x00000000c0dc0000)
  to   space 1536K,   0% used [0x00000000c0dc0000, 0x00000000c0dc0000, 0x00000000c0f40000)
 tenured generation   total 31108K, used 18662K [0x00000000d5550000, 0x00000000d73b1000, 0x0000000100000000)
   the space 31108K,  59% used [0x00000000d5550000, 0x00000000d6789bf0, 0x00000000d6789c00, 0x00000000d73b1000)
 Metaspace       used 60024K, capacity 60360K, committed 60544K, reserved 1101824K
  class space    used 8125K, capacity 8221K, committed 8320K, reserved 1048576K
}
Event: 29785.802 GC heap before
{Heap before GC invocations=186 (full 21):
 def new generation   total 14080K, used 13667K [0x00000000c0000000, 0x00000000c0f40000, 0x00000000d5550000)
  eden space 12544K, 100% used [0x00000000c0000000, 0x00000000c0c40000, 0x00000000c0c40000)
  from space 1536K,  73% used [0x00000000c0c40000, 0x00000000c0d58c80, 0x00000000c0dc0000)
  to   space 1536K,   0% used [0x00000000c0dc0000, 0x00000000c0dc0000, 0x00000000c0f40000)
 tenured generation   total 31108K, used 18662K [0x00000000d5550000, 0x00000000d73b1000, 0x0000000100000000)
   the space 31108K,  59% used [0x00000000d5550000, 0x00000000d6789bf0, 0x00000000d6789c00, 0x00000000d73b1000)
 Metaspace       used 60031K, capacity 60424K, committed 60800K, reserved 1101824K
  class space    used 8125K, capacity 8221K, committed 8320K, reserved 1048576K
Event: 29785.805 GC heap after
Heap after GC invocations=187 (full 21):
 def new generation   total 14080K, used 1117K [0x00000000c0000000, 0x00000000c0f40000, 0x00000000d5550000)
  eden space 12544K,   0% used [0x00000000c0000000, 0x00000000c0000000, 0x00000000c0c40000)
  from space 1536K,  72% used [0x00000000c0dc0000, 0x00000000c0ed7540, 0x00000000c0f40000)
  to   space 1536K,   0% used [0x00000000c0c40000, 0x00000000c0c40000, 0x00000000c0dc0000)
 tenured generation   total 31108K, used 19692K [0x00000000d5550000, 0x00000000d73b1000, 0x0000000100000000)
   the space 31108K,  63% used [0x00000000d5550000, 0x00000000d688b350, 0x00000000d688b400, 0x00000000d73b1000)
 Metaspace       used 60031K, capacity 60424K, committed 60800K, reserved 1101824K
  class space    used 8125K, capacity 8221K, committed 8320K, reserved 1048576K
}
Event: 29786.600 GC heap before
{Heap before GC invocations=187 (full 21):
 def new generation   total 14080K, used 13661K [0x00000000c0000000, 0x00000000c0f40000, 0x00000000d5550000)
  eden space 12544K, 100% used [0x00000000c0000000, 0x00000000c0c40000, 0x00000000c0c40000)
  from space 1536K,  72% used [0x00000000c0dc0000, 0x00000000c0ed7540, 0x00000000c0f40000)
  to   space 1536K,   0% used [0x00000000c0c40000, 0x00000000c0c40000, 0x00000000c0dc0000)
 tenured generation   total 31108K, used 19692K [0x00000000d5550000, 0x00000000d73b1000, 0x0000000100000000)
   the space 31108K,  63% used [0x00000000d5550000, 0x00000000d688b350, 0x00000000d688b400, 0x00000000d73b1000)
 Metaspace       used 60032K, capacity 60424K, committed 60800K, reserved 1101824K
  class space    used 8125K, capacity 8221K, committed 8320K, reserved 1048576K
Event: 29786.602 GC heap after
Heap after GC invocations=188 (full 21):
 def new generation   total 14080K, used 93K [0x00000000c0000000, 0x00000000c0f40000, 0x00000000d5550000)
  eden space 12544K,   0% used [0x00000000c0000000, 0x00000000c0000000, 0x00000000c0c40000)
  from space 1536K,   6% used [0x00000000c0c40000, 0x00000000c0c575b8, 0x00000000c0dc0000)
  to   space 1536K,   0% used [0x00000000c0dc0000, 0x00000000c0dc0000, 0x00000000c0f40000)
 tenured generation   total 31108K, used 20716K [0x00000000d5550000, 0x00000000d73b1000, 0x0000000100000000)
   the space 31108K,  66% used [0x00000000d5550000, 0x00000000d698b390, 0x00000000d698b400, 0x00000000d73b1000)
 Metaspace       used 60032K, capacity 60424K, committed 60800K, reserved 1101824K
  class space    used 8125K, capacity 8221K, committed 8320K, reserved 1048576K
}
Event: 29787.330 GC heap before
{Heap before GC invocations=188 (full 21):
 def new generation   total 14080K, used 12637K [0x00000000c0000000, 0x00000000c0f40000, 0x00000000d5550000)
  eden space 12544K, 100% used [0x00000000c0000000, 0x00000000c0c40000, 0x00000000c0c40000)
  from space 1536K,   6% used [0x00000000c0c40000, 0x00000000c0c575b8, 0x00000000c0dc0000)
  to   space 1536K,   0% used [0x00000000c0dc0000, 0x00000000c0dc0000, 0x00000000c0f40000)
 tenured generation   total 31108K, used 20716K [0x00000000d5550000, 0x00000000d73b1000, 0x0000000100000000)
   the space 31108K,  66% used [0x00000000d5550000, 0x00000000d698b390, 0x00000000d698b400, 0x00000000d73b1000)
 Metaspace       used 60032K, capacity 60424K, committed 60800K, reserved 1101824K
  class space    used 8125K, capacity 8221K, committed 8320K, reserved 1048576K
Event: 29787.332 GC heap after
Heap after GC invocations=189 (full 21):
 def new generation   total 14080K, used 1117K [0x00000000c0000000, 0x00000000c0f40000, 0x00000000d5550000)
  eden space 12544K,   0% used [0x00000000c0000000, 0x00000000c0000000, 0x00000000c0c40000)
  from space 1536K,  72% used [0x00000000c0dc0000, 0x00000000c0ed7720, 0x00000000c0f40000)
  to   space 1536K,   0% used [0x00000000c0c40000, 0x00000000c0c40000, 0x00000000c0dc0000)
 tenured generation   total 31108K, used 20716K [0x00000000d5550000, 0x00000000d73b1000, 0x0000000100000000)
   the space 31108K,  66% used [0x00000000d5550000, 0x00000000d698b390, 0x00000000d698b400, 0x00000000d73b1000)
 Metaspace       used 60032K, capacity 60424K, committed 60800K, reserved 1101824K
  class space    used 8125K, capacity 8221K, committed 8320K, reserved 1048576K
}
Event: 29788.230 GC heap before
{Heap before GC invocations=189 (full 21):
 def new generation   total 14080K, used 13606K [0x00000000c0000000, 0x00000000c0f40000, 0x00000000d5550000)
  eden space 12544K,  99% used [0x00000000c0000000, 0x00000000c0c32250, 0x00000000c0c40000)
  from space 1536K,  72% used [0x00000000c0dc0000, 0x00000000c0ed7720, 0x00000000c0f40000)
  to   space 1536K,   0% used [0x00000000c0c40000, 0x00000000c0c40000, 0x00000000c0dc0000)
 tenured generation   total 31108K, used 20716K [0x00000000d5550000, 0x00000000d73b1000, 0x0000000100000000)
   the space 31108K,  66% used [0x00000000d5550000, 0x00000000d698b390, 0x00000000d698b400, 0x00000000d73b1000)
 Metaspace       used 60032K, capacity 60424K, committed 60800K, reserved 1101824K
  class space    used 8125K, capacity 8221K, committed 8320K, reserved 1048576K
Event: 29788.233 GC heap after
Heap after GC invocations=190 (full 21):
 def new generation   total 14080K, used 1024K [0x00000000c0000000, 0x00000000c0f40000, 0x00000000d5550000)
  eden space 12544K,   0% used [0x00000000c0000000, 0x00000000c0000000, 0x00000000c0c40000)
  from space 1536K,  66% used [0x00000000c0c40000, 0x00000000c0d40388, 0x00000000c0dc0000)
  to   space 1536K,   0% used [0x00000000c0dc0000, 0x00000000c0dc0000, 0x00000000c0f40000)
 tenured generation   total 31108K, used 21740K [0x00000000d5550000, 0x00000000d73b1000, 0x0000000100000000)
   the space 31108K,  69% used [0x00000000d5550000, 0x00000000d6a8b3e8, 0x00000000d6a8b400, 0x00000000d73b1000)
 Metaspace       used 60032K, capacity 60424K, committed 60800K, reserved 1101824K
  class space    used 8125K, capacity 8221K, committed 8320K, reserved 1048576K
}
Event: 29789.062 GC heap before
{Heap before GC invocations=190 (full 21):
 def new generation   total 14080K, used 13568K [0x00000000c0000000, 0x00000000c0f40000, 0x00000000d5550000)
  eden space 12544K, 100% used [0x00000000c0000000, 0x00000000c0c40000, 0x00000000c0c40000)
  from space 1536K,  66% used [0x00000000c0c40000, 0x00000000c0d40388, 0x00000000c0dc0000)
  to   space 1536K,   0% used [0x00000000c0dc0000, 0x00000000c0dc0000, 0x00000000c0f40000)
 tenured generation   total 31108K, used 21740K [0x00000000d5550000, 0x00000000d73b1000, 0x0000000100000000)
   the space 31108K,  69% used [0x00000000d5550000, 0x00000000d6a8b3e8, 0x00000000d6a8b400, 0x00000000d73b1000)
 Metaspace       used 60035K, capacity 60424K, committed 60800K, reserved 1101824K
  class space    used 8125K, capacity 8221K, committed 8320K, reserved 1048576K
Event: 29789.065 GC heap after
Heap after GC invocations=191 (full 21):
 def new generation   total 14080K, used 0K [0x00000000c0000000, 0x00000000c0f40000, 0x00000000d5550000)
  eden space 12544K,   0% used [0x00000000c0000000, 0x00000000c0000000, 0x00000000c0c40000)
  from space 1536K,   0% used [0x00000000c0dc0000, 0x00000000c0dc0228, 0x00000000c0f40000)
  to   space 1536K,   0% used [0x00000000c0c40000, 0x00000000c0c40000, 0x00000000c0dc0000)
 tenured generation   total 31108K, used 22765K [0x00000000d5550000, 0x00000000d73b1000, 0x0000000100000000)
   the space 31108K,  73% used [0x00000000d5550000, 0x00000000d6b8b548, 0x00000000d6b8b600, 0x00000000d73b1000)
 Metaspace       used 60035K, capacity 60424K, committed 60800K, reserved 1101824K
  class space    used 8125K, capacity 8221K, committed 8320K, reserved 1048576K
}
Event: 29789.815 GC heap before
{Heap before GC invocations=191 (full 21):
 def new generation   total 14080K, used 12544K [0x00000000c0000000, 0x00000000c0f40000, 0x00000000d5550000)
  eden space 12544K, 100% used [0x00000000c0000000, 0x00000000c0c40000, 0x00000000c0c40000)
  from space 1536K,   0% used [0x00000000c0dc0000, 0x00000000c0dc0228, 0x00000000c0f40000)
  to   space 1536K,   0% used [0x00000000c0c40000, 0x00000000c0c40000, 0x00000000c0dc0000)
 tenured generation   total 31108K, used 22765K [0x00000000d5550000, 0x00000000d73b1000, 0x0000000100000000)
   the space 31108K,  73% used [0x00000000d5550000, 0x00000000d6b8b548, 0x00000000d6b8b600, 0x00000000d73b1000)
 Metaspace       used 60044K, capacity 60424K, committed 60800K, reserved 1101824K
  class space    used 8125K, capacity 8221K, committed 8320K, reserved 1048576K
Event: 29789.817 GC heap after
Heap after GC invocations=192 (full 21):
 def new generation   total 14080K, used 1118K [0x00000000c0000000, 0x00000000c0f40000, 0x00000000d5550000)
  eden space 12544K,   0% used [0x00000000c0000000, 0x00000000c0000000, 0x00000000c0c40000)
  from space 1536K,  72% used [0x00000000c0c40000, 0x00000000c0d57ab0, 0x00000000c0dc0000)
  to   space 1536K,   0% used [0x00000000c0dc0000, 0x00000000c0dc0000, 0x00000000c0f40000)
 tenured generation   total 31108K, used 22765K [0x00000000d5550000, 0x00000000d73b1000, 0x0000000100000000)
   the space 31108K,  73% used [0x00000000d5550000, 0x00000000d6b8b548, 0x00000000d6b8b600, 0x00000000d73b1000)
 Metaspace       used 60044K, capacity 60424K, committed 60800K, reserved 1101824K
  class space    used 8125K, capacity 8221K, committed 8320K, reserved 1048576K
}
Event: 29790.674 GC heap before
{Heap before GC invocations=192 (full 21):
 def new generation   total 14080K, used 13662K [0x00000000c0000000, 0x00000000c0f40000, 0x00000000d5550000)
  eden space 12544K, 100% used [0x00000000c0000000, 0x00000000c0c40000, 0x00000000c0c40000)
  from space 1536K,  72% used [0x00000000c0c40000, 0x00000000c0d57ab0, 0x00000000c0dc0000)
  to   space 1536K,   0% used [0x00000000c0dc0000, 0x00000000c0dc0000, 0x00000000c0f40000)
 tenured generation   total 31108K, used 22765K [0x00000000d5550000, 0x00000000d73b1000, 0x0000000100000000)
   the space 31108K,  73% used [0x00000000d5550000, 0x00000000d6b8b548, 0x00000000d6b8b600, 0x00000000d73b1000)
 Metaspace       used 60044K, capacity 60424K, committed 60800K, reserved 1101824K
  class space    used 8125K, capacity 8221K, committed 8320K, reserved 1048576K
Event: 29790.677 GC heap after
Heap after GC invocations=193 (full 21):
 def new generation   total 14080K, used 93K [0x00000000c0000000, 0x00000000c0f40000, 0x00000000d5550000)
  eden space 12544K,   0% used [0x00000000c0000000, 0x00000000c0000000, 0x00000000c0c40000)
  from space 1536K,   6% used [0x00000000c0dc0000, 0x00000000c0dd7578, 0x00000000c0f40000)
  to   space 1536K,   0% used [0x00000000c0c40000, 0x00000000c0c40000, 0x00000000c0dc0000)
 tenured generation   total 31108K, used 23789K [0x00000000d5550000, 0x00000000d73b1000, 0x0000000100000000)
   the space 31108K,  76% used [0x00000000d5550000, 0x00000000d6c8b610, 0x00000000d6c8b800, 0x00000000d73b1000)
 Metaspace       used 60044K, capacity 60424K, committed 60800K, reserved 1101824K
  class space    used 8125K, capacity 8221K, committed 8320K, reserved 1048576K
}
Event: 29791.454 GC heap before
{Heap before GC invocations=193 (full 21):
 def new generation   total 14080K, used 12637K [0x00000000c0000000, 0x00000000c0f40000, 0x00000000d5550000)
  eden space 12544K, 100% used [0x00000000c0000000, 0x00000000c0c40000, 0x00000000c0c40000)
  from space 1536K,   6% used [0x00000000c0dc0000, 0x00000000c0dd7578, 0x00000000c0f40000)
  to   space 1536K,   0% used [0x00000000c0c40000, 0x00000000c0c40000, 0x00000000c0dc0000)
 tenured generation   total 31108K, used 23789K [0x00000000d5550000, 0x00000000d73b1000, 0x0000000100000000)
   the space 31108K,  76% used [0x00000000d5550000, 0x00000000d6c8b610, 0x00000000d6c8b800, 0x00000000d73b1000)
 Metaspace       used 60044K, capacity 60424K, committed 60800K, reserved 1101824K
  class space    used 8125K, capacity 8221K, committed 8320K, reserved 1048576K
Event: 29791.457 GC heap after
Heap after GC invocations=194 (full 21):
 def new generation   total 14080K, used 1116K [0x00000000c0000000, 0x00000000c0f40000, 0x00000000d5550000)
  eden space 12544K,   0% used [0x00000000c0000000, 0x00000000c0000000, 0x00000000c0c40000)
  from space 1536K,  72% used [0x00000000c0c40000, 0x00000000c0d57318, 0x00000000c0dc0000)
  to   space 1536K,   0% used [0x00000000c0dc0000, 0x00000000c0dc0000, 0x00000000c0f40000)
 tenured generation   total 31108K, used 23789K [0x00000000d5550000, 0x00000000d73b1000, 0x0000000100000000)
   the space 31108K,  76% used [0x00000000d5550000, 0x00000000d6c8b610, 0x00000000d6c8b800, 0x00000000d73b1000)
 Metaspace       used 60044K, capacity 60424K, committed 60800K, reserved 1101824K
  class space    used 8125K, capacity 8221K, committed 8320K, reserved 1048576K
}
Event: 29792.208 GC heap before
{Heap before GC invocations=194 (full 21):
 def new generation   total 14080K, used 13660K [0x00000000c0000000, 0x00000000c0f40000, 0x00000000d5550000)
  eden space 12544K, 100% used [0x00000000c0000000, 0x00000000c0c40000, 0x00000000c0c40000)
  from space 1536K,  72% used [0x00000000c0c40000, 0x00000000c0d57318, 0x00000000c0dc0000)
  to   space 1536K,   0% used [0x00000000c0dc0000, 0x00000000c0dc0000, 0x00000000c0f40000)
 tenured generation   total 31108K, used 23789K [0x00000000d5550000, 0x00000000d73b1000, 0x0000000100000000)
   the space 31108K,  76% used [0x00000000d5550000, 0x00000000d6c8b610, 0x00000000d6c8b800, 0x00000000d73b1000)
 Metaspace       used 60045K, capacity 60424K, committed 60800K, reserved 1101824K
  class space    used 8125K, capacity 8221K, committed 8320K, reserved 1048576K
Event: 29792.211 GC heap after
Heap after GC invocations=195 (full 21):
 def new generation   total 14080K, used 1116K [0x00000000c0000000, 0x00000000c0f40000, 0x00000000d5550000)
  eden space 12544K,   0% used [0x00000000c0000000, 0x00000000c0000000, 0x00000000c0c40000)
  from space 1536K,  72% used [0x00000000c0dc0000, 0x00000000c0ed71b8, 0x00000000c0f40000)
  to   space 1536K,   0% used [0x00000000c0c40000, 0x00000000c0c40000, 0x00000000c0dc0000)
 tenured generation   total 31108K, used 24813K [0x00000000d5550000, 0x00000000d73b1000, 0x0000000100000000)
   the space 31108K,  79% used [0x00000000d5550000, 0x00000000d6d8b668, 0x00000000d6d8b800, 0x00000000d73b1000)
 Metaspace       used 60045K, capacity 60424K, committed 60800K, reserved 1101824K
  class space    used 8125K, capacity 8221K, committed 8320K, reserved 1048576K
}
Event: 29793.056 GC heap before
{Heap before GC invocations=195 (full 21):
 def new generation   total 14080K, used 13660K [0x00000000c0000000, 0x00000000c0f40000, 0x00000000d5550000)
  eden space 12544K, 100% used [0x00000000c0000000, 0x00000000c0c40000, 0x00000000c0c40000)
  from space 1536K,  72% used [0x00000000c0dc0000, 0x00000000c0ed71b8, 0x00000000c0f40000)
  to   space 1536K,   0% used [0x00000000c0c40000, 0x00000000c0c40000, 0x00000000c0dc0000)
 tenured generation   total 31108K, used 24813K [0x00000000d5550000, 0x00000000d73b1000, 0x0000000100000000)
   the space 31108K,  79% used [0x00000000d5550000, 0x00000000d6d8b668, 0x00000000d6d8b800, 0x00000000d73b1000)
 Metaspace       used 60058K, capacity 60424K, committed 60800K, reserved 1101824K
  class space    used 8125K, capacity 8221K, committed 8320K, reserved 1048576K
Event: 29793.059 GC heap after
Heap after GC invocations=196 (full 21):
 def new generation   total 14080K, used 92K [0x00000000c0000000, 0x00000000c0f40000, 0x00000000d5550000)
  eden space 12544K,   0% used [0x00000000c0000000, 0x00000000c0000000, 0x00000000c0c40000)
  from space 1536K,   6% used [0x00000000c0c40000, 0x00000000c0c57208, 0x00000000c0dc0000)
  to   space 1536K,   0% used [0x00000000c0dc0000, 0x00000000c0dc0000, 0x00000000c0f40000)
 tenured generation   total 31108K, used 25837K [0x00000000d5550000, 0x00000000d73b1000, 0x0000000100000000)
   the space 31108K,  83% used [0x00000000d5550000, 0x00000000d6e8b6a8, 0x00000000d6e8b800, 0x00000000d73b1000)
 Metaspace       used 60058K, capacity 60424K, committed 60800K, reserved 1101824K
  class space    used 8125K, capacity 8221K, committed 8320K, reserved 1048576K
}
Event: 29793.922 GC heap before
{Heap before GC invocations=196 (full 21):
 def new generation   total 14080K, used 12636K [0x00000000c0000000, 0x00000000c0f40000, 0x00000000d5550000)
  eden space 12544K, 100% used [0x00000000c0000000, 0x00000000c0c40000, 0x00000000c0c40000)
  from space 1536K,   6% used [0x00000000c0c40000, 0x00000000c0c57208, 0x00000000c0dc0000)
  to   space 1536K,   0% used [0x00000000c0dc0000, 0x00000000c0dc0000, 0x00000000c0f40000)
 tenured generation   total 31108K, used 25837K [0x00000000d5550000, 0x00000000d73b1000, 0x0000000100000000)
   the space 31108K,  83% used [0x00000000d5550000, 0x00000000d6e8b6a8, 0x00000000d6e8b800, 0x00000000d73b1000)
 Metaspace       used 60060K, capacity 60424K, committed 60800K, reserved 1101824K
  class space    used 8125K, capacity 8221K, committed 8320K, reserved 1048576K
Event: 29793.924 GC heap after
Heap after GC invocations=197 (full 21):
 def new generation   total 14080K, used 1117K [0x00000000c0000000, 0x00000000c0f40000, 0x00000000d5550000)
  eden space 12544K,   0% used [0x00000000c0000000, 0x00000000c0000000, 0x00000000c0c40000)
  from space 1536K,  72% used [0x00000000c0dc0000, 0x00000000c0ed74e8, 0x00000000c0f40000)
  to   space 1536K,   0% used [0x00000000c0c40000, 0x00000000c0c40000, 0x00000000c0dc0000)
 tenured generation   total 31108K, used 25837K [0x00000000d5550000, 0x00000000d73b1000, 0x0000000100000000)
   the space 31108K,  83% used [0x00000000d5550000, 0x00000000d6e8b6a8, 0x00000000d6e8b800, 0x00000000d73b1000)
 Metaspace       used 60060K, capacity 60424K, committed 60800K, reserved 1101824K
  class space    used 8125K, capacity 8221K, committed 8320K, reserved 1048576K
}
Event: 29794.773 GC heap before
{Heap before GC invocations=197 (full 21):
 def new generation   total 14080K, used 13545K [0x00000000c0000000, 0x00000000c0f40000, 0x00000000d5550000)
  eden space 12544K,  99% used [0x00000000c0000000, 0x00000000c0c231d0, 0x00000000c0c40000)
  from space 1536K,  72% used [0x00000000c0dc0000, 0x00000000c0ed74e8, 0x00000000c0f40000)
  to   space 1536K,   0% used [0x00000000c0c40000, 0x00000000c0c40000, 0x00000000c0dc0000)
 tenured generation   total 31108K, used 25837K [0x00000000d5550000, 0x00000000d73b1000, 0x0000000100000000)
   the space 31108K,  83% used [0x00000000d5550000, 0x00000000d6e8b6a8, 0x00000000d6e8b800, 0x00000000d73b1000)
 Metaspace       used 60060K, capacity 60424K, committed 60800K, reserved 1101824K
  class space    used 8125K, capacity 8221K, committed 8320K, reserved 1048576K
Event: 29794.775 GC heap after
Heap after GC invocations=198 (full 21):
 def new generation   total 14080K, used 92K [0x00000000c0000000, 0x00000000c0f40000, 0x00000000d5550000)
  eden space 12544K,   0% used [0x00000000c0000000, 0x00000000c0000000, 0x00000000c0c40000)
  from space 1536K,   6% used [0x00000000c0c40000, 0x00000000c0c573b8, 0x00000000c0dc0000)
  to   space 1536K,   0% used [0x00000000c0dc0000, 0x00000000c0dc0000, 0x00000000c0f40000)
 tenured generation   total 31108K, used 26862K [0x00000000d5550000, 0x00000000d73b1000, 0x0000000100000000)
   the space 31108K,  86% used [0x00000000d5550000, 0x00000000d6f8b938, 0x00000000d6f8ba00, 0x00000000d73b1000)
 Metaspace       used 60060K, capacity 60424K, committed 60800K, reserved 1101824K
  class space    used 8125K, capacity 8221K, committed 8320K, reserved 1048576K
}
Event: 29795.603 GC heap before
{Heap before GC invocations=198 (full 21):
 def new generation   total 14080K, used 12636K [0x00000000c0000000, 0x00000000c0f40000, 0x00000000d5550000)
  eden space 12544K, 100% used [0x00000000c0000000, 0x00000000c0c40000, 0x00000000c0c40000)
  from space 1536K,   6% used [0x00000000c0c40000, 0x00000000c0c573b8, 0x00000000c0dc0000)
  to   space 1536K,   0% used [0x00000000c0dc0000, 0x00000000c0dc0000, 0x00000000c0f40000)
 tenured generation   total 31108K, used 26862K [0x00000000d5550000, 0x00000000d73b1000, 0x0000000100000000)
   the space 31108K,  86% used [0x00000000d5550000, 0x00000000d6f8b938, 0x00000000d6f8ba00, 0x00000000d73b1000)
 Metaspace       used 60085K, capacity 60424K, committed 60800K, reserved 1101824K
  class space    used 8125K, capacity 8221K, committed 8320K, reserved 1048576K
Event: 29795.606 GC heap after
Heap after GC invocations=199 (full 21):
 def new generation   total 14080K, used 1122K [0x00000000c0000000, 0x00000000c0f40000, 0x00000000d5550000)
  eden space 12544K,   0% used [0x00000000c0000000, 0x00000000c0000000, 0x00000000c0c40000)
  from space 1536K,  73% used [0x00000000c0dc0000, 0x00000000c0ed8be0, 0x00000000c0f40000)
  to   space 1536K,   0% used [0x00000000c0c40000, 0x00000000c0c40000, 0x00000000c0dc0000)
 tenured generation   total 31108K, used 26862K [0x00000000d5550000, 0x00000000d73b1000, 0x0000000100000000)
   the space 31108K,  86% used [0x00000000d5550000, 0x00000000d6f8b938, 0x00000000d6f8ba00, 0x00000000d73b1000)
 Metaspace       used 60085K, capacity 60424K, committed 60800K, reserved 1101824K
  class space    used 8125K, capacity 8221K, committed 8320K, reserved 1048576K
}
Event: 29796.351 GC heap before
{Heap before GC invocations=199 (full 21):
 def new generation   total 14080K, used 13666K [0x00000000c0000000, 0x00000000c0f40000, 0x00000000d5550000)
  eden space 12544K, 100% used [0x00000000c0000000, 0x00000000c0c40000, 0x00000000c0c40000)
  from space 1536K,  73% used [0x00000000c0dc0000, 0x00000000c0ed8be0, 0x00000000c0f40000)
  to   space 1536K,   0% used [0x00000000c0c40000, 0x00000000c0c40000, 0x00000000c0dc0000)
 tenured generation   total 31108K, used 26862K [0x00000000d5550000, 0x00000000d73b1000, 0x0000000100000000)
   the space 31108K,  86% used [0x00000000d5550000, 0x00000000d6f8b938, 0x00000000d6f8ba00, 0x00000000d73b1000)
 Metaspace       used 60085K, capacity 60424K, committed 60800K, reserved 1101824K
  class space    used 8125K, capacity 8221K, committed 8320K, reserved 1048576K
Event: 29796.354 GC heap after
Heap after GC invocations=200 (full 21):
 def new generation   total 14080K, used 1117K [0x00000000c0000000, 0x00000000c0f40000, 0x00000000d5550000)
  eden space 12544K,   0% used [0x00000000c0000000, 0x00000000c0000000, 0x00000000c0c40000)
  from space 1536K,  72% used [0x00000000c0c40000, 0x00000000c0d575e0, 0x00000000c0dc0000)
  to   space 1536K,   0% used [0x00000000c0dc0000, 0x00000000c0dc0000, 0x00000000c0f40000)
 tenured generation   total 31108K, used 27892K [0x00000000d5550000, 0x00000000d73b1000, 0x0000000100000000)
   the space 31108K,  89% used [0x00000000d5550000, 0x00000000d708d008, 0x00000000d708d200, 0x00000000d73b1000)
 Metaspace       used 60085K, capacity 60424K, committed 60800K, reserved 1101824K
  class space    used 8125K, capacity 8221K, committed 8320K, reserved 1048576K
}
Event: 29797.207 GC heap before
{Heap before GC invocations=200 (full 21):
 def new generation   total 14080K, used 13661K [0x00000000c0000000, 0x00000000c0f40000, 0x00000000d5550000)
  eden space 12544K, 100% used [0x00000000c0000000, 0x00000000c0c40000, 0x00000000c0c40000)
  from space 1536K,  72% used [0x00000000c0c40000, 0x00000000c0d575e0, 0x00000000c0dc0000)
  to   space 1536K,   0% used [0x00000000c0dc0000, 0x00000000c0dc0000, 0x00000000c0f40000)
 tenured generation   total 31108K, used 27892K [0x00000000d5550000, 0x00000000d73b1000, 0x0000000100000000)
   the space 31108K,  89% used [0x00000000d5550000, 0x00000000d708d008, 0x00000000d708d200, 0x00000000d73b1000)
 Metaspace       used 60085K, capacity 60424K, committed 60800K, reserved 1101824K
  class space    used 8125K, capacity 8221K, committed 8320K, reserved 1048576K
Event: 29797.210 GC heap after
Heap after GC invocations=201 (full 21):
 def new generation   total 14080K, used 93K [0x00000000c0000000, 0x00000000c0f40000, 0x00000000d5550000)
  eden space 12544K,   0% used [0x00000000c0000000, 0x00000000c0000000, 0x00000000c0c40000)
  from space 1536K,   6% used [0x00000000c0dc0000, 0x00000000c0dd7628, 0x00000000c0f40000)
  to   space 1536K,   0% used [0x00000000c0c40000, 0x00000000c0c40000, 0x00000000c0dc0000)
 tenured generation   total 31108K, used 28916K [0x00000000d5550000, 0x00000000d73b1000, 0x0000000100000000)
   the space 31108K,  92% used [0x00000000d5550000, 0x00000000d718d0e8, 0x00000000d718d200, 0x00000000d73b1000)
 Metaspace       used 60085K, capacity 60424K, committed 60800K, reserved 1101824K
  class space    used 8125K, capacity 8221K, committed 8320K, reserved 1048576K
}
Event: 29797.908 GC heap before
{Heap before GC invocations=201 (full 21):
 def new generation   total 14080K, used 12637K [0x00000000c0000000, 0x00000000c0f40000, 0x00000000d5550000)
  eden space 12544K, 100% used [0x00000000c0000000, 0x00000000c0c40000, 0x00000000c0c40000)
  from space 1536K,   6% used [0x00000000c0dc0000, 0x00000000c0dd7628, 0x00000000c0f40000)
  to   space 1536K,   0% used [0x00000000c0c40000, 0x00000000c0c40000, 0x00000000c0dc0000)
 tenured generation   total 31108K, used 28916K [0x00000000d5550000, 0x00000000d73b1000, 0x0000000100000000)
   the space 31108K,  92% used [0x00000000d5550000, 0x00000000d718d0e8, 0x00000000d718d200, 0x00000000d73b1000)
 Metaspace       used 60085K, capacity 60424K, committed 60800K, reserved 1101824K
  class space    used 8125K, capacity 8221K, committed 8320K, reserved 1048576K
Event: 29797.911 GC heap after
Heap after GC invocations=202 (full 21):
 def new generation   total 14080K, used 1117K [0x00000000c0000000, 0x00000000c0f40000, 0x00000000d5550000)
  eden space 12544K,   0% used [0x00000000c0000000, 0x00000000c0000000, 0x00000000c0c40000)
  from space 1536K,  72% used [0x00000000c0c40000, 0x00000000c0d576d0, 0x00000000c0dc0000)
  to   space 1536K,   0% used [0x00000000c0dc0000, 0x00000000c0dc0000, 0x00000000c0f40000)
 tenured generation   total 31108K, used 28916K [0x00000000d5550000, 0x00000000d73b1000, 0x0000000100000000)
   the space 31108K,  92% used [0x00000000d5550000, 0x00000000d718d0e8, 0x00000000d718d200, 0x00000000d73b1000)
 Metaspace       used 60085K, capacity 60424K, committed 60800K, reserved 1101824K
  class space    used 8125K, capacity 8221K, committed 8320K, reserved 1048576K
}
Event: 29798.755 GC heap before
{Heap before GC invocations=202 (full 21):
 def new generation   total 14080K, used 13631K [0x00000000c0000000, 0x00000000c0f40000, 0x00000000d5550000)
  eden space 12544K,  99% used [0x00000000c0000000, 0x00000000c0c38880, 0x00000000c0c40000)
  from space 1536K,  72% used [0x00000000c0c40000, 0x00000000c0d576d0, 0x00000000c0dc0000)
  to   space 1536K,   0% used [0x00000000c0dc0000, 0x00000000c0dc0000, 0x00000000c0f40000)
 tenured generation   total 31108K, used 28916K [0x00000000d5550000, 0x00000000d73b1000, 0x0000000100000000)
   the space 31108K,  92% used [0x00000000d5550000, 0x00000000d718d0e8, 0x00000000d718d200, 0x00000000d73b1000)
 Metaspace       used 60085K, capacity 60424K, committed 60800K, reserved 1101824K
  class space    used 8125K, capacity 8221K, committed 8320K, reserved 1048576K
Event: 29798.758 GC heap after
Heap after GC invocations=203 (full 21):
 def new generation   total 14080K, used 1024K [0x00000000c0000000, 0x00000000c0f40000, 0x00000000d5550000)
  eden space 12544K,   0% used [0x00000000c0000000, 0x00000000c0000000, 0x00000000c0c40000)
  from space 1536K,  66% used [0x00000000c0dc0000, 0x00000000c0ec0310, 0x00000000c0f40000)
  to   space 1536K,   0% used [0x00000000c0c40000, 0x00000000c0c40000, 0x00000000c0dc0000)
 tenured generation   total 31108K, used 29940K [0x00000000d5550000, 0x00000000d73b1000, 0x0000000100000000)
   the space 31108K,  96% used [0x00000000d5550000, 0x00000000d728d160, 0x00000000d728d200, 0x00000000d73b1000)
 Metaspace       used 60085K, capacity 60424K, committed 60800K, reserved 1101824K
  class space    used 8125K, capacity 8221K, committed 8320K, reserved 1048576K
}
Event: 29799.517 GC heap before
{Heap before GC invocations=203 (full 21):
 def new generation   total 14080K, used 13568K [0x00000000c0000000, 0x00000000c0f40000, 0x00000000d5550000)
  eden space 12544K, 100% used [0x00000000c0000000, 0x00000000c0c40000, 0x00000000c0c40000)
  from space 1536K,  66% used [0x00000000c0dc0000, 0x00000000c0ec0310, 0x00000000c0f40000)
  to   space 1536K,   0% used [0x00000000c0c40000, 0x00000000c0c40000, 0x00000000c0dc0000)
 tenured generation   total 31108K, used 29940K [0x00000000d5550000, 0x00000000d73b1000, 0x0000000100000000)
   the space 31108K,  96% used [0x00000000d5550000, 0x00000000d728d160, 0x00000000d728d200, 0x00000000d73b1000)
 Metaspace       used 60085K, capacity 60424K, committed 60800K, reserved 1101824K
  class space    used 8125K, capacity 8221K, committed 8320K, reserved 1048576K
Event: 29799.519 GC heap after
Heap after GC invocations=204 (full 21):
 def new generation   total 14080K, used 115K [0x00000000c0000000, 0x00000000c0f40000, 0x00000000d5550000)
  eden space 12544K,   0% used [0x00000000c0000000, 0x00000000c0000000, 0x00000000c0c40000)
  from space 1536K,   7% used [0x00000000c0c40000, 0x00000000c0c5cc08, 0x00000000c0dc0000)
  to   space 1536K,   0% used [0x00000000c0dc0000, 0x00000000c0dc0000, 0x00000000c0f40000)
 tenured generation   total 31108K, used 30964K [0x00000000d5550000, 0x00000000d73b1000, 0x0000000100000000)
   the space 31108K,  99% used [0x00000000d5550000, 0x00000000d738d230, 0x00000000d738d400, 0x00000000d73b1000)
 Metaspace       used 60085K, capacity 60424K, committed 60800K, reserved 1101824K
  class space    used 8125K, capacity 8221K, committed 8320K, reserved 1048576K
}
Event: 29800.376 GC heap before
{Heap before GC invocations=204 (full 21):
 def new generation   total 14080K, used 12659K [0x00000000c0000000, 0x00000000c0f40000, 0x00000000d5550000)
  eden space 12544K, 100% used [0x00000000c0000000, 0x00000000c0c40000, 0x00000000c0c40000)
  from space 1536K,   7% used [0x00000000c0c40000, 0x00000000c0c5cc08, 0x00000000c0dc0000)
  to   space 1536K,   0% used [0x00000000c0dc0000, 0x00000000c0dc0000, 0x00000000c0f40000)
 tenured generation   total 31108K, used 30964K [0x00000000d5550000, 0x00000000d73b1000, 0x0000000100000000)
   the space 31108K,  99% used [0x00000000d5550000, 0x00000000d738d230, 0x00000000d738d400, 0x00000000d73b1000)
 Metaspace       used 60108K, capacity 60488K, committed 60800K, reserved 1101824K
  class space    used 8125K, capacity 8221K, committed 8320K, reserved 1048576K
Event: 29800.379 GC heap after
Heap after GC invocations=205 (full 21):
 def new generation   total 14080K, used 1141K [0x00000000c0000000, 0x00000000c0f40000, 0x00000000d5550000)
  eden space 12544K,   0% used [0x00000000c0000000, 0x00000000c0000000, 0x00000000c0c40000)
  from space 1536K,  74% used [0x00000000c0dc0000, 0x00000000c0edd448, 0x00000000c0f40000)
  to   space 1536K,   0% used [0x00000000c0c40000, 0x00000000c0c40000, 0x00000000c0dc0000)
 tenured generation   total 31108K, used 30964K [0x00000000d5550000, 0x00000000d73b1000, 0x0000000100000000)
   the space 31108K,  99% used [0x00000000d5550000, 0x00000000d738d230, 0x00000000d738d400, 0x00000000d73b1000)
 Metaspace       used 60108K, capacity 60488K, committed 60800K, reserved 1101824K
  class space    used 8125K, capacity 8221K, committed 8320K, reserved 1048576K
}
Event: 29801.177 GC heap before
{Heap before GC invocations=205 (full 21):
 def new generation   total 14080K, used 13638K [0x00000000c0000000, 0x00000000c0f40000, 0x00000000d5550000)
  eden space 12544K,  99% used [0x00000000c0000000, 0x00000000c0c34790, 0x00000000c0c40000)
  from space 1536K,  74% used [0x00000000c0dc0000, 0x00000000c0edd448, 0x00000000c0f40000)
  to   space 1536K,   0% used [0x00000000c0c40000, 0x00000000c0c40000, 0x00000000c0dc0000)
 tenured generation   total 31108K, used 30964K [0x00000000d5550000, 0x00000000d73b1000, 0x0000000100000000)
   the space 31108K,  99% used [0x00000000d5550000, 0x00000000d738d230, 0x00000000d738d400, 0x00000000d73b1000)
 Metaspace       used 60108K, capacity 60488K, committed 60800K, reserved 1101824K
  class space    used 8125K, capacity 8221K, committed 8320K, reserved 1048576K
Event: 29801.307 GC heap after
Heap after GC invocations=206 (full 22):
 def new generation   total 24128K, used 0K [0x00000000c0000000, 0x00000000c1a20000, 0x00000000d5550000)
  eden space 21504K,   0% used [0x00000000c0000000, 0x00000000c0000000, 0x00000000c1500000)
  from space 2624K,   0% used [0x00000000c1500000, 0x00000000c1500000, 0x00000000c1790000)
  to   space 2624K,   0% used [0x00000000c1790000, 0x00000000c1790000, 0x00000000c1a20000)
 tenured generation   total 53356K, used 32012K [0x00000000d5550000, 0x00000000d896b000, 0x0000000100000000)
   the space 53356K,  59% used [0x00000000d5550000, 0x00000000d74932f8, 0x00000000d7493400, 0x00000000d896b000)
 Metaspace       used 60108K, capacity 60488K, committed 60800K, reserved 1101824K
  class space    used 8125K, capacity 8221K, committed 8320K, reserved 1048576K
}
Event: 29802.587 GC heap before
{Heap before GC invocations=206 (full 22):
 def new generation   total 24128K, used 21504K [0x00000000c0000000, 0x00000000c1a20000, 0x00000000d5550000)
  eden space 21504K, 100% used [0x00000000c0000000, 0x00000000c1500000, 0x00000000c1500000)
  from space 2624K,   0% used [0x00000000c1500000, 0x00000000c1500000, 0x00000000c1790000)
  to   space 2624K,   0% used [0x00000000c1790000, 0x00000000c1790000, 0x00000000c1a20000)
 tenured generation   total 53356K, used 32012K [0x00000000d5550000, 0x00000000d896b000, 0x0000000100000000)
   the space 53356K,  59% used [0x00000000d5550000, 0x00000000d74932f8, 0x00000000d7493400, 0x00000000d896b000)
 Metaspace       used 60120K, capacity 60488K, committed 60800K, reserved 1101824K
  class space    used 8125K, capacity 8221K, committed 8320K, reserved 1048576K
Event: 29802.590 GC heap after
Heap after GC invocations=207 (full 22):
 def new generation   total 24128K, used 1118K [0x00000000c0000000, 0x00000000c1a20000, 0x00000000d5550000)
  eden space 21504K,   0% used [0x00000000c0000000, 0x00000000c0000000, 0x00000000c1500000)
  from space 2624K,  42% used [0x00000000c1790000, 0x00000000c18a7a28, 0x00000000c1a20000)
  to   space 2624K,   0% used [0x00000000c1500000, 0x00000000c1500000, 0x00000000c1790000)
 tenured generation   total 53356K, used 32012K [0x00000000d5550000, 0x00000000d896b000, 0x0000000100000000)
   the space 53356K,  59% used [0x00000000d5550000, 0x00000000d74932f8, 0x00000000d7493400, 0x00000000d896b000)
 Metaspace       used 60120K, capacity 60488K, committed 60800K, reserved 1101824K
  class space    used 8125K, capacity 8221K, committed 8320K, reserved 1048576K
}
Event: 29803.984 GC heap before
{Heap before GC invocations=207 (full 22):
 def new generation   total 24128K, used 22622K [0x00000000c0000000, 0x00000000c1a20000, 0x00000000d5550000)
  eden space 21504K, 100% used [0x00000000c0000000, 0x00000000c1500000, 0x00000000c1500000)
  from space 2624K,  42% used [0x00000000c1790000, 0x00000000c18a7a28, 0x00000000c1a20000)
  to   space 2624K,   0% used [0x00000000c1500000, 0x00000000c1500000, 0x00000000c1790000)
 tenured generation   total 53356K, used 32012K [0x00000000d5550000, 0x00000000d896b000, 0x0000000100000000)
   the space 53356K,  59% used [0x00000000d5550000, 0x00000000d74932f8, 0x00000000d7493400, 0x00000000d896b000)
 Metaspace       used 60120K, capacity 60488K, committed 60800K, reserved 1101824K
  class space    used 8125K, capacity 8221K, committed 8320K, reserved 1048576K
Event: 29803.987 GC heap after
Heap after GC invocations=208 (full 22):
 def new generation   total 24128K, used 2142K [0x00000000c0000000, 0x00000000c1a20000, 0x00000000d5550000)
  eden space 21504K,   0% used [0x00000000c0000000, 0x00000000c0000000, 0x00000000c1500000)
  from space 2624K,  81% used [0x00000000c1500000, 0x00000000c1717868, 0x00000000c1790000)
  to   space 2624K,   0% used [0x00000000c1790000, 0x00000000c1790000, 0x00000000c1a20000)
 tenured generation   total 53356K, used 32012K [0x00000000d5550000, 0x00000000d896b000, 0x0000000100000000)
   the space 53356K,  59% used [0x00000000d5550000, 0x00000000d74932f8, 0x00000000d7493400, 0x00000000d896b000)
 Metaspace       used 60120K, capacity 60488K, committed 60800K, reserved 1101824K
  class space    used 8125K, capacity 8221K, committed 8320K, reserved 1048576K
}
Event: 29805.360 GC heap before
{Heap before GC invocations=208 (full 22):
 def new generation   total 24128K, used 23584K [0x00000000c0000000, 0x00000000c1a20000, 0x00000000d5550000)
  eden space 21504K,  99% used [0x00000000c0000000, 0x00000000c14f0978, 0x00000000c1500000)
  from space 2624K,  81% used [0x00000000c1500000, 0x00000000c1717868, 0x00000000c1790000)
  to   space 2624K,   0% used [0x00000000c1790000, 0x00000000c1790000, 0x00000000c1a20000)
 tenured generation   total 53356K, used 32012K [0x00000000d5550000, 0x00000000d896b000, 0x0000000100000000)
   the space 53356K,  59% used [0x00000000d5550000, 0x00000000d74932f8, 0x00000000d7493400, 0x00000000d896b000)
 Metaspace       used 60121K, capacity 60488K, committed 60800K, reserved 1101824K
  class space    used 8125K, capacity 8221K, committed 8320K, reserved 1048576K
Event: 29805.364 GC heap after
Heap after GC invocations=209 (full 22):
 def new generation   total 24128K, used 2054K [0x00000000c0000000, 0x00000000c1a20000, 0x00000000d5550000)
  eden space 21504K,   0% used [0x00000000c0000000, 0x00000000c0000000, 0x00000000c1500000)
  from space 2624K,  78% used [0x00000000c1790000, 0x00000000c1991930, 0x00000000c1a20000)
  to   space 2624K,   0% used [0x00000000c1500000, 0x00000000c1500000, 0x00000000c1790000)
 tenured generation   total 53356K, used 34061K [0x00000000d5550000, 0x00000000d896b000, 0x0000000100000000)
   the space 53356K,  63% used [0x00000000d5550000, 0x00000000d76935d0, 0x00000000d7693600, 0x00000000d896b000)
 Metaspace       used 60121K, capacity 60488K, committed 60800K, reserved 1101824K
  class space    used 8125K, capacity 8221K, committed 8320K, reserved 1048576K
}
Event: 29806.762 GC heap before
{Heap before GC invocations=209 (full 22):
 def new generation   total 24128K, used 23558K [0x00000000c0000000, 0x00000000c1a20000, 0x00000000d5550000)
  eden space 21504K, 100% used [0x00000000c0000000, 0x00000000c1500000, 0x00000000c1500000)
  from space 2624K,  78% used [0x00000000c1790000, 0x00000000c1991930, 0x00000000c1a20000)
  to   space 2624K,   0% used [0x00000000c1500000, 0x00000000c1500000, 0x00000000c1790000)
 tenured generation   total 53356K, used 34061K [0x00000000d5550000, 0x00000000d896b000, 0x0000000100000000)
   the space 53356K,  63% used [0x00000000d5550000, 0x00000000d76935d0, 0x00000000d7693600, 0x00000000d896b000)
 Metaspace       used 60123K, capacity 60488K, committed 60800K, reserved 1101824K
  class space    used 8125K, capacity 8221K, committed 8320K, reserved 1048576K
Event: 29806.766 GC heap after
Heap after GC invocations=210 (full 22):
 def new generation   total 24128K, used 2146K [0x00000000c0000000, 0x00000000c1a20000, 0x00000000d5550000)
  eden space 21504K,   0% used [0x00000000c0000000, 0x00000000c0000000, 0x00000000c1500000)
  from space 2624K,  81% used [0x00000000c1500000, 0x00000000c1718938, 0x00000000c1790000)
  to   space 2624K,   0% used [0x00000000c1790000, 0x00000000c1790000, 0x00000000c1a20000)
 tenured generation   total 53356K, used 35085K [0x00000000d5550000, 0x00000000d896b000, 0x0000000100000000)
   the space 53356K,  65% used [0x00000000d5550000, 0x00000000d77937c0, 0x00000000d7793800, 0x00000000d896b000)
 Metaspace       used 60123K, capacity 60488K, committed 60800K, reserved 1101824K
  class space    used 8125K, capacity 8221K, committed 8320K, reserved 1048576K
}
Event: 29808.258 GC heap before
{Heap before GC invocations=210 (full 22):
 def new generation   total 24128K, used 23650K [0x00000000c0000000, 0x00000000c1a20000, 0x00000000d5550000)
  eden space 21504K, 100% used [0x00000000c0000000, 0x00000000c1500000, 0x00000000c1500000)
  from space 2624K,  81% used [0x00000000c1500000, 0x00000000c1718938, 0x00000000c1790000)
  to   space 2624K,   0% used [0x00000000c1790000, 0x00000000c1790000, 0x00000000c1a20000)
 tenured generation   total 53356K, used 35085K [0x00000000d5550000, 0x00000000d896b000, 0x0000000100000000)
   the space 53356K,  65% used [0x00000000d5550000, 0x00000000d77937c0, 0x00000000d7793800, 0x00000000d896b000)
 Metaspace       used 60131K, capacity 60488K, committed 60800K, reserved 1101824K
  class space    used 8125K, capacity 8221K, committed 8320K, reserved 1048576K
Event: 29808.261 GC heap after
Heap after GC invocations=211 (full 22):
 def new generation   total 24128K, used 2139K [0x00000000c0000000, 0x00000000c1a20000, 0x00000000d5550000)
  eden space 21504K,   0% used [0x00000000c0000000, 0x00000000c0000000, 0x00000000c1500000)
  from space 2624K,  81% used [0x00000000c1790000, 0x00000000c19a6dc0, 0x00000000c1a20000)
  to   space 2624K,   0% used [0x00000000c1500000, 0x00000000c1500000, 0x00000000c1790000)
 tenured generation   total 53356K, used 36115K [0x00000000d5550000, 0x00000000d896b000, 0x0000000100000000)
   the space 53356K,  67% used [0x00000000d5550000, 0x00000000d7894ce0, 0x00000000d7894e00, 0x00000000d896b000)
 Metaspace       used 60131K, capacity 60488K, committed 60800K, reserved 1101824K
  class space    used 8125K, capacity 8221K, committed 8320K, reserved 1048576K
}
Event: 29809.841 GC heap before
{Heap before GC invocations=211 (full 22):
 def new generation   total 24128K, used 23643K [0x00000000c0000000, 0x00000000c1a20000, 0x00000000d5550000)
  eden space 21504K, 100% used [0x00000000c0000000, 0x00000000c1500000, 0x00000000c1500000)
  from space 2624K,  81% used [0x00000000c1790000, 0x00000000c19a6dc0, 0x00000000c1a20000)
  to   space 2624K,   0% used [0x00000000c1500000, 0x00000000c1500000, 0x00000000c1790000)
 tenured generation   total 53356K, used 36115K [0x00000000d5550000, 0x00000000d896b000, 0x0000000100000000)
   the space 53356K,  67% used [0x00000000d5550000, 0x00000000d7894ce0, 0x00000000d7894e00, 0x00000000d896b000)
 Metaspace       used 60131K, capacity 60488K, committed 60800K, reserved 1101824K
  class space    used 8125K, capacity 8221K, committed 8320K, reserved 1048576K
Event: 29809.844 GC heap after
Heap after GC invocations=212 (full 22):
 def new generation   total 24128K, used 2140K [0x00000000c0000000, 0x00000000c1a20000, 0x00000000d5550000)
  eden space 21504K,   0% used [0x00000000c0000000, 0x00000000c0000000, 0x00000000c1500000)
  from space 2624K,  81% used [0x00000000c1500000, 0x00000000c1717340, 0x00000000c1790000)
  to   space 2624K,   0% used [0x00000000c1790000, 0x00000000c1790000, 0x00000000c1a20000)
 tenured generation   total 53356K, used 37139K [0x00000000d5550000, 0x00000000d896b000, 0x0000000100000000)
   the space 53356K,  69% used [0x00000000d5550000, 0x00000000d7994d20, 0x00000000d7994e00, 0x00000000d896b000)
 Metaspace       used 60131K, capacity 60488K, committed 60800K, reserved 1101824K
  class space    used 8125K, capacity 8221K, committed 8320K, reserved 1048576K
}
Event: 29811.213 GC heap before
{Heap before GC invocations=212 (full 22):
 def new generation   total 24128K, used 23644K [0x00000000c0000000, 0x00000000c1a20000, 0x00000000d5550000)
  eden space 21504K, 100% used [0x00000000c0000000, 0x00000000c1500000, 0x00000000c1500000)
  from space 2624K,  81% used [0x00000000c1500000, 0x00000000c1717340, 0x00000000c1790000)
  to   space 2624K,   0% used [0x00000000c1790000, 0x00000000c1790000, 0x00000000c1a20000)
 tenured generation   total 53356K, used 37139K [0x00000000d5550000, 0x00000000d896b000, 0x0000000100000000)
   the space 53356K,  69% used [0x00000000d5550000, 0x00000000d7994d20, 0x00000000d7994e00, 0x00000000d896b000)
 Metaspace       used 60132K, capacity 60488K, committed 60800K, reserved 1101824K
  class space    used 8125K, capacity 8221K, committed 8320K, reserved 1048576K
Event: 29811.217 GC heap after
Heap after GC invocations=213 (full 22):
 def new generation   total 24128K, used 2141K [0x00000000c0000000, 0x00000000c1a20000, 0x00000000d5550000)
  eden space 21504K,   0% used [0x00000000c0000000, 0x00000000c0000000, 0x00000000c1500000)
  from space 2624K,  81% used [0x00000000c1790000, 0x00000000c19a7758, 0x00000000c1a20000)
  to   space 2624K,   0% used [0x00000000c1500000, 0x00000000c1500000, 0x00000000c1790000)
 tenured generation   total 53356K, used 38163K [0x00000000d5550000, 0x00000000d896b000, 0x0000000100000000)
   the space 53356K,  71% used [0x00000000d5550000, 0x00000000d7a94d60, 0x00000000d7a94e00, 0x00000000d896b000)
 Metaspace       used 60132K, capacity 60488K, committed 60800K, reserved 1101824K
  class space    used 8125K, capacity 8221K, committed 8320K, reserved 1048576K
}
Event: 29812.567 GC heap before
{Heap before GC invocations=213 (full 22):
 def new generation   total 24128K, used 23645K [0x00000000c0000000, 0x00000000c1a20000, 0x00000000d5550000)
  eden space 21504K, 100% used [0x00000000c0000000, 0x00000000c1500000, 0x00000000c1500000)
  from space 2624K,  81% used [0x00000000c1790000, 0x00000000c19a7758, 0x00000000c1a20000)
  to   space 2624K,   0% used [0x00000000c1500000, 0x00000000c1500000, 0x00000000c1790000)
 tenured generation   total 53356K, used 38163K [0x00000000d5550000, 0x00000000d896b000, 0x0000000100000000)
   the space 53356K,  71% used [0x00000000d5550000, 0x00000000d7a94d60, 0x00000000d7a94e00, 0x00000000d896b000)
 Metaspace       used 60134K, capacity 60488K, committed 60800K, reserved 1101824K
  class space    used 8125K, capacity 8221K, committed 8320K, reserved 1048576K
Event: 29812.570 GC heap after
Heap after GC invocations=214 (full 22):
 def new generation   total 24128K, used 2141K [0x00000000c0000000, 0x00000000c1a20000, 0x00000000d5550000)
  eden space 21504K,   0% used [0x00000000c0000000, 0x00000000c0000000, 0x00000000c1500000)
  from space 2624K,  81% used [0x00000000c1500000, 0x00000000c1717648, 0x00000000c1790000)
  to   space 2624K,   0% used [0x00000000c1790000, 0x00000000c1790000, 0x00000000c1a20000)
 tenured generation   total 53356K, used 39187K [0x00000000d5550000, 0x00000000d896b000, 0x0000000100000000)
   the space 53356K,  73% used [0x00000000d5550000, 0x00000000d7b94db8, 0x00000000d7b94e00, 0x00000000d896b000)
 Metaspace       used 60134K, capacity 60488K, committed 60800K, reserved 1101824K
  class space    used 8125K, capacity 8221K, committed 8320K, reserved 1048576K
}
Event: 29813.873 GC heap before
{Heap before GC invocations=214 (full 22):
 def new generation   total 24128K, used 23645K [0x00000000c0000000, 0x00000000c1a20000, 0x00000000d5550000)
  eden space 21504K, 100% used [0x00000000c0000000, 0x00000000c1500000, 0x00000000c1500000)
  from space 2624K,  81% used [0x00000000c1500000, 0x00000000c1717648, 0x00000000c1790000)
  to   space 2624K,   0% used [0x00000000c1790000, 0x00000000c1790000, 0x00000000c1a20000)
 tenured generation   total 53356K, used 39187K [0x00000000d5550000, 0x00000000d896b000, 0x0000000100000000)
   the space 53356K,  73% used [0x00000000d5550000, 0x00000000d7b94db8, 0x00000000d7b94e00, 0x00000000d896b000)
 Metaspace       used 60139K, capacity 60488K, committed 60800K, reserved 1101824K
  class space    used 8125K, capacity 8221K, committed 8320K, reserved 1048576K
Event: 29813.876 GC heap after
Heap after GC invocations=215 (full 22):
 def new generation   total 24128K, used 2141K [0x00000000c0000000, 0x00000000c1a20000, 0x00000000d5550000)
  eden space 21504K,   0% used [0x00000000c0000000, 0x00000000c0000000, 0x00000000c1500000)
  from space 2624K,  81% used [0x00000000c1790000, 0x00000000c19a74c0, 0x00000000c1a20000)
  to   space 2624K,   0% used [0x00000000c1500000, 0x00000000c1500000, 0x00000000c1790000)
 tenured generation   total 53356K, used 40211K [0x00000000d5550000, 0x00000000d896b000, 0x0000000100000000)
   the space 53356K,  75% used [0x00000000d5550000, 0x00000000d7c94df8, 0x00000000d7c94e00, 0x00000000d896b000)
 Metaspace       used 60139K, capacity 60488K, committed 60800K, reserved 1101824K
  class space    used 8125K, capacity 8221K, committed 8320K, reserved 1048576K
}
Event: 29815.199 GC heap before
{Heap before GC invocations=215 (full 22):
 def new generation   total 24128K, used 23645K [0x00000000c0000000, 0x00000000c1a20000, 0x00000000d5550000)
  eden space 21504K, 100% used [0x00000000c0000000, 0x00000000c1500000, 0x00000000c1500000)
  from space 2624K,  81% used [0x00000000c1790000, 0x00000000c19a74c0, 0x00000000c1a20000)
  to   space 2624K,   0% used [0x00000000c1500000, 0x00000000c1500000, 0x00000000c1790000)
 tenured generation   total 53356K, used 40211K [0x00000000d5550000, 0x00000000d896b000, 0x0000000100000000)
   the space 53356K,  75% used [0x00000000d5550000, 0x00000000d7c94df8, 0x00000000d7c94e00, 0x00000000d896b000)
 Metaspace       used 60142K, capacity 60488K, committed 60800K, reserved 1101824K
  class space    used 8125K, capacity 8221K, committed 8320K, reserved 1048576K
Event: 29815.202 GC heap after
Heap after GC invocations=216 (full 22):
 def new generation   total 24128K, used 2145K [0x00000000c0000000, 0x00000000c1a20000, 0x00000000d5550000)
  eden space 21504K,   0% used [0x00000000c0000000, 0x00000000c0000000, 0x00000000c1500000)
  from space 2624K,  81% used [0x00000000c1500000, 0x00000000c17184d8, 0x00000000c1790000)
  to   space 2624K,   0% used [0x00000000c1790000, 0x00000000c1790000, 0x00000000c1a20000)
 tenured generation   total 53356K, used 41235K [0x00000000d5550000, 0x00000000d896b000, 0x0000000100000000)
   the space 53356K,  77% used [0x00000000d5550000, 0x00000000d7d94e38, 0x00000000d7d95000, 0x00000000d896b000)
 Metaspace       used 60142K, capacity 60488K, committed 60800K, reserved 1101824K
  class space    used 8125K, capacity 8221K, committed 8320K, reserved 1048576K
}
Event: 29816.560 GC heap before
{Heap before GC invocations=216 (full 22):
 def new generation   total 24128K, used 23649K [0x00000000c0000000, 0x00000000c1a20000, 0x00000000d5550000)
  eden space 21504K, 100% used [0x00000000c0000000, 0x00000000c1500000, 0x00000000c1500000)
  from space 2624K,  81% used [0x00000000c1500000, 0x00000000c17184d8, 0x00000000c1790000)
  to   space 2624K,   0% used [0x00000000c1790000, 0x00000000c1790000, 0x00000000c1a20000)
 tenured generation   total 53356K, used 41235K [0x00000000d5550000, 0x00000000d896b000, 0x0000000100000000)
   the space 53356K,  77% used [0x00000000d5550000, 0x00000000d7d94e38, 0x00000000d7d95000, 0x00000000d896b000)
 Metaspace       used 60142K, capacity 60488K, committed 60800K, reserved 1101824K
  class space    used 8125K, capacity 8221K, committed 8320K, reserved 1048576K
Event: 29816.564 GC heap after
Heap after GC invocations=217 (full 22):
 def new generation   total 24128K, used 2146K [0x00000000c0000000, 0x00000000c1a20000, 0x00000000d5550000)
  eden space 21504K,   0% used [0x00000000c0000000, 0x00000000c0000000, 0x00000000c1500000)
  from space 2624K,  81% used [0x00000000c1790000, 0x00000000c19a8838, 0x00000000c1a20000)
  to   space 2624K,   0% used [0x00000000c1500000, 0x00000000c1500000, 0x00000000c1790000)
 tenured generation   total 53356K, used 42259K [0x00000000d5550000, 0x00000000d896b000, 0x0000000100000000)
   the space 53356K,  79% used [0x00000000d5550000, 0x00000000d7e94ec8, 0x00000000d7e95000, 0x00000000d896b000)
 Metaspace       used 60142K, capacity 60488K, committed 60800K, reserved 1101824K
  class space    used 8125K, capacity 8221K, committed 8320K, reserved 1048576K
}
Event: 29817.973 GC heap before
{Heap before GC invocations=217 (full 22):
 def new generation   total 24128K, used 23650K [0x00000000c0000000, 0x00000000c1a20000, 0x00000000d5550000)
  eden space 21504K, 100% used [0x00000000c0000000, 0x00000000c1500000, 0x00000000c1500000)
  from space 2624K,  81% used [0x00000000c1790000, 0x00000000c19a8838, 0x00000000c1a20000)
  to   space 2624K,   0% used [0x00000000c1500000, 0x00000000c1500000, 0x00000000c1790000)
 tenured generation   total 53356K, used 42259K [0x00000000d5550000, 0x00000000d896b000, 0x0000000100000000)
   the space 53356K,  79% used [0x00000000d5550000, 0x00000000d7e94ec8, 0x00000000d7e95000, 0x00000000d896b000)
 Metaspace       used 60147K, capacity 60488K, committed 60800K, reserved 1101824K
  class space    used 8125K, capacity 8221K, committed 8320K, reserved 1048576K
Event: 29817.977 GC heap after
Heap after GC invocations=218 (full 22):
 def new generation   total 24128K, used 2139K [0x00000000c0000000, 0x00000000c1a20000, 0x00000000d5550000)
  eden space 21504K,   0% used [0x00000000c0000000, 0x00000000c0000000, 0x00000000c1500000)
  from space 2624K,  81% used [0x00000000c1500000, 0x00000000c1716e90, 0x00000000c1790000)
  to   space 2624K,   0% used [0x00000000c1790000, 0x00000000c1790000, 0x00000000c1a20000)
 tenured generation   total 53356K, used 43288K [0x00000000d5550000, 0x00000000d896b000, 0x0000000100000000)
   the space 53356K,  81% used [0x00000000d5550000, 0x00000000d7f963e0, 0x00000000d7f96400, 0x00000000d896b000)
 Metaspace       used 60147K, capacity 60488K, committed 60800K, reserved 1101824K
  class space    used 8125K, capacity 8221K, committed 8320K, reserved 1048576K
}
Event: 29819.433 GC heap before
{Heap before GC invocations=218 (full 22):
 def new generation   total 24128K, used 23643K [0x00000000c0000000, 0x00000000c1a20000, 0x00000000d5550000)
  eden space 21504K, 100% used [0x00000000c0000000, 0x00000000c1500000, 0x00000000c1500000)
  from space 2624K,  81% used [0x00000000c1500000, 0x00000000c1716e90, 0x00000000c1790000)
  to   space 2624K,   0% used [0x00000000c1790000, 0x00000000c1790000, 0x00000000c1a20000)
 tenured generation   total 53356K, used 43288K [0x00000000d5550000, 0x00000000d896b000, 0x0000000100000000)
   the space 53356K,  81% used [0x00000000d5550000, 0x00000000d7f963e0, 0x00000000d7f96400, 0x00000000d896b000)
 Metaspace       used 60159K, capacity 60488K, committed 60800K, reserved 1101824K
  class space    used 8125K, capacity 8221K, committed 8320K, reserved 1048576K
Event: 29819.437 GC heap after
Heap after GC invocations=219 (full 22):
 def new generation   total 24128K, used 2140K [0x00000000c0000000, 0x00000000c1a20000, 0x00000000d5550000)
  eden space 21504K,   0% used [0x00000000c0000000, 0x00000000c0000000, 0x00000000c1500000)
  from space 2624K,  81% used [0x00000000c1790000, 0x00000000c19a7180, 0x00000000c1a20000)
  to   space 2624K,   0% used [0x00000000c1500000, 0x00000000c1500000, 0x00000000c1790000)
 tenured generation   total 53356K, used 44313K [0x00000000d5550000, 0x00000000d896b000, 0x0000000100000000)
   the space 53356K,  83% used [0x00000000d5550000, 0x00000000d8096420, 0x00000000d8096600, 0x00000000d896b000)
 Metaspace       used 60159K, capacity 60488K, committed 60800K, reserved 1101824K
  class space    used 8125K, capacity 8221K, committed 8320K, reserved 1048576K
}
Event: 29821.003 GC heap before
{Heap before GC invocations=219 (full 22):
 def new generation   total 24128K, used 23644K [0x00000000c0000000, 0x00000000c1a20000, 0x00000000d5550000)
  eden space 21504K, 100% used [0x00000000c0000000, 0x00000000c1500000, 0x00000000c1500000)
  from space 2624K,  81% used [0x00000000c1790000, 0x00000000c19a7180, 0x00000000c1a20000)
  to   space 2624K,   0% used [0x00000000c1500000, 0x00000000c1500000, 0x00000000c1790000)
 tenured generation   total 53356K, used 44313K [0x00000000d5550000, 0x00000000d896b000, 0x0000000100000000)
   the space 53356K,  83% used [0x00000000d5550000, 0x00000000d8096420, 0x00000000d8096600, 0x00000000d896b000)
 Metaspace       used 60162K, capacity 60552K, committed 60800K, reserved 1101824K
  class space    used 8125K, capacity 8221K, committed 8320K, reserved 1048576K
Event: 29821.009 GC heap after
Heap after GC invocations=220 (full 22):
 def new generation   total 24128K, used 2049K [0x00000000c0000000, 0x00000000c1a20000, 0x00000000d5550000)
  eden space 21504K,   0% used [0x00000000c0000000, 0x00000000c0000000, 0x00000000c1500000)
  from space 2624K,  78% used [0x00000000c1500000, 0x00000000c1700760, 0x00000000c1790000)
  to   space 2624K,   0% used [0x00000000c1790000, 0x00000000c1790000, 0x00000000c1a20000)
 tenured generation   total 53356K, used 45337K [0x00000000d5550000, 0x00000000d896b000, 0x0000000100000000)
   the space 53356K,  84% used [0x00000000d5550000, 0x00000000d81964f8, 0x00000000d8196600, 0x00000000d896b000)
 Metaspace       used 60162K, capacity 60552K, committed 60800K, reserved 1101824K
  class space    used 8125K, capacity 8221K, committed 8320K, reserved 1048576K
}
Event: 29822.475 GC heap before
{Heap before GC invocations=220 (full 22):
 def new generation   total 24128K, used 23553K [0x00000000c0000000, 0x00000000c1a20000, 0x00000000d5550000)
  eden space 21504K, 100% used [0x00000000c0000000, 0x00000000c1500000, 0x00000000c1500000)
  from space 2624K,  78% used [0x00000000c1500000, 0x00000000c1700760, 0x00000000c1790000)
  to   space 2624K,   0% used [0x00000000c1790000, 0x00000000c1790000, 0x00000000c1a20000)
 tenured generation   total 53356K, used 45337K [0x00000000d5550000, 0x00000000d896b000, 0x0000000100000000)
   the space 53356K,  84% used [0x00000000d5550000, 0x00000000d81964f8, 0x00000000d8196600, 0x00000000d896b000)
 Metaspace       used 60165K, capacity 60552K, committed 60800K, reserved 1101824K
  class space    used 8125K, capacity 8221K, committed 8320K, reserved 1048576K
Event: 29822.481 GC heap after
Heap after GC invocations=221 (full 22):
 def new generation   total 24128K, used 2049K [0x00000000c0000000, 0x00000000c1a20000, 0x00000000d5550000)
  eden space 21504K,   0% used [0x00000000c0000000, 0x00000000c0000000, 0x00000000c1500000)
  from space 2624K,  78% used [0x00000000c1790000, 0x00000000c19906f8, 0x00000000c1a20000)
  to   space 2624K,   0% used [0x00000000c1500000, 0x00000000c1500000, 0x00000000c1790000)
 tenured generation   total 53356K, used 46361K [0x00000000d5550000, 0x00000000d896b000, 0x0000000100000000)
   the space 53356K,  86% used [0x00000000d5550000, 0x00000000d8296538, 0x00000000d8296600, 0x00000000d896b000)
 Metaspace       used 60165K, capacity 60552K, committed 60800K, reserved 1101824K
  class space    used 8125K, capacity 8221K, committed 8320K, reserved 1048576K
}
Event: 29830.191 GC heap before
{Heap before GC invocations=221 (full 22):
 def new generation   total 24128K, used 23553K [0x00000000c0000000, 0x00000000c1a20000, 0x00000000d5550000)
  eden space 21504K, 100% used [0x00000000c0000000, 0x00000000c1500000, 0x00000000c1500000)
  from space 2624K,  78% used [0x00000000c1790000, 0x00000000c19906f8, 0x00000000c1a20000)
  to   space 2624K,   0% used [0x00000000c1500000, 0x00000000c1500000, 0x00000000c1790000)
 tenured generation   total 53356K, used 46361K [0x00000000d5550000, 0x00000000d896b000, 0x0000000100000000)
   the space 53356K,  86% used [0x00000000d5550000, 0x00000000d8296538, 0x00000000d8296600, 0x00000000d896b000)
 Metaspace       used 60165K, capacity 60552K, committed 60800K, reserved 1101824K
  class space    used 8125K, capacity 8221K, committed 8320K, reserved 1048576K
Event: 29830.657 GC heap after
Heap after GC invocations=222 (full 22):
 def new generation   total 24128K, used 2145K [0x00000000c0000000, 0x00000000c1a20000, 0x00000000d5550000)
  eden space 21504K,   0% used [0x00000000c0000000, 0x00000000c0000000, 0x00000000c1500000)
  from space 2624K,  81% used [0x00000000c1500000, 0x00000000c17186f0, 0x00000000c1790000)
  to   space 2624K,   0% used [0x00000000c1790000, 0x00000000c1790000, 0x00000000c1a20000)
 tenured generation   total 53356K, used 47386K [0x00000000d5550000, 0x00000000d896b000, 0x0000000100000000)
   the space 53356K,  88% used [0x00000000d5550000, 0x00000000d8396818, 0x00000000d8396a00, 0x00000000d896b000)
 Metaspace       used 60165K, capacity 60552K, committed 60800K, reserved 1101824K
  class space    used 8125K, capacity 8221K, committed 8320K, reserved 1048576K
}
Event: 29841.363 GC heap before
{Heap before GC invocations=222 (full 22):
 def new generation   total 24128K, used 23649K [0x00000000c0000000, 0x00000000c1a20000, 0x00000000d5550000)
  eden space 21504K, 100% used [0x00000000c0000000, 0x00000000c1500000, 0x00000000c1500000)
  from space 2624K,  81% used [0x00000000c1500000, 0x00000000c17186f0, 0x00000000c1790000)
  to   space 2624K,   0% used [0x00000000c1790000, 0x00000000c1790000, 0x00000000c1a20000)
 tenured generation   total 53356K, used 47386K [0x00000000d5550000, 0x00000000d896b000, 0x0000000100000000)
   the space 53356K,  88% used [0x00000000d5550000, 0x00000000d8396818, 0x00000000d8396a00, 0x00000000d896b000)
 Metaspace       used 60165K, capacity 60552K, committed 60800K, reserved 1101824K
  class space    used 8125K, capacity 8221K, committed 8320K, reserved 1048576K
Event: 29841.867 GC heap after
Heap after GC invocations=223 (full 22):
 def new generation   total 24128K, used 2169K [0x00000000c0000000, 0x00000000c1a20000, 0x00000000d5550000)
  eden space 21504K,   0% used [0x00000000c0000000, 0x00000000c0000000, 0x00000000c1500000)
  from space 2624K,  82% used [0x00000000c1790000, 0x00000000c19ae468, 0x00000000c1a20000)
  to   space 2624K,   0% used [0x00000000c1500000, 0x00000000c1500000, 0x00000000c1790000)
 tenured generation   total 53356K, used 48410K [0x00000000d5550000, 0x00000000d896b000, 0x0000000100000000)
   the space 53356K,  90% used [0x00000000d5550000, 0x00000000d8496858, 0x00000000d8496a00, 0x00000000d896b000)
 Metaspace       used 60165K, capacity 60552K, committed 60800K, reserved 1101824K
  class space    used 8125K, capacity 8221K, committed 8320K, reserved 1048576K
}
Event: 29844.412 GC heap before
{Heap before GC invocations=223 (full 22):
 def new generation   total 24128K, used 23673K [0x00000000c0000000, 0x00000000c1a20000, 0x00000000d5550000)
  eden space 21504K, 100% used [0x00000000c0000000, 0x00000000c1500000, 0x00000000c1500000)
  from space 2624K,  82% used [0x00000000c1790000, 0x00000000c19ae468, 0x00000000c1a20000)
  to   space 2624K,   0% used [0x00000000c1500000, 0x00000000c1500000, 0x00000000c1790000)
 tenured generation   total 53356K, used 48410K [0x00000000d5550000, 0x00000000d896b000, 0x0000000100000000)
   the space 53356K,  90% used [0x00000000d5550000, 0x00000000d8496858, 0x00000000d8496a00, 0x00000000d896b000)
 Metaspace       used 60165K, capacity 60552K, committed 60800K, reserved 1101824K
  class space    used 8125K, capacity 8221K, committed 8320K, reserved 1048576K
Event: 29844.606 GC heap after
Heap after GC invocations=224 (full 22):
 def new generation   total 24128K, used 2147K [0x00000000c0000000, 0x00000000c1a20000, 0x00000000d5550000)
  eden space 21504K,   0% used [0x00000000c0000000, 0x00000000c0000000, 0x00000000c1500000)
  from space 2624K,  81% used [0x00000000c1500000, 0x00000000c1718d18, 0x00000000c1790000)
  to   space 2624K,   0% used [0x00000000c1790000, 0x00000000c1790000, 0x00000000c1a20000)
 tenured generation   total 53356K, used 49435K [0x00000000d5550000, 0x00000000d896b000, 0x0000000100000000)
   the space 53356K,  92% used [0x00000000d5550000, 0x00000000d8596e60, 0x00000000d8597000, 0x00000000d896b000)
 Metaspace       used 60165K, capacity 60552K, committed 60800K, reserved 1101824K
  class space    used 8125K, capacity 8221K, committed 8320K, reserved 1048576K
}
Event: 29846.340 GC heap before
{Heap before GC invocations=224 (full 22):
 def new generation   total 24128K, used 23651K [0x00000000c0000000, 0x00000000c1a20000, 0x00000000d5550000)
  eden space 21504K, 100% used [0x00000000c0000000, 0x00000000c1500000, 0x00000000c1500000)
  from space 2624K,  81% used [0x00000000c1500000, 0x00000000c1718d18, 0x00000000c1790000)
  to   space 2624K,   0% used [0x00000000c1790000, 0x00000000c1790000, 0x00000000c1a20000)
 tenured generation   total 53356K, used 49435K [0x00000000d5550000, 0x00000000d896b000, 0x0000000100000000)
   the space 53356K,  92% used [0x00000000d5550000, 0x00000000d8596e60, 0x00000000d8597000, 0x00000000d896b000)
 Metaspace       used 60175K, capacity 60552K, committed 60800K, reserved 1101824K
  class space    used 8125K, capacity 8221K, committed 8320K, reserved 1048576K
Event: 29846.345 GC heap after
Heap after GC invocations=225 (full 22):
 def new generation   total 24128K, used 2144K [0x00000000c0000000, 0x00000000c1a20000, 0x00000000d5550000)
  eden space 21504K,   0% used [0x00000000c0000000, 0x00000000c0000000, 0x00000000c1500000)
  from space 2624K,  81% used [0x00000000c1790000, 0x00000000c19a81c0, 0x00000000c1a20000)
  to   space 2624K,   0% used [0x00000000c1500000, 0x00000000c1500000, 0x00000000c1790000)
 tenured generation   total 53356K, used 51485K [0x00000000d5550000, 0x00000000d896b000, 0x0000000100000000)
   the space 53356K,  96% used [0x00000000d5550000, 0x00000000d87974b0, 0x00000000d8797600, 0x00000000d896b000)
 Metaspace       used 60175K, capacity 60552K, committed 60800K, reserved 1101824K
  class space    used 8125K, capacity 8221K, committed 8320K, reserved 1048576K
}
Event: 29847.777 GC heap before
{Heap before GC invocations=225 (full 22):
 def new generation   total 24128K, used 23648K [0x00000000c0000000, 0x00000000c1a20000, 0x00000000d5550000)
  eden space 21504K, 100% used [0x00000000c0000000, 0x00000000c1500000, 0x00000000c1500000)
  from space 2624K,  81% used [0x00000000c1790000, 0x00000000c19a81c0, 0x00000000c1a20000)
  to   space 2624K,   0% used [0x00000000c1500000, 0x00000000c1500000, 0x00000000c1790000)
 tenured generation   total 53356K, used 51485K [0x00000000d5550000, 0x00000000d896b000, 0x0000000100000000)
   the space 53356K,  96% used [0x00000000d5550000, 0x00000000d87974b0, 0x00000000d8797600, 0x00000000d896b000)
 Metaspace       used 60175K, capacity 60552K, committed 60800K, reserved 1101824K
  class space    used 8125K, capacity 8221K, committed 8320K, reserved 1048576K
Event: 29847.780 GC heap after
Heap after GC invocations=226 (full 22):
 def new generation   total 24128K, used 2145K [0x00000000c0000000, 0x00000000c1a20000, 0x00000000d5550000)
  eden space 21504K,   0% used [0x00000000c0000000, 0x00000000c0000000, 0x00000000c1500000)
  from space 2624K,  81% used [0x00000000c1500000, 0x00000000c1718670, 0x00000000c1790000)
  to   space 2624K,   0% used [0x00000000c1790000, 0x00000000c1790000, 0x00000000c1a20000)
 tenured generation   total 53356K, used 52509K [0x00000000d5550000, 0x00000000d896b000, 0x0000000100000000)
   the space 53356K,  98% used [0x00000000d5550000, 0x00000000d88974f0, 0x00000000d8897600, 0x00000000d896b000)
 Metaspace       used 60175K, capacity 60552K, committed 60800K, reserved 1101824K
  class space    used 8125K, capacity 8221K, committed 8320K, reserved 1048576K
}
Event: 29849.070 GC heap before
{Heap before GC invocations=226 (full 22):
 def new generation   total 24128K, used 23588K [0x00000000c0000000, 0x00000000c1a20000, 0x00000000d5550000)
  eden space 21504K,  99% used [0x00000000c0000000, 0x00000000c14f0c78, 0x00000000c1500000)
  from space 2624K,  81% used [0x00000000c1500000, 0x00000000c1718670, 0x00000000c1790000)
  to   space 2624K,   0% used [0x00000000c1790000, 0x00000000c1790000, 0x00000000c1a20000)
 tenured generation   total 53356K, used 52509K [0x00000000d5550000, 0x00000000d896b000, 0x0000000100000000)
   the space 53356K,  98% used [0x00000000d5550000, 0x00000000d88974f0, 0x00000000d8897600, 0x00000000d896b000)
 Metaspace       used 60175K, capacity 60552K, committed 60800K, reserved 1101824K
  class space    used 8125K, capacity 8221K, committed 8320K, reserved 1048576K
Event: 29849.239 GC heap after
Heap after GC invocations=227 (full 23):
 def new generation   total 40256K, used 2048K [0x00000000c0000000, 0x00000000c2ba0000, 0x00000000d5550000)
  eden space 35840K,   5% used [0x00000000c0000000, 0x00000000c02000d0, 0x00000000c2300000)
  from space 4416K,   0% used [0x00000000c2300000, 0x00000000c2300000, 0x00000000c2750000)
  to   space 4416K,   0% used [0x00000000c2750000, 0x00000000c2750000, 0x00000000c2ba0000)
 tenured generation   total 89236K, used 53539K [0x00000000d5550000, 0x00000000dac75000, 0x0000000100000000)
   the space 89236K,  59% used [0x00000000d5550000, 0x00000000d8998cf8, 0x00000000d8998e00, 0x00000000dac75000)
 Metaspace       used 60175K, capacity 60552K, committed 60800K, reserved 1101824K
  class space    used 8125K, capacity 8221K, committed 8320K, reserved 1048576K
}
Event: 29851.392 GC heap before
{Heap before GC invocations=227 (full 23):
 def new generation   total 40256K, used 35840K [0x00000000c0000000, 0x00000000c2ba0000, 0x00000000d5550000)
  eden space 35840K, 100% used [0x00000000c0000000, 0x00000000c2300000, 0x00000000c2300000)
  from space 4416K,   0% used [0x00000000c2300000, 0x00000000c2300000, 0x00000000c2750000)
  to   space 4416K,   0% used [0x00000000c2750000, 0x00000000c2750000, 0x00000000c2ba0000)
 tenured generation   total 89236K, used 53539K [0x00000000d5550000, 0x00000000dac75000, 0x0000000100000000)
   the space 89236K,  59% used [0x00000000d5550000, 0x00000000d8998cf8, 0x00000000d8998e00, 0x00000000dac75000)
 Metaspace       used 60175K, capacity 60552K, committed 60800K, reserved 1101824K
  class space    used 8125K, capacity 8221K, committed 8320K, reserved 1048576K
Event: 29851.419 GC heap after
Heap after GC invocations=228 (full 23):
 def new generation   total 40256K, used 3165K [0x00000000c0000000, 0x00000000c2ba0000, 0x00000000d5550000)
  eden space 35840K,   0% used [0x00000000c0000000, 0x00000000c0000000, 0x00000000c2300000)
  from space 4416K,  71% used [0x00000000c2750000, 0x00000000c2a675e8, 0x00000000c2ba0000)
  to   space 4416K,   0% used [0x00000000c2300000, 0x00000000c2300000, 0x00000000c2750000)
 tenured generation   total 89236K, used 53539K [0x00000000d5550000, 0x00000000dac75000, 0x0000000100000000)
   the space 89236K,  59% used [0x00000000d5550000, 0x00000000d8998cf8, 0x00000000d8998e00, 0x00000000dac75000)
 Metaspace       used 60175K, capacity 60552K, committed 60800K, reserved 1101824K
  class space    used 8125K, capacity 8221K, committed 8320K, reserved 1048576K
}
Event: 29857.330 GC heap before
{Heap before GC invocations=228 (full 23):
 def new generation   total 40256K, used 39005K [0x00000000c0000000, 0x00000000c2ba0000, 0x00000000d5550000)
  eden space 35840K, 100% used [0x00000000c0000000, 0x00000000c2300000, 0x00000000c2300000)
  from space 4416K,  71% used [0x00000000c2750000, 0x00000000c2a675e8, 0x00000000c2ba0000)
  to   space 4416K,   0% used [0x00000000c2300000, 0x00000000c2300000, 0x00000000c2750000)
 tenured generation   total 89236K, used 53539K [0x00000000d5550000, 0x00000000dac75000, 0x0000000100000000)
   the space 89236K,  59% used [0x00000000d5550000, 0x00000000d8998cf8, 0x00000000d8998e00, 0x00000000dac75000)
 Metaspace       used 60181K, capacity 60552K, committed 60800K, reserved 1101824K
  class space    used 8125K, capacity 8221K, committed 8320K, reserved 1048576K
Event: 29857.341 GC heap after
Heap after GC invocations=229 (full 23):
 def new generation   total 40256K, used 2053K [0x00000000c0000000, 0x00000000c2ba0000, 0x00000000d5550000)
  eden space 35840K,   0% used [0x00000000c0000000, 0x00000000c0000000, 0x00000000c2300000)
  from space 4416K,  46% used [0x00000000c2300000, 0x00000000c25017d8, 0x00000000c2750000)
  to   space 4416K,   0% used [0x00000000c2750000, 0x00000000c2750000, 0x00000000c2ba0000)
 tenured generation   total 89236K, used 56611K [0x00000000d5550000, 0x00000000dac75000, 0x0000000100000000)
   the space 89236K,  63% used [0x00000000d5550000, 0x00000000d8c98e08, 0x00000000d8c99000, 0x00000000dac75000)
 Metaspace       used 60181K, capacity 60552K, committed 60800K, reserved 1101824K
  class space    used 8125K, capacity 8221K, committed 8320K, reserved 1048576K
}
Event: 29860.999 GC heap before
{Heap before GC invocations=229 (full 23):
 def new generation   total 40256K, used 37893K [0x00000000c0000000, 0x00000000c2ba0000, 0x00000000d5550000)
  eden space 35840K, 100% used [0x00000000c0000000, 0x00000000c2300000, 0x00000000c2300000)
  from space 4416K,  46% used [0x00000000c2300000, 0x00000000c25017d8, 0x00000000c2750000)
  to   space 4416K,   0% used [0x00000000c2750000, 0x00000000c2750000, 0x00000000c2ba0000)
 tenured generation   total 89236K, used 56611K [0x00000000d5550000, 0x00000000dac75000, 0x0000000100000000)
   the space 89236K,  63% used [0x00000000d5550000, 0x00000000d8c98e08, 0x00000000d8c99000, 0x00000000dac75000)
 Metaspace       used 60181K, capacity 60552K, committed 60800K, reserved 1101824K
  class space    used 8125K, capacity 8221K, committed 8320K, reserved 1048576K
Event: 29861.017 GC heap after
Heap after GC invocations=230 (full 23):
 def new generation   total 40256K, used 4193K [0x00000000c0000000, 0x00000000c2ba0000, 0x00000000d5550000)
  eden space 35840K,   0% used [0x00000000c0000000, 0x00000000c0000000, 0x00000000c2300000)
  from space 4416K,  94% used [0x00000000c2750000, 0x00000000c2b686a0, 0x00000000c2ba0000)
  to   space 4416K,   0% used [0x00000000c2300000, 0x00000000c2300000, 0x00000000c2750000)
 tenured generation   total 89236K, used 56611K [0x00000000d5550000, 0x00000000dac75000, 0x0000000100000000)
   the space 89236K,  63% used [0x00000000d5550000, 0x00000000d8c98e08, 0x00000000d8c99000, 0x00000000dac75000)
 Metaspace       used 60181K, capacity 60552K, committed 60800K, reserved 1101824K
  class space    used 8125K, capacity 8221K, committed 8320K, reserved 1048576K
}
Event: 29867.765 GC heap before
{Heap before GC invocations=230 (full 23):
 def new generation   total 40256K, used 39145K [0x00000000c0000000, 0x00000000c2ba0000, 0x00000000d5550000)
  eden space 35840K,  97% used [0x00000000c0000000, 0x00000000c2221f88, 0x00000000c2300000)
  from space 4416K,  94% used [0x00000000c2750000, 0x00000000c2b686a0, 0x00000000c2ba0000)
  to   space 4416K,   0% used [0x00000000c2300000, 0x00000000c2300000, 0x00000000c2750000)
 tenured generation   total 89236K, used 56611K [0x00000000d5550000, 0x00000000dac75000, 0x0000000100000000)
   the space 89236K,  63% used [0x00000000d5550000, 0x00000000d8c98e08, 0x00000000d8c99000, 0x00000000dac75000)
 Metaspace       used 60182K, capacity 60552K, committed 60800K, reserved 1101824K
  class space    used 8125K, capacity 8221K, committed 8320K, reserved 1048576K
Event: 29867.941 GC heap after
Heap after GC invocations=231 (full 23):
 def new generation   total 40256K, used 3190K [0x00000000c0000000, 0x00000000c2ba0000, 0x00000000d5550000)
  eden space 35840K,   0% used [0x00000000c0000000, 0x00000000c0000000, 0x00000000c2300000)
  from space 4416K,  72% used [0x00000000c2300000, 0x00000000c261db20, 0x00000000c2750000)
  to   space 4416K,   0% used [0x00000000c2750000, 0x00000000c2750000, 0x00000000c2ba0000)
 tenured generation   total 89236K, used 58661K [0x00000000d5550000, 0x00000000dac75000, 0x0000000100000000)
   the space 89236K,  65% used [0x00000000d5550000, 0x00000000d8e99408, 0x00000000d8e99600, 0x00000000dac75000)
 Metaspace       used 60182K, capacity 60552K, committed 60800K, reserved 1101824K
  class space    used 8125K, capacity 8221K, committed 8320K, reserved 1048576K
}
Event: 29874.054 GC heap before
{Heap before GC invocations=231 (full 23):
 def new generation   total 40256K, used 39030K [0x00000000c0000000, 0x00000000c2ba0000, 0x00000000d5550000)
  eden space 35840K, 100% used [0x00000000c0000000, 0x00000000c2300000, 0x00000000c2300000)
  from space 4416K,  72% used [0x00000000c2300000, 0x00000000c261dba8, 0x00000000c2750000)
  to   space 4416K,   0% used [0x00000000c2750000, 0x00000000c2750000, 0x00000000c2ba0000)
 tenured generation   total 89236K, used 58661K [0x00000000d5550000, 0x00000000dac75000, 0x0000000100000000)
   the space 89236K,  65% used [0x00000000d5550000, 0x00000000d8e99408, 0x00000000d8e99600, 0x00000000dac75000)
 Metaspace       used 60182K, capacity 60552K, committed 60800K, reserved 1101824K
  class space    used 8125K, capacity 8221K, committed 8320K, reserved 1048576K
Event: 29876.933 GC heap after
Heap after GC invocations=232 (full 23):
 def new generation   total 40256K, used 3191K [0x00000000c0000000, 0x00000000c2ba0000, 0x00000000d5550000)
  eden space 35840K,   0% used [0x00000000c0000000, 0x00000000c0000000, 0x00000000c2300000)
  from space 4416K,  72% used [0x00000000c2750000, 0x00000000c2a6df28, 0x00000000c2ba0000)
  to   space 4416K,   0% used [0x00000000c2300000, 0x00000000c2300000, 0x00000000c2750000)
 tenured generation   total 89236K, used 60709K [0x00000000d5550000, 0x00000000dac75000, 0x0000000100000000)
   the space 89236K,  68% used [0x00000000d5550000, 0x00000000d90994a8, 0x00000000d9099600, 0x00000000dac75000)
 Metaspace       used 60182K, capacity 60552K, committed 60800K, reserved 1101824K
  class space    used 8125K, capacity 8221K, committed 8320K, reserved 1048576K
}
Event: 29876.960 GC heap before
{Heap before GC invocations=232 (full 23):
 def new generation   total 40256K, used 4359K [0x00000000c0000000, 0x00000000c2ba0000, 0x00000000d5550000)
  eden space 35840K,   3% used [0x00000000c0000000, 0x00000000c0123e98, 0x00000000c2300000)
  from space 4416K,  72% used [0x00000000c2750000, 0x00000000c2a6df28, 0x00000000c2ba0000)
  to   space 4416K,   0% used [0x00000000c2300000, 0x00000000c2300000, 0x00000000c2750000)
 tenured generation   total 89236K, used 60709K [0x00000000d5550000, 0x00000000dac75000, 0x0000000100000000)
   the space 89236K,  68% used [0x00000000d5550000, 0x00000000d90994a8, 0x00000000d9099600, 0x00000000dac75000)
 Metaspace       used 60182K, capacity 60552K, committed 60800K, reserved 1101824K
  class space    used 8125K, capacity 8221K, committed 8320K, reserved 1048576K
Event: 29876.966 GC heap after
Heap after GC invocations=233 (full 23):
 def new generation   total 40256K, used 2140K [0x00000000c0000000, 0x00000000c2ba0000, 0x00000000d5550000)
  eden space 35840K,   0% used [0x00000000c0000000, 0x00000000c0000000, 0x00000000c2300000)
  from space 4416K,  48% used [0x00000000c2300000, 0x00000000c2517120, 0x00000000c2750000)
  to   space 4416K,   0% used [0x00000000c2750000, 0x00000000c2750000, 0x00000000c2ba0000)
 tenured generation   total 89236K, used 61760K [0x00000000d5550000, 0x00000000dac75000, 0x0000000100000000)
   the space 89236K,  69% used [0x00000000d5550000, 0x00000000d91a0318, 0x00000000d91a0400, 0x00000000dac75000)
 Metaspace       used 60182K, capacity 60552K, committed 60800K, reserved 1101824K
  class space    used 8125K, capacity 8221K, committed 8320K, reserved 1048576K
}
Event: 29877.876 GC heap before
{Heap before GC invocations=233 (full 23):
 def new generation   total 40256K, used 37980K [0x00000000c0000000, 0x00000000c2ba0000, 0x00000000d5550000)
  eden space 35840K, 100% used [0x00000000c0000000, 0x00000000c2300000, 0x00000000c2300000)
  from space 4416K,  48% used [0x00000000c2300000, 0x00000000c2517120, 0x00000000c2750000)
  to   space 4416K,   0% used [0x00000000c2750000, 0x00000000c2750000, 0x00000000c2ba0000)
 tenured generation   total 89236K, used 61760K [0x00000000d5550000, 0x00000000dac75000, 0x0000000100000000)
   the space 89236K,  69% used [0x00000000d5550000, 0x00000000d91a0318, 0x00000000d91a0400, 0x00000000dac75000)
 Metaspace       used 60182K, capacity 60552K, committed 60800K, reserved 1101824K
  class space    used 8125K, capacity 8221K, committed 8320K, reserved 1048576K
Event: 29877.880 GC heap after
Heap after GC invocations=234 (full 23):
 def new generation   total 40256K, used 4194K [0x00000000c0000000, 0x00000000c2ba0000, 0x00000000d5550000)
  eden space 35840K,   0% used [0x00000000c0000000, 0x00000000c0000000, 0x00000000c2300000)
  from space 4416K,  94% used [0x00000000c2750000, 0x00000000c2b68ac0, 0x00000000c2ba0000)
  to   space 4416K,   0% used [0x00000000c2300000, 0x00000000c2300000, 0x00000000c2750000)
 tenured generation   total 89236K, used 61760K [0x00000000d5550000, 0x00000000dac75000, 0x0000000100000000)
   the space 89236K,  69% used [0x00000000d5550000, 0x00000000d91a0318, 0x00000000d91a0400, 0x00000000dac75000)
 Metaspace       used 60182K, capacity 60552K, committed 60800K, reserved 1101824K
  class space    used 8125K, capacity 8221K, committed 8320K, reserved 1048576K
}
Event: 29880.571 GC heap before
{Heap before GC invocations=234 (full 23):
 def new generation   total 40256K, used 40034K [0x00000000c0000000, 0x00000000c2ba0000, 0x00000000d5550000)
  eden space 35840K, 100% used [0x00000000c0000000, 0x00000000c2300000, 0x00000000c2300000)
  from space 4416K,  94% used [0x00000000c2750000, 0x00000000c2b68ac0, 0x00000000c2ba0000)
  to   space 4416K,   0% used [0x00000000c2300000, 0x00000000c2300000, 0x00000000c2750000)
 tenured generation   total 89236K, used 61760K [0x00000000d5550000, 0x00000000dac75000, 0x0000000100000000)
   the space 89236K,  69% used [0x00000000d5550000, 0x00000000d91a0318, 0x00000000d91a0400, 0x00000000dac75000)
 Metaspace       used 60182K, capacity 60552K, committed 60800K, reserved 1101824K
  class space    used 8125K, capacity 8221K, committed 8320K, reserved 1048576K
Event: 29880.577 GC heap after
Heap after GC invocations=235 (full 23):
 def new generation   total 40256K, used 4193K [0x00000000c0000000, 0x00000000c2ba0000, 0x00000000d5550000)
  eden space 35840K,   0% used [0x00000000c0000000, 0x00000000c0000000, 0x00000000c2300000)
  from space 4416K,  94% used [0x00000000c2300000, 0x00000000c27184c8, 0x00000000c2750000)
  to   space 4416K,   0% used [0x00000000c2750000, 0x00000000c2750000, 0x00000000c2ba0000)
 tenured generation   total 89236K, used 63808K [0x00000000d5550000, 0x00000000dac75000, 0x0000000100000000)
   the space 89236K,  71% used [0x00000000d5550000, 0x00000000d93a0368, 0x00000000d93a0400, 0x00000000dac75000)
 Metaspace       used 60182K, capacity 60552K, committed 60800K, reserved 1101824K
  class space    used 8125K, capacity 8221K, committed 8320K, reserved 1048576K
}
Event: 29882.254 GC heap before
{Heap before GC invocations=235 (full 23):
 def new generation   total 40256K, used 39948K [0x00000000c0000000, 0x00000000c2ba0000, 0x00000000d5550000)
  eden space 35840K,  99% used [0x00000000c0000000, 0x00000000c22eadd8, 0x00000000c2300000)
  from space 4416K,  94% used [0x00000000c2300000, 0x00000000c27184c8, 0x00000000c2750000)
  to   space 4416K,   0% used [0x00000000c2750000, 0x00000000c2750000, 0x00000000c2ba0000)
 tenured generation   total 89236K, used 63808K [0x00000000d5550000, 0x00000000dac75000, 0x0000000100000000)
   the space 89236K,  71% used [0x00000000d5550000, 0x00000000d93a0368, 0x00000000d93a0400, 0x00000000dac75000)
 Metaspace       used 60182K, capacity 60552K, committed 60800K, reserved 1101824K
  class space    used 8125K, capacity 8221K, committed 8320K, reserved 1048576K
Event: 29882.258 GC heap after
Heap after GC invocations=236 (full 23):
 def new generation   total 40256K, used 4096K [0x00000000c0000000, 0x00000000c2ba0000, 0x00000000d5550000)
  eden space 35840K,   0% used [0x00000000c0000000, 0x00000000c0000000, 0x00000000c2300000)
  from space 4416K,  92% used [0x00000000c2750000, 0x00000000c2b50330, 0x00000000c2ba0000)
  to   space 4416K,   0% used [0x00000000c2300000, 0x00000000c2300000, 0x00000000c2750000)
 tenured generation   total 89236K, used 65862K [0x00000000d5550000, 0x00000000dac75000, 0x0000000100000000)
   the space 89236K,  73% used [0x00000000d5550000, 0x00000000d95a1888, 0x00000000d95a1a00, 0x00000000dac75000)
 Metaspace       used 60182K, capacity 60552K, committed 60800K, reserved 1101824K
  class space    used 8125K, capacity 8221K, committed 8320K, reserved 1048576K
}
Event: 29884.512 GC heap before
{Heap before GC invocations=236 (full 23):
 def new generation   total 40256K, used 39936K [0x00000000c0000000, 0x00000000c2ba0000, 0x00000000d5550000)
  eden space 35840K, 100% used [0x00000000c0000000, 0x00000000c2300000, 0x00000000c2300000)
  from space 4416K,  92% used [0x00000000c2750000, 0x00000000c2b50330, 0x00000000c2ba0000)
  to   space 4416K,   0% used [0x00000000c2300000, 0x00000000c2300000, 0x00000000c2750000)
 tenured generation   total 89236K, used 65862K [0x00000000d5550000, 0x00000000dac75000, 0x0000000100000000)
   the space 89236K,  73% used [0x00000000d5550000, 0x00000000d95a1888, 0x00000000d95a1a00, 0x00000000dac75000)
 Metaspace       used 60182K, capacity 60552K, committed 60800K, reserved 1101824K
  class space    used 8125K, capacity 8221K, committed 8320K, reserved 1048576K
Event: 29884.518 GC heap after
Heap after GC invocations=237 (full 23):
 def new generation   total 40256K, used 3166K [0x00000000c0000000, 0x00000000c2ba0000, 0x00000000d5550000)
  eden space 35840K,   0% used [0x00000000c0000000, 0x00000000c0000000, 0x00000000c2300000)
  from space 4416K,  71% used [0x00000000c2300000, 0x00000000c2617818, 0x00000000c2750000)
  to   space 4416K,   0% used [0x00000000c2750000, 0x00000000c2750000, 0x00000000c2ba0000)
 tenured generation   total 89236K, used 67910K [0x00000000d5550000, 0x00000000dac75000, 0x0000000100000000)
   the space 89236K,  76% used [0x00000000d5550000, 0x00000000d97a1908, 0x00000000d97a1a00, 0x00000000dac75000)
 Metaspace       used 60182K, capacity 60552K, committed 60800K, reserved 1101824K
  class space    used 8125K, capacity 8221K, committed 8320K, reserved 1048576K
}
Event: 29887.018 GC heap before
{Heap before GC invocations=237 (full 23):
 def new generation   total 40256K, used 39006K [0x00000000c0000000, 0x00000000c2ba0000, 0x00000000d5550000)
  eden space 35840K, 100% used [0x00000000c0000000, 0x00000000c2300000, 0x00000000c2300000)
  from space 4416K,  71% used [0x00000000c2300000, 0x00000000c2617818, 0x00000000c2750000)
  to   space 4416K,   0% used [0x00000000c2750000, 0x00000000c2750000, 0x00000000c2ba0000)
 tenured generation   total 89236K, used 67910K [0x00000000d5550000, 0x00000000dac75000, 0x0000000100000000)
   the space 89236K,  76% used [0x00000000d5550000, 0x00000000d97a1908, 0x00000000d97a1a00, 0x00000000dac75000)
 Metaspace       used 60182K, capacity 60552K, committed 60800K, reserved 1101824K
  class space    used 8125K, capacity 8221K, committed 8320K, reserved 1048576K
Event: 29887.024 GC heap after
Heap after GC invocations=238 (full 23):
 def new generation   total 40256K, used 3169K [0x00000000c0000000, 0x00000000c2ba0000, 0x00000000d5550000)
  eden space 35840K,   0% used [0x00000000c0000000, 0x00000000c0000000, 0x00000000c2300000)
  from space 4416K,  71% used [0x00000000c2750000, 0x00000000c2a68630, 0x00000000c2ba0000)
  to   space 4416K,   0% used [0x00000000c2300000, 0x00000000c2300000, 0x00000000c2750000)
 tenured generation   total 89236K, used 69958K [0x00000000d5550000, 0x00000000dac75000, 0x0000000100000000)
   the space 89236K,  78% used [0x00000000d5550000, 0x00000000d99a19a0, 0x00000000d99a1a00, 0x00000000dac75000)
 Metaspace       used 60182K, capacity 60552K, committed 60800K, reserved 1101824K
  class space    used 8125K, capacity 8221K, committed 8320K, reserved 1048576K
}
Event: 29889.298 GC heap before
{Heap before GC invocations=238 (full 23):
 def new generation   total 40256K, used 39009K [0x00000000c0000000, 0x00000000c2ba0000, 0x00000000d5550000)
  eden space 35840K, 100% used [0x00000000c0000000, 0x00000000c2300000, 0x00000000c2300000)
  from space 4416K,  71% used [0x00000000c2750000, 0x00000000c2a68630, 0x00000000c2ba0000)
  to   space 4416K,   0% used [0x00000000c2300000, 0x00000000c2300000, 0x00000000c2750000)
 tenured generation   total 89236K, used 69958K [0x00000000d5550000, 0x00000000dac75000, 0x0000000100000000)
   the space 89236K,  78% used [0x00000000d5550000, 0x00000000d99a19a0, 0x00000000d99a1a00, 0x00000000dac75000)
 Metaspace       used 60182K, capacity 60552K, committed 60800K, reserved 1101824K
  class space    used 8125K, capacity 8221K, committed 8320K, reserved 1048576K
Event: 29889.301 GC heap after
Heap after GC invocations=239 (full 23):
 def new generation   total 40256K, used 4193K [0x00000000c0000000, 0x00000000c2ba0000, 0x00000000d5550000)
  eden space 35840K,   0% used [0x00000000c0000000, 0x00000000c0000000, 0x00000000c2300000)
  from space 4416K,  94% used [0x00000000c2300000, 0x00000000c27187e8, 0x00000000c2750000)
  to   space 4416K,   0% used [0x00000000c2750000, 0x00000000c2750000, 0x00000000c2ba0000)
 tenured generation   total 89236K, used 70982K [0x00000000d5550000, 0x00000000dac75000, 0x0000000100000000)
   the space 89236K,  79% used [0x00000000d5550000, 0x00000000d9aa19e0, 0x00000000d9aa1a00, 0x00000000dac75000)
 Metaspace       used 60182K, capacity 60552K, committed 60800K, reserved 1101824K
  class space    used 8125K, capacity 8221K, committed 8320K, reserved 1048576K
}
Event: 29891.532 GC heap before
{Heap before GC invocations=239 (full 23):
 def new generation   total 40256K, used 40033K [0x00000000c0000000, 0x00000000c2ba0000, 0x00000000d5550000)
  eden space 35840K, 100% used [0x00000000c0000000, 0x00000000c2300000, 0x00000000c2300000)
  from space 4416K,  94% used [0x00000000c2300000, 0x00000000c27187e8, 0x00000000c2750000)
  to   space 4416K,   0% used [0x00000000c2750000, 0x00000000c2750000, 0x00000000c2ba0000)
 tenured generation   total 89236K, used 70982K [0x00000000d5550000, 0x00000000dac75000, 0x0000000100000000)
   the space 89236K,  79% used [0x00000000d5550000, 0x00000000d9aa19e0, 0x00000000d9aa1a00, 0x00000000dac75000)
 Metaspace       used 60182K, capacity 60552K, committed 60800K, reserved 1101824K
  class space    used 8125K, capacity 8221K, committed 8320K, reserved 1048576K
Event: 29891.536 GC heap after
Heap after GC invocations=240 (full 23):
 def new generation   total 40256K, used 4096K [0x00000000c0000000, 0x00000000c2ba0000, 0x00000000d5550000)
  eden space 35840K,   0% used [0x00000000c0000000, 0x00000000c0000000, 0x00000000c2300000)
  from space 4416K,  92% used [0x00000000c2750000, 0x00000000c2b50348, 0x00000000c2ba0000)
  to   space 4416K,   0% used [0x00000000c2300000, 0x00000000c2300000, 0x00000000c2750000)
 tenured generation   total 89236K, used 73035K [0x00000000d5550000, 0x00000000dac75000, 0x0000000100000000)
   the space 89236K,  81% used [0x00000000d5550000, 0x00000000d9ca2f40, 0x00000000d9ca3000, 0x00000000dac75000)
 Metaspace       used 60182K, capacity 60552K, committed 60800K, reserved 1101824K
  class space    used 8125K, capacity 8221K, committed 8320K, reserved 1048576K
}
Event: 29893.766 GC heap before
{Heap before GC invocations=240 (full 23):
 def new generation   total 40256K, used 39936K [0x00000000c0000000, 0x00000000c2ba0000, 0x00000000d5550000)
  eden space 35840K, 100% used [0x00000000c0000000, 0x00000000c2300000, 0x00000000c2300000)
  from space 4416K,  92% used [0x00000000c2750000, 0x00000000c2b50348, 0x00000000c2ba0000)
  to   space 4416K,   0% used [0x00000000c2300000, 0x00000000c2300000, 0x00000000c2750000)
 tenured generation   total 89236K, used 73035K [0x00000000d5550000, 0x00000000dac75000, 0x0000000100000000)
   the space 89236K,  81% used [0x00000000d5550000, 0x00000000d9ca2f40, 0x00000000d9ca3000, 0x00000000dac75000)
 Metaspace       used 60182K, capacity 60552K, committed 60800K, reserved 1101824K
  class space    used 8125K, capacity 8221K, committed 8320K, reserved 1048576K
Event: 29893.770 GC heap after
Heap after GC invocations=241 (full 23):
 def new generation   total 40256K, used 3073K [0x00000000c0000000, 0x00000000c2ba0000, 0x00000000d5550000)
  eden space 35840K,   0% used [0x00000000c0000000, 0x00000000c0000000, 0x00000000c2300000)
  from space 4416K,  69% used [0x00000000c2300000, 0x00000000c2600618, 0x00000000c2750000)
  to   space 4416K,   0% used [0x00000000c2750000, 0x00000000c2750000, 0x00000000c2ba0000)
 tenured generation   total 89236K, used 75083K [0x00000000d5550000, 0x00000000dac75000, 0x0000000100000000)
   the space 89236K,  84% used [0x00000000d5550000, 0x00000000d9ea2fe0, 0x00000000d9ea3000, 0x00000000dac75000)
 Metaspace       used 60182K, capacity 60552K, committed 60800K, reserved 1101824K
  class space    used 8125K, capacity 8221K, committed 8320K, reserved 1048576K
}
Event: 29896.036 GC heap before
{Heap before GC invocations=241 (full 23):
 def new generation   total 40256K, used 38863K [0x00000000c0000000, 0x00000000c2ba0000, 0x00000000d5550000)
  eden space 35840K,  99% used [0x00000000c0000000, 0x00000000c22f38b8, 0x00000000c2300000)
  from space 4416K,  69% used [0x00000000c2300000, 0x00000000c2600618, 0x00000000c2750000)
  to   space 4416K,   0% used [0x00000000c2750000, 0x00000000c2750000, 0x00000000c2ba0000)
 tenured generation   total 89236K, used 75083K [0x00000000d5550000, 0x00000000dac75000, 0x0000000100000000)
   the space 89236K,  84% used [0x00000000d5550000, 0x00000000d9ea2fe0, 0x00000000d9ea3000, 0x00000000dac75000)
 Metaspace       used 60182K, capacity 60552K, committed 60800K, reserved 1101824K
  class space    used 8125K, capacity 8221K, committed 8320K, reserved 1048576K
Event: 29896.040 GC heap after
Heap after GC invocations=242 (full 23):
 def new generation   total 40256K, used 3101K [0x00000000c0000000, 0x00000000c2ba0000, 0x00000000d5550000)
  eden space 35840K,   0% used [0x00000000c0000000, 0x00000000c0000000, 0x00000000c2300000)
  from space 4416K,  70% used [0x00000000c2750000, 0x00000000c2a577f8, 0x00000000c2ba0000)
  to   space 4416K,   0% used [0x00000000c2300000, 0x00000000c2300000, 0x00000000c2750000)
 tenured generation   total 89236K, used 77132K [0x00000000d5550000, 0x00000000dac75000, 0x0000000100000000)
   the space 89236K,  86% used [0x00000000d5550000, 0x00000000da0a3060, 0x00000000da0a3200, 0x00000000dac75000)
 Metaspace       used 60182K, capacity 60552K, committed 60800K, reserved 1101824K
  class space    used 8125K, capacity 8221K, committed 8320K, reserved 1048576K
}
Event: 29898.260 GC heap before
{Heap before GC invocations=242 (full 23):
 def new generation   total 40256K, used 38941K [0x00000000c0000000, 0x00000000c2ba0000, 0x00000000d5550000)
  eden space 35840K, 100% used [0x00000000c0000000, 0x00000000c2300000, 0x00000000c2300000)
  from space 4416K,  70% used [0x00000000c2750000, 0x00000000c2a577f8, 0x00000000c2ba0000)
  to   space 4416K,   0% used [0x00000000c2300000, 0x00000000c2300000, 0x00000000c2750000)
 tenured generation   total 89236K, used 77132K [0x00000000d5550000, 0x00000000dac75000, 0x0000000100000000)
   the space 89236K,  86% used [0x00000000d5550000, 0x00000000da0a3060, 0x00000000da0a3200, 0x00000000dac75000)
 Metaspace       used 60182K, capacity 60552K, committed 60800K, reserved 1101824K
  class space    used 8125K, capacity 8221K, committed 8320K, reserved 1048576K
Event: 29898.263 GC heap after
Heap after GC invocations=243 (full 23):
 def new generation   total 40256K, used 4216K [0x00000000c0000000, 0x00000000c2ba0000, 0x00000000d5550000)
  eden space 35840K,   0% used [0x00000000c0000000, 0x00000000c0000000, 0x00000000c2300000)
  from space 4416K,  95% used [0x00000000c2300000, 0x00000000c271e298, 0x00000000c2750000)
  to   space 4416K,   0% used [0x00000000c2750000, 0x00000000c2750000, 0x00000000c2ba0000)
 tenured generation   total 89236K, used 78156K [0x00000000d5550000, 0x00000000dac75000, 0x0000000100000000)
   the space 89236K,  87% used [0x00000000d5550000, 0x00000000da1a33c0, 0x00000000da1a3400, 0x00000000dac75000)
 Metaspace       used 60182K, capacity 60552K, committed 60800K, reserved 1101824K
  class space    used 8125K, capacity 8221K, committed 8320K, reserved 1048576K
}
Event: 29900.385 GC heap before
{Heap before GC invocations=243 (full 23):
 def new generation   total 40256K, used 40056K [0x00000000c0000000, 0x00000000c2ba0000, 0x00000000d5550000)
  eden space 35840K, 100% used [0x00000000c0000000, 0x00000000c2300000, 0x00000000c2300000)
  from space 4416K,  95% used [0x00000000c2300000, 0x00000000c271e298, 0x00000000c2750000)
  to   space 4416K,   0% used [0x00000000c2750000, 0x00000000c2750000, 0x00000000c2ba0000)
 tenured generation   total 89236K, used 78156K [0x00000000d5550000, 0x00000000dac75000, 0x0000000100000000)
   the space 89236K,  87% used [0x00000000d5550000, 0x00000000da1a33c0, 0x00000000da1a3400, 0x00000000dac75000)
 Metaspace       used 60182K, capacity 60552K, committed 60800K, reserved 1101824K
  class space    used 8125K, capacity 8221K, committed 8320K, reserved 1048576K
Event: 29900.389 GC heap after
Heap after GC invocations=244 (full 23):
 def new generation   total 40256K, used 4187K [0x00000000c0000000, 0x00000000c2ba0000, 0x00000000d5550000)
  eden space 35840K,   0% used [0x00000000c0000000, 0x00000000c0000000, 0x00000000c2300000)
  from space 4416K,  94% used [0x00000000c2750000, 0x00000000c2b66fb8, 0x00000000c2ba0000)
  to   space 4416K,   0% used [0x00000000c2300000, 0x00000000c2300000, 0x00000000c2750000)
 tenured generation   total 89236K, used 80233K [0x00000000d5550000, 0x00000000dac75000, 0x0000000100000000)
   the space 89236K,  89% used [0x00000000d5550000, 0x00000000da3aa620, 0x00000000da3aa800, 0x00000000dac75000)
 Metaspace       used 60182K, capacity 60552K, committed 60800K, reserved 1101824K
  class space    used 8125K, capacity 8221K, committed 8320K, reserved 1048576K
}
Event: 29902.591 GC heap before
{Heap before GC invocations=244 (full 23):
 def new generation   total 40256K, used 39092K [0x00000000c0000000, 0x00000000c2ba0000, 0x00000000d5550000)
  eden space 35840K,  97% used [0x00000000c0000000, 0x00000000c2216370, 0x00000000c2300000)
  from space 4416K,  94% used [0x00000000c2750000, 0x00000000c2b66fb8, 0x00000000c2ba0000)
  to   space 4416K,   0% used [0x00000000c2300000, 0x00000000c2300000, 0x00000000c2750000)
 tenured generation   total 89236K, used 80233K [0x00000000d5550000, 0x00000000dac75000, 0x0000000100000000)
   the space 89236K,  89% used [0x00000000d5550000, 0x00000000da3aa620, 0x00000000da3aa800, 0x00000000dac75000)
 Metaspace       used 60182K, capacity 60552K, committed 60800K, reserved 1101824K
  class space    used 8125K, capacity 8221K, committed 8320K, reserved 1048576K
Event: 29902.595 GC heap after
Heap after GC invocations=245 (full 23):
 def new generation   total 40256K, used 3163K [0x00000000c0000000, 0x00000000c2ba0000, 0x00000000d5550000)
  eden space 35840K,   0% used [0x00000000c0000000, 0x00000000c0000000, 0x00000000c2300000)
  from space 4416K,  71% used [0x00000000c2300000, 0x00000000c2616ee8, 0x00000000c2750000)
  to   space 4416K,   0% used [0x00000000c2750000, 0x00000000c2750000, 0x00000000c2ba0000)
 tenured generation   total 89236K, used 82281K [0x00000000d5550000, 0x00000000dac75000, 0x0000000100000000)
   the space 89236K,  92% used [0x00000000d5550000, 0x00000000da5aa6a0, 0x00000000da5aa800, 0x00000000dac75000)
 Metaspace       used 60182K, capacity 60552K, committed 60800K, reserved 1101824K
  class space    used 8125K, capacity 8221K, committed 8320K, reserved 1048576K
}
Event: 29904.924 GC heap before
{Heap before GC invocations=245 (full 23):
 def new generation   total 40256K, used 39003K [0x00000000c0000000, 0x00000000c2ba0000, 0x00000000d5550000)
  eden space 35840K, 100% used [0x00000000c0000000, 0x00000000c2300000, 0x00000000c2300000)
  from space 4416K,  71% used [0x00000000c2300000, 0x00000000c2616ee8, 0x00000000c2750000)
  to   space 4416K,   0% used [0x00000000c2750000, 0x00000000c2750000, 0x00000000c2ba0000)
 tenured generation   total 89236K, used 82281K [0x00000000d5550000, 0x00000000dac75000, 0x0000000100000000)
   the space 89236K,  92% used [0x00000000d5550000, 0x00000000da5aa6a0, 0x00000000da5aa800, 0x00000000dac75000)
 Metaspace       used 60187K, capacity 60558K, committed 60800K, reserved 1101824K
  class space    used 8125K, capacity 8222K, committed 8320K, reserved 1048576K
Event: 29904.956 GC heap after
Heap after GC invocations=246 (full 23):
 def new generation   total 40256K, used 3171K [0x00000000c0000000, 0x00000000c2ba0000, 0x00000000d5550000)
  eden space 35840K,   0% used [0x00000000c0000000, 0x00000000c0000000, 0x00000000c2300000)
  from space 4416K,  71% used [0x00000000c2750000, 0x00000000c2a68d98, 0x00000000c2ba0000)
  to   space 4416K,   0% used [0x00000000c2300000, 0x00000000c2300000, 0x00000000c2750000)
 tenured generation   total 89236K, used 84329K [0x00000000d5550000, 0x00000000dac75000, 0x0000000100000000)
   the space 89236K,  94% used [0x00000000d5550000, 0x00000000da7aa740, 0x00000000da7aa800, 0x00000000dac75000)
 Metaspace       used 60187K, capacity 60558K, committed 60800K, reserved 1101824K
  class space    used 8125K, capacity 8222K, committed 8320K, reserved 1048576K
}
Event: 29907.271 GC heap before
{Heap before GC invocations=246 (full 23):
 def new generation   total 40256K, used 39011K [0x00000000c0000000, 0x00000000c2ba0000, 0x00000000d5550000)
  eden space 35840K, 100% used [0x00000000c0000000, 0x00000000c2300000, 0x00000000c2300000)
  from space 4416K,  71% used [0x00000000c2750000, 0x00000000c2a68d98, 0x00000000c2ba0000)
  to   space 4416K,   0% used [0x00000000c2300000, 0x00000000c2300000, 0x00000000c2750000)
 tenured generation   total 89236K, used 84329K [0x00000000d5550000, 0x00000000dac75000, 0x0000000100000000)
   the space 89236K,  94% used [0x00000000d5550000, 0x00000000da7aa740, 0x00000000da7aa800, 0x00000000dac75000)
 Metaspace       used 60187K, capacity 60558K, committed 60800K, reserved 1101824K
  class space    used 8125K, capacity 8222K, committed 8320K, reserved 1048576K
Event: 29907.274 GC heap after
Heap after GC invocations=247 (full 23):
 def new generation   total 40256K, used 4193K [0x00000000c0000000, 0x00000000c2ba0000, 0x00000000d5550000)
  eden space 35840K,   0% used [0x00000000c0000000, 0x00000000c0000000, 0x00000000c2300000)
  from space 4416K,  94% used [0x00000000c2300000, 0x00000000c27186e0, 0x00000000c2750000)
  to   space 4416K,   0% used [0x00000000c2750000, 0x00000000c2750000, 0x00000000c2ba0000)
 tenured generation   total 89236K, used 85353K [0x00000000d5550000, 0x00000000dac75000, 0x0000000100000000)
   the space 89236K,  95% used [0x00000000d5550000, 0x00000000da8aa7b0, 0x00000000da8aa800, 0x00000000dac75000)
 Metaspace       used 60187K, capacity 60558K, committed 60800K, reserved 1101824K
  class space    used 8125K, capacity 8222K, committed 8320K, reserved 1048576K
}
Event: 29909.491 GC heap before
{Heap before GC invocations=247 (full 23):
 def new generation   total 40256K, used 40033K [0x00000000c0000000, 0x00000000c2ba0000, 0x00000000d5550000)
  eden space 35840K, 100% used [0x00000000c0000000, 0x00000000c2300000, 0x00000000c2300000)
  from space 4416K,  94% used [0x00000000c2300000, 0x00000000c27186e0, 0x00000000c2750000)
  to   space 4416K,   0% used [0x00000000c2750000, 0x00000000c2750000, 0x00000000c2ba0000)
 tenured generation   total 89236K, used 85353K [0x00000000d5550000, 0x00000000dac75000, 0x0000000100000000)
   the space 89236K,  95% used [0x00000000d5550000, 0x00000000da8aa7b0, 0x00000000da8aa800, 0x00000000dac75000)
 Metaspace       used 60187K, capacity 60558K, committed 60800K, reserved 1101824K
  class space    used 8125K, capacity 8222K, committed 8320K, reserved 1048576K
Event: 29909.500 GC heap after
Heap after GC invocations=248 (full 23):
 def new generation   total 40256K, used 4187K [0x00000000c0000000, 0x00000000c2ba0000, 0x00000000d5550000)
  eden space 35840K,   0% used [0x00000000c0000000, 0x00000000c0000000, 0x00000000c2300000)
  from space 4416K,  94% used [0x00000000c2750000, 0x00000000c2b66e98, 0x00000000c2ba0000)
  to   space 4416K,   0% used [0x00000000c2300000, 0x00000000c2300000, 0x00000000c2750000)
 tenured generation   total 89236K, used 87408K [0x00000000d5550000, 0x00000000dac75000, 0x0000000100000000)
   the space 89236K,  97% used [0x00000000d5550000, 0x00000000daaac160, 0x00000000daaac200, 0x00000000dac75000)
 Metaspace       used 60187K, capacity 60558K, committed 60800K, reserved 1101824K
  class space    used 8125K, capacity 8222K, committed 8320K, reserved 1048576K
}
Event: 29911.728 GC heap before
{Heap before GC invocations=248 (full 23):
 def new generation   total 40256K, used 40027K [0x00000000c0000000, 0x00000000c2ba0000, 0x00000000d5550000)
  eden space 35840K, 100% used [0x00000000c0000000, 0x00000000c2300000, 0x00000000c2300000)
  from space 4416K,  94% used [0x00000000c2750000, 0x00000000c2b66e98, 0x00000000c2ba0000)
  to   space 4416K,   0% used [0x00000000c2300000, 0x00000000c2300000, 0x00000000c2750000)
 tenured generation   total 89236K, used 87408K [0x00000000d5550000, 0x00000000dac75000, 0x0000000100000000)
   the space 89236K,  97% used [0x00000000d5550000, 0x00000000daaac160, 0x00000000daaac200, 0x00000000dac75000)
 Metaspace       used 60187K, capacity 60558K, committed 60800K, reserved 1101824K
  class space    used 8125K, capacity 8222K, committed 8320K, reserved 1048576K
Event: 29916.169 GC heap after
Heap after GC invocations=249 (full 24):
 def new generation   total 67456K, used 3072K [0x00000000c0000000, 0x00000000c4930000, 0x00000000d5550000)
  eden space 59968K,   5% used [0x00000000c0000000, 0x00000000c03000e0, 0x00000000c3a90000)
  from space 7488K,   0% used [0x00000000c3a90000, 0x00000000c3a90000, 0x00000000c41e0000)
  to   space 7488K,   0% used [0x00000000c41e0000, 0x00000000c41e0000, 0x00000000c4930000)
 tenured generation   total 149768K, used 89859K [0x00000000d5550000, 0x00000000de792000, 0x0000000100000000)
   the space 149768K,  59% used [0x00000000d5550000, 0x00000000dad10e40, 0x00000000dad11000, 0x00000000de792000)
 Metaspace       used 60187K, capacity 60558K, committed 60800K, reserved 1101824K
  class space    used 8125K, capacity 8222K, committed 8320K, reserved 1048576K
}
Event: 29916.611 GC heap before
{Heap before GC invocations=249 (full 24):
 def new generation   total 67456K, used 59968K [0x00000000c0000000, 0x00000000c4930000, 0x00000000d5550000)
  eden space 59968K, 100% used [0x00000000c0000000, 0x00000000c3a90000, 0x00000000c3a90000)
  from space 7488K,   0% used [0x00000000c3a90000, 0x00000000c3a90000, 0x00000000c41e0000)
  to   space 7488K,   0% used [0x00000000c41e0000, 0x00000000c41e0000, 0x00000000c4930000)
 tenured generation   total 149768K, used 89859K [0x00000000d5550000, 0x00000000de792000, 0x0000000100000000)
   the space 149768K,  59% used [0x00000000d5550000, 0x00000000dad10e40, 0x00000000dad11000, 0x00000000de792000)
 Metaspace       used 60187K, capacity 60558K, committed 60800K, reserved 1101824K
  class space    used 8125K, capacity 8222K, committed 8320K, reserved 1048576K
Event: 29916.636 GC heap after
Heap after GC invocations=250 (full 24):
 def new generation   total 67456K, used 5218K [0x00000000c0000000, 0x00000000c4930000, 0x00000000d5550000)
  eden space 59968K,   0% used [0x00000000c0000000, 0x00000000c0000000, 0x00000000c3a90000)
  from space 7488K,  69% used [0x00000000c41e0000, 0x00000000c46f8b88, 0x00000000c4930000)
  to   space 7488K,   0% used [0x00000000c3a90000, 0x00000000c3a90000, 0x00000000c41e0000)
 tenured generation   total 149768K, used 89859K [0x00000000d5550000, 0x00000000de792000, 0x0000000100000000)
   the space 149768K,  59% used [0x00000000d5550000, 0x00000000dad10e40, 0x00000000dad11000, 0x00000000de792000)
 Metaspace       used 60187K, capacity 60558K, committed 60800K, reserved 1101824K
  class space    used 8125K, capacity 8222K, committed 8320K, reserved 1048576K
}
Event: 29925.114 GC heap before
{Heap before GC invocations=250 (full 24):
 def new generation   total 67456K, used 65175K [0x00000000c0000000, 0x00000000c4930000, 0x00000000d5550000)
  eden space 59968K,  99% used [0x00000000c0000000, 0x00000000c3a8d3d8, 0x00000000c3a90000)
  from space 7488K,  69% used [0x00000000c41e0000, 0x00000000c46f8b88, 0x00000000c4930000)
  to   space 7488K,   0% used [0x00000000c3a90000, 0x00000000c3a90000, 0x00000000c41e0000)
 tenured generation   total 149768K, used 89859K [0x00000000d5550000, 0x00000000de792000, 0x0000000100000000)
   the space 149768K,  59% used [0x00000000d5550000, 0x00000000dad10e40, 0x00000000dad11000, 0x00000000de792000)
 Metaspace       used 60340K, capacity 60718K, committed 61056K, reserved 1101824K
  class space    used 8152K, capacity 8254K, committed 8320K, reserved 1048576K
Event: 29925.181 GC heap after
Heap after GC invocations=251 (full 24):
 def new generation   total 67456K, used 7487K [0x00000000c0000000, 0x00000000c4930000, 0x00000000d5550000)
  eden space 59968K,   0% used [0x00000000c0000000, 0x00000000c0000000, 0x00000000c3a90000)
  from space 7488K,  99% used [0x00000000c3a90000, 0x00000000c41dfff8, 0x00000000c41e0000)
  to   space 7488K,   0% used [0x00000000c41e0000, 0x00000000c41e0000, 0x00000000c4930000)
 tenured generation   total 149768K, used 95486K [0x00000000d5550000, 0x00000000de792000, 0x0000000100000000)
   the space 149768K,  63% used [0x00000000d5550000, 0x00000000db28faa0, 0x00000000db28fc00, 0x00000000de792000)
 Metaspace       used 60340K, capacity 60718K, committed 61056K, reserved 1101824K
  class space    used 8152K, capacity 8254K, committed 8320K, reserved 1048576K
}
Event: 29929.644 GC heap before
{Heap before GC invocations=251 (full 24):
 def new generation   total 67456K, used 67426K [0x00000000c0000000, 0x00000000c4930000, 0x00000000d5550000)
  eden space 59968K,  99% used [0x00000000c0000000, 0x00000000c3a88918, 0x00000000c3a90000)
  from space 7488K,  99% used [0x00000000c3a90000, 0x00000000c41dfff8, 0x00000000c41e0000)
  to   space 7488K,   0% used [0x00000000c41e0000, 0x00000000c41e0000, 0x00000000c4930000)
 tenured generation   total 149768K, used 95486K [0x00000000d5550000, 0x00000000de792000, 0x0000000100000000)
   the space 149768K,  63% used [0x00000000d5550000, 0x00000000db28faa0, 0x00000000db28fc00, 0x00000000de792000)
 Metaspace       used 60362K, capacity 60718K, committed 61056K, reserved 1101824K
  class space    used 8152K, capacity 8254K, committed 8320K, reserved 1048576K
Event: 29929.651 GC heap after
Heap after GC invocations=252 (full 24):
 def new generation   total 67456K, used 116K [0x00000000c0000000, 0x00000000c4930000, 0x00000000d5550000)
  eden space 59968K,   0% used [0x00000000c0000000, 0x00000000c0000000, 0x00000000c3a90000)
  from space 7488K,   1% used [0x00000000c41e0000, 0x00000000c41fd3b0, 0x00000000c4930000)
  to   space 7488K,   0% used [0x00000000c3a90000, 0x00000000c3a90000, 0x00000000c41e0000)
 tenured generation   total 149768K, used 102880K [0x00000000d5550000, 0x00000000de792000, 0x0000000100000000)
   the space 149768K,  68% used [0x00000000d5550000, 0x00000000db9c82a0, 0x00000000db9c8400, 0x00000000de792000)
 Metaspace       used 60362K, capacity 60718K, committed 61056K, reserved 1101824K
  class space    used 8152K, capacity 8254K, committed 8320K, reserved 1048576K
}
Event: 29934.557 GC heap before
{Heap before GC invocations=252 (full 24):
 def new generation   total 67456K, used 60031K [0x00000000c0000000, 0x00000000c4930000, 0x00000000d5550000)
  eden space 59968K,  99% used [0x00000000c0000000, 0x00000000c3a828d0, 0x00000000c3a90000)
  from space 7488K,   1% used [0x00000000c41e0000, 0x00000000c41fd3b0, 0x00000000c4930000)
  to   space 7488K,   0% used [0x00000000c3a90000, 0x00000000c3a90000, 0x00000000c41e0000)
 tenured generation   total 149768K, used 102880K [0x00000000d5550000, 0x00000000de792000, 0x0000000100000000)
   the space 149768K,  68% used [0x00000000d5550000, 0x00000000db9c82a0, 0x00000000db9c8400, 0x00000000de792000)
 Metaspace       used 60362K, capacity 60718K, committed 61056K, reserved 1101824K
  class space    used 8152K, capacity 8254K, committed 8320K, reserved 1048576K
Event: 29934.559 GC heap after
Heap after GC invocations=253 (full 24):
 def new generation   total 67456K, used 116K [0x00000000c0000000, 0x00000000c4930000, 0x00000000d5550000)
  eden space 59968K,   0% used [0x00000000c0000000, 0x00000000c0000000, 0x00000000c3a90000)
  from space 7488K,   1% used [0x00000000c3a90000, 0x00000000c3aad0c0, 0x00000000c41e0000)
  to   space 7488K,   0% used [0x00000000c41e0000, 0x00000000c41e0000, 0x00000000c4930000)
 tenured generation   total 149768K, used 102880K [0x00000000d5550000, 0x00000000de792000, 0x0000000100000000)
   the space 149768K,  68% used [0x00000000d5550000, 0x00000000db9c82a0, 0x00000000db9c8400, 0x00000000de792000)
 Metaspace       used 60362K, capacity 60718K, committed 61056K, reserved 1101824K
  class space    used 8152K, capacity 8254K, committed 8320K, reserved 1048576K
}
Event: 29939.505 GC heap before
{Heap before GC invocations=253 (full 24):
 def new generation   total 67456K, used 60027K [0x00000000c0000000, 0x00000000c4930000, 0x00000000d5550000)
  eden space 59968K,  99% used [0x00000000c0000000, 0x00000000c3a81b68, 0x00000000c3a90000)
  from space 7488K,   1% used [0x00000000c3a90000, 0x00000000c3aad0c0, 0x00000000c41e0000)
  to   space 7488K,   0% used [0x00000000c41e0000, 0x00000000c41e0000, 0x00000000c4930000)
 tenured generation   total 149768K, used 102880K [0x00000000d5550000, 0x00000000de792000, 0x0000000100000000)
   the space 149768K,  68% used [0x00000000d5550000, 0x00000000db9c82a0, 0x00000000db9c8400, 0x00000000de792000)
 Metaspace       used 60362K, capacity 60718K, committed 61056K, reserved 1101824K
  class space    used 8152K, capacity 8254K, committed 8320K, reserved 1048576K
Event: 29939.508 GC heap after
Heap after GC invocations=254 (full 24):
 def new generation   total 67456K, used 100K [0x00000000c0000000, 0x00000000c4930000, 0x00000000d5550000)
  eden space 59968K,   0% used [0x00000000c0000000, 0x00000000c0000000, 0x00000000c3a90000)
  from space 7488K,   1% used [0x00000000c41e0000, 0x00000000c41f9098, 0x00000000c4930000)
  to   space 7488K,   0% used [0x00000000c3a90000, 0x00000000c3a90000, 0x00000000c41e0000)
 tenured generation   total 149768K, used 102880K [0x00000000d5550000, 0x00000000de792000, 0x0000000100000000)
   the space 149768K,  68% used [0x00000000d5550000, 0x00000000db9c82a0, 0x00000000db9c8400, 0x00000000de792000)
 Metaspace       used 60362K, capacity 60718K, committed 61056K, reserved 1101824K
  class space    used 8152K, capacity 8254K, committed 8320K, reserved 1048576K
}
Event: 29944.178 GC heap before
{Heap before GC invocations=254 (full 24):
 def new generation   total 67456K, used 60068K [0x00000000c0000000, 0x00000000c4930000, 0x00000000d5550000)
  eden space 59968K, 100% used [0x00000000c0000000, 0x00000000c3a90000, 0x00000000c3a90000)
  from space 7488K,   1% used [0x00000000c41e0000, 0x00000000c41f9098, 0x00000000c4930000)
  to   space 7488K,   0% used [0x00000000c3a90000, 0x00000000c3a90000, 0x00000000c41e0000)
 tenured generation   total 149768K, used 102880K [0x00000000d5550000, 0x00000000de792000, 0x0000000100000000)
   the space 149768K,  68% used [0x00000000d5550000, 0x00000000db9c82a0, 0x00000000db9c8400, 0x00000000de792000)
 Metaspace       used 60742K, capacity 61134K, committed 61440K, reserved 1101824K
  class space    used 8242K, capacity 8350K, committed 8448K, reserved 1048576K
Event: 29944.195 GC heap after
Heap after GC invocations=255 (full 24):
 def new generation   total 67456K, used 751K [0x00000000c0000000, 0x00000000c4930000, 0x00000000d5550000)
  eden space 59968K,   0% used [0x00000000c0000000, 0x00000000c0000000, 0x00000000c3a90000)
  from space 7488K,  10% used [0x00000000c3a90000, 0x00000000c3b4bf00, 0x00000000c41e0000)
  to   space 7488K,   0% used [0x00000000c41e0000, 0x00000000c41e0000, 0x00000000c4930000)
 tenured generation   total 149768K, used 102880K [0x00000000d5550000, 0x00000000de792000, 0x0000000100000000)
   the space 149768K,  68% used [0x00000000d5550000, 0x00000000db9c82a0, 0x00000000db9c8400, 0x00000000de792000)
 Metaspace       used 60742K, capacity 61134K, committed 61440K, reserved 1101824K
  class space    used 8242K, capacity 8350K, committed 8448K, reserved 1048576K
}
Event: 29944.355 GC heap before
{Heap before GC invocations=255 (full 24):
 def new generation   total 67456K, used 60719K [0x00000000c0000000, 0x00000000c4930000, 0x00000000d5550000)
  eden space 59968K, 100% used [0x00000000c0000000, 0x00000000c3a90000, 0x00000000c3a90000)
  from space 7488K,  10% used [0x00000000c3a90000, 0x00000000c3b4bf00, 0x00000000c41e0000)
  to   space 7488K,   0% used [0x00000000c41e0000, 0x00000000c41e0000, 0x00000000c4930000)
 tenured generation   total 149768K, used 102880K [0x00000000d5550000, 0x00000000de792000, 0x0000000100000000)
   the space 149768K,  68% used [0x00000000d5550000, 0x00000000db9c82a0, 0x00000000db9c8400, 0x00000000de792000)
 Metaspace       used 60743K, capacity 61134K, committed 61440K, reserved 1101824K
  class space    used 8242K, capacity 8350K, committed 8448K, reserved 1048576K
Event: 29944.360 GC heap after
Heap after GC invocations=256 (full 24):
 def new generation   total 67456K, used 1611K [0x00000000c0000000, 0x00000000c4930000, 0x00000000d5550000)
  eden space 59968K,   0% used [0x00000000c0000000, 0x00000000c0000000, 0x00000000c3a90000)
  from space 7488K,  21% used [0x00000000c41e0000, 0x00000000c4372d38, 0x00000000c4930000)
  to   space 7488K,   0% used [0x00000000c3a90000, 0x00000000c3a90000, 0x00000000c41e0000)
 tenured generation   total 149768K, used 102880K [0x00000000d5550000, 0x00000000de792000, 0x0000000100000000)
   the space 149768K,  68% used [0x00000000d5550000, 0x00000000db9c82a0, 0x00000000db9c8400, 0x00000000de792000)
 Metaspace       used 60743K, capacity 61134K, committed 61440K, reserved 1101824K
  class space    used 8242K, capacity 8350K, committed 8448K, reserved 1048576K
}
Event: 29946.651 GC heap before
{Heap before GC invocations=256 (full 24):
 def new generation   total 67456K, used 61579K [0x00000000c0000000, 0x00000000c4930000, 0x00000000d5550000)
  eden space 59968K, 100% used [0x00000000c0000000, 0x00000000c3a90000, 0x00000000c3a90000)
  from space 7488K,  21% used [0x00000000c41e0000, 0x00000000c4372d38, 0x00000000c4930000)
  to   space 7488K,   0% used [0x00000000c3a90000, 0x00000000c3a90000, 0x00000000c41e0000)
 tenured generation   total 149768K, used 102880K [0x00000000d5550000, 0x00000000de792000, 0x0000000100000000)
   the space 149768K,  68% used [0x00000000d5550000, 0x00000000db9c82a0, 0x00000000db9c8400, 0x00000000de792000)
 Metaspace       used 60744K, capacity 61198K, committed 61440K, reserved 1101824K
  class space    used 8242K, capacity 8350K, committed 8448K, reserved 1048576K
Event: 29946.654 GC heap after
Heap after GC invocations=257 (full 24):
 def new generation   total 67456K, used 2637K [0x00000000c0000000, 0x00000000c4930000, 0x00000000d5550000)
  eden space 59968K,   0% used [0x00000000c0000000, 0x00000000c0000000, 0x00000000c3a90000)
  from space 7488K,  35% used [0x00000000c3a90000, 0x00000000c3d23750, 0x00000000c41e0000)
  to   space 7488K,   0% used [0x00000000c41e0000, 0x00000000c41e0000, 0x00000000c4930000)
 tenured generation   total 149768K, used 102880K [0x00000000d5550000, 0x00000000de792000, 0x0000000100000000)
   the space 149768K,  68% used [0x00000000d5550000, 0x00000000db9c82a0, 0x00000000db9c8400, 0x00000000de792000)
 Metaspace       used 60744K, capacity 61198K, committed 61440K, reserved 1101824K
  class space    used 8242K, capacity 8350K, committed 8448K, reserved 1048576K
}
Event: 29950.397 GC heap before
{Heap before GC invocations=257 (full 24):
 def new generation   total 67456K, used 62520K [0x00000000c0000000, 0x00000000c4930000, 0x00000000d5550000)
  eden space 59968K,  99% used [0x00000000c0000000, 0x00000000c3a7a9a0, 0x00000000c3a90000)
  from space 7488K,  35% used [0x00000000c3a90000, 0x00000000c3d23750, 0x00000000c41e0000)
  to   space 7488K,   0% used [0x00000000c41e0000, 0x00000000c41e0000, 0x00000000c4930000)
 tenured generation   total 149768K, used 102880K [0x00000000d5550000, 0x00000000de792000, 0x0000000100000000)
   the space 149768K,  68% used [0x00000000d5550000, 0x00000000db9c82a0, 0x00000000db9c8400, 0x00000000de792000)
 Metaspace       used 60746K, capacity 61198K, committed 61440K, reserved 1101824K
  class space    used 8242K, capacity 8350K, committed 8448K, reserved 1048576K
Event: 29950.402 GC heap after
Heap after GC invocations=258 (full 24):
 def new generation   total 67456K, used 5618K [0x00000000c0000000, 0x00000000c4930000, 0x00000000d5550000)
  eden space 59968K,   0% used [0x00000000c0000000, 0x00000000c0000000, 0x00000000c3a90000)
  from space 7488K,  75% used [0x00000000c41e0000, 0x00000000c475cae8, 0x00000000c4930000)
  to   space 7488K,   0% used [0x00000000c3a90000, 0x00000000c3a90000, 0x00000000c41e0000)
 tenured generation   total 149768K, used 102880K [0x00000000d5550000, 0x00000000de792000, 0x0000000100000000)
   the space 149768K,  68% used [0x00000000d5550000, 0x00000000db9c82a0, 0x00000000db9c8400, 0x00000000de792000)
 Metaspace       used 60746K, capacity 61198K, committed 61440K, reserved 1101824K
  class space    used 8242K, capacity 8350K, committed 8448K, reserved 1048576K
}
Event: 29954.046 GC heap before
{Heap before GC invocations=258 (full 24):
 def new generation   total 67456K, used 65586K [0x00000000c0000000, 0x00000000c4930000, 0x00000000d5550000)
  eden space 59968K, 100% used [0x00000000c0000000, 0x00000000c3a90000, 0x00000000c3a90000)
  from space 7488K,  75% used [0x00000000c41e0000, 0x00000000c475cae8, 0x00000000c4930000)
  to   space 7488K,   0% used [0x00000000c3a90000, 0x00000000c3a90000, 0x00000000c41e0000)
 tenured generation   total 149768K, used 102880K [0x00000000d5550000, 0x00000000de792000, 0x0000000100000000)
   the space 149768K,  68% used [0x00000000d5550000, 0x00000000db9c82a0, 0x00000000db9c8400, 0x00000000de792000)
 Metaspace       used 60746K, capacity 61198K, committed 61440K, reserved 1101824K
  class space    used 8242K, capacity 8350K, committed 8448K, reserved 1048576K
Event: 29954.054 GC heap after
Heap after GC invocations=259 (full 24):
 def new generation   total 67456K, used 6145K [0x00000000c0000000, 0x00000000c4930000, 0x00000000d5550000)
  eden space 59968K,   0% used [0x00000000c0000000, 0x00000000c0000000, 0x00000000c3a90000)
  from space 7488K,  82% used [0x00000000c3a90000, 0x00000000c4090578, 0x00000000c41e0000)
  to   space 7488K,   0% used [0x00000000c41e0000, 0x00000000c41e0000, 0x00000000c4930000)
 tenured generation   total 149768K, used 105403K [0x00000000d5550000, 0x00000000de792000, 0x0000000100000000)
   the space 149768K,  70% used [0x00000000d5550000, 0x00000000dbc3ef70, 0x00000000dbc3f000, 0x00000000de792000)
 Metaspace       used 60746K, capacity 61198K, committed 61440K, reserved 1101824K
  class space    used 8242K, capacity 8350K, committed 8448K, reserved 1048576K
}
Event: 29957.752 GC heap before
{Heap before GC invocations=259 (full 24):
 def new generation   total 67456K, used 66113K [0x00000000c0000000, 0x00000000c4930000, 0x00000000d5550000)
  eden space 59968K, 100% used [0x00000000c0000000, 0x00000000c3a90000, 0x00000000c3a90000)
  from space 7488K,  82% used [0x00000000c3a90000, 0x00000000c4090578, 0x00000000c41e0000)
  to   space 7488K,   0% used [0x00000000c41e0000, 0x00000000c41e0000, 0x00000000c4930000)
 tenured generation   total 149768K, used 105403K [0x00000000d5550000, 0x00000000de792000, 0x0000000100000000)
   the space 149768K,  70% used [0x00000000d5550000, 0x00000000dbc3ef70, 0x00000000dbc3f000, 0x00000000de792000)
 Metaspace       used 60746K, capacity 61198K, committed 61440K, reserved 1101824K
  class space    used 8242K, capacity 8350K, committed 8448K, reserved 1048576K
Event: 29957.758 GC heap after
Heap after GC invocations=260 (full 24):
 def new generation   total 67456K, used 6263K [0x00000000c0000000, 0x00000000c4930000, 0x00000000d5550000)
  eden space 59968K,   0% used [0x00000000c0000000, 0x00000000c0000000, 0x00000000c3a90000)
  from space 7488K,  83% used [0x00000000c41e0000, 0x00000000c47fdee8, 0x00000000c4930000)
  to   space 7488K,   0% used [0x00000000c3a90000, 0x00000000c3a90000, 0x00000000c41e0000)
 tenured generation   total 149768K, used 108476K [0x00000000d5550000, 0x00000000de792000, 0x0000000100000000)
   the space 149768K,  72% used [0x00000000d5550000, 0x00000000dbf3f140, 0x00000000dbf3f200, 0x00000000de792000)
 Metaspace       used 60746K, capacity 61198K, committed 61440K, reserved 1101824K
  class space    used 8242K, capacity 8350K, committed 8448K, reserved 1048576K
}
Event: 29961.381 GC heap before
{Heap before GC invocations=260 (full 24):
 def new generation   total 67456K, used 66231K [0x00000000c0000000, 0x00000000c4930000, 0x00000000d5550000)
  eden space 59968K, 100% used [0x00000000c0000000, 0x00000000c3a90000, 0x00000000c3a90000)
  from space 7488K,  83% used [0x00000000c41e0000, 0x00000000c47fdee8, 0x00000000c4930000)
  to   space 7488K,   0% used [0x00000000c3a90000, 0x00000000c3a90000, 0x00000000c41e0000)
 tenured generation   total 149768K, used 108476K [0x00000000d5550000, 0x00000000de792000, 0x0000000100000000)
   the space 149768K,  72% used [0x00000000d5550000, 0x00000000dbf3f140, 0x00000000dbf3f200, 0x00000000de792000)
 Metaspace       used 60746K, capacity 61198K, committed 61440K, reserved 1101824K
  class space    used 8242K, capacity 8350K, committed 8448K, reserved 1048576K
Event: 29961.387 GC heap after
Heap after GC invocations=261 (full 24):
 def new generation   total 67456K, used 6263K [0x00000000c0000000, 0x00000000c4930000, 0x00000000d5550000)
  eden space 59968K,   0% used [0x00000000c0000000, 0x00000000c0000000, 0x00000000c3a90000)
  from space 7488K,  83% used [0x00000000c3a90000, 0x00000000c40adec8, 0x00000000c41e0000)
  to   space 7488K,   0% used [0x00000000c41e0000, 0x00000000c41e0000, 0x00000000c4930000)
 tenured generation   total 149768K, used 111548K [0x00000000d5550000, 0x00000000de792000, 0x0000000100000000)
   the space 149768K,  74% used [0x00000000d5550000, 0x00000000dc23f260, 0x00000000dc23f400, 0x00000000de792000)
 Metaspace       used 60746K, capacity 61198K, committed 61440K, reserved 1101824K
  class space    used 8242K, capacity 8350K, committed 8448K, reserved 1048576K
}
Event: 29965.124 GC heap before
{Heap before GC invocations=261 (full 24):
 def new generation   total 67456K, used 66231K [0x00000000c0000000, 0x00000000c4930000, 0x00000000d5550000)
  eden space 59968K, 100% used [0x00000000c0000000, 0x00000000c3a90000, 0x00000000c3a90000)
  from space 7488K,  83% used [0x00000000c3a90000, 0x00000000c40adec8, 0x00000000c41e0000)
  to   space 7488K,   0% used [0x00000000c41e0000, 0x00000000c41e0000, 0x00000000c4930000)
 tenured generation   total 149768K, used 111548K [0x00000000d5550000, 0x00000000de792000, 0x0000000100000000)
   the space 149768K,  74% used [0x00000000d5550000, 0x00000000dc23f260, 0x00000000dc23f400, 0x00000000de792000)
 Metaspace       used 60746K, capacity 61198K, committed 61440K, reserved 1101824K
  class space    used 8242K, capacity 8350K, committed 8448K, reserved 1048576K
Event: 29965.130 GC heap after
Heap after GC invocations=262 (full 24):
 def new generation   total 67456K, used 6242K [0x00000000c0000000, 0x00000000c4930000, 0x00000000d5550000)
  eden space 59968K,   0% used [0x00000000c0000000, 0x00000000c0000000, 0x00000000c3a90000)
  from space 7488K,  83% used [0x00000000c41e0000, 0x00000000c47f8840, 0x00000000c4930000)
  to   space 7488K,   0% used [0x00000000c3a90000, 0x00000000c3a90000, 0x00000000c41e0000)
 tenured generation   total 149768K, used 114644K [0x00000000d5550000, 0x00000000de792000, 0x0000000100000000)
   the space 149768K,  76% used [0x00000000d5550000, 0x00000000dc545208, 0x00000000dc545400, 0x00000000de792000)
 Metaspace       used 60746K, capacity 61198K, committed 61440K, reserved 1101824K
  class space    used 8242K, capacity 8350K, committed 8448K, reserved 1048576K
}
Event: 29968.786 GC heap before
{Heap before GC invocations=262 (full 24):
 def new generation   total 67456K, used 66210K [0x00000000c0000000, 0x00000000c4930000, 0x00000000d5550000)
  eden space 59968K, 100% used [0x00000000c0000000, 0x00000000c3a90000, 0x00000000c3a90000)
  from space 7488K,  83% used [0x00000000c41e0000, 0x00000000c47f8840, 0x00000000c4930000)
  to   space 7488K,   0% used [0x00000000c3a90000, 0x00000000c3a90000, 0x00000000c41e0000)
 tenured generation   total 149768K, used 114644K [0x00000000d5550000, 0x00000000de792000, 0x0000000100000000)
   the space 149768K,  76% used [0x00000000d5550000, 0x00000000dc545208, 0x00000000dc545400, 0x00000000de792000)
 Metaspace       used 60746K, capacity 61198K, committed 61440K, reserved 1101824K
  class space    used 8242K, capacity 8350K, committed 8448K, reserved 1048576K
Event: 29968.791 GC heap after
Heap after GC invocations=263 (full 24):
 def new generation   total 67456K, used 6243K [0x00000000c0000000, 0x00000000c4930000, 0x00000000d5550000)
  eden space 59968K,   0% used [0x00000000c0000000, 0x00000000c0000000, 0x00000000c3a90000)
  from space 7488K,  83% used [0x00000000c3a90000, 0x00000000c40a8d10, 0x00000000c41e0000)
  to   space 7488K,   0% used [0x00000000c41e0000, 0x00000000c41e0000, 0x00000000c4930000)
 tenured generation   total 149768K, used 117716K [0x00000000d5550000, 0x00000000de792000, 0x0000000100000000)
   the space 149768K,  78% used [0x00000000d5550000, 0x00000000dc8452e8, 0x00000000dc845400, 0x00000000de792000)
 Metaspace       used 60746K, capacity 61198K, committed 61440K, reserved 1101824K
  class space    used 8242K, capacity 8350K, committed 8448K, reserved 1048576K
}
Event: 29972.519 GC heap before
{Heap before GC invocations=263 (full 24):
 def new generation   total 67456K, used 66211K [0x00000000c0000000, 0x00000000c4930000, 0x00000000d5550000)
  eden space 59968K, 100% used [0x00000000c0000000, 0x00000000c3a90000, 0x00000000c3a90000)
  from space 7488K,  83% used [0x00000000c3a90000, 0x00000000c40a8d10, 0x00000000c41e0000)
  to   space 7488K,   0% used [0x00000000c41e0000, 0x00000000c41e0000, 0x00000000c4930000)
 tenured generation   total 149768K, used 117716K [0x00000000d5550000, 0x00000000de792000, 0x0000000100000000)
   the space 149768K,  78% used [0x00000000d5550000, 0x00000000dc8452e8, 0x00000000dc845400, 0x00000000de792000)
 Metaspace       used 60746K, capacity 61198K, committed 61440K, reserved 1101824K
  class space    used 8242K, capacity 8350K, committed 8448K, reserved 1048576K
Event: 29972.524 GC heap after
Heap after GC invocations=264 (full 24):
 def new generation   total 67456K, used 6238K [0x00000000c0000000, 0x00000000c4930000, 0x00000000d5550000)
  eden space 59968K,   0% used [0x00000000c0000000, 0x00000000c0000000, 0x00000000c3a90000)
  from space 7488K,  83% used [0x00000000c41e0000, 0x00000000c47f7a70, 0x00000000c4930000)
  to   space 7488K,   0% used [0x00000000c3a90000, 0x00000000c3a90000, 0x00000000c41e0000)
 tenured generation   total 149768K, used 120794K [0x00000000d5550000, 0x00000000de792000, 0x0000000100000000)
   the space 149768K,  80% used [0x00000000d5550000, 0x00000000dcb46870, 0x00000000dcb46a00, 0x00000000de792000)
 Metaspace       used 60746K, capacity 61198K, committed 61440K, reserved 1101824K
  class space    used 8242K, capacity 8350K, committed 8448K, reserved 1048576K
}
Event: 29976.238 GC heap before
{Heap before GC invocations=264 (full 24):
 def new generation   total 67456K, used 66206K [0x00000000c0000000, 0x00000000c4930000, 0x00000000d5550000)
  eden space 59968K, 100% used [0x00000000c0000000, 0x00000000c3a90000, 0x00000000c3a90000)
  from space 7488K,  83% used [0x00000000c41e0000, 0x00000000c47f7a70, 0x00000000c4930000)
  to   space 7488K,   0% used [0x00000000c3a90000, 0x00000000c3a90000, 0x00000000c41e0000)
 tenured generation   total 149768K, used 120794K [0x00000000d5550000, 0x00000000de792000, 0x0000000100000000)
   the space 149768K,  80% used [0x00000000d5550000, 0x00000000dcb46870, 0x00000000dcb46a00, 0x00000000de792000)
 Metaspace       used 60746K, capacity 61198K, committed 61440K, reserved 1101824K
  class space    used 8242K, capacity 8350K, committed 8448K, reserved 1048576K
Event: 29976.245 GC heap after
Heap after GC invocations=265 (full 24):
 def new generation   total 67456K, used 6243K [0x00000000c0000000, 0x00000000c4930000, 0x00000000d5550000)
  eden space 59968K,   0% used [0x00000000c0000000, 0x00000000c0000000, 0x00000000c3a90000)
  from space 7488K,  83% used [0x00000000c3a90000, 0x00000000c40a8e50, 0x00000000c41e0000)
  to   space 7488K,   0% used [0x00000000c41e0000, 0x00000000c41e0000, 0x00000000c4930000)
 tenured generation   total 149768K, used 123868K [0x00000000d5550000, 0x00000000de792000, 0x0000000100000000)
   the space 149768K,  82% used [0x00000000d5550000, 0x00000000dce470f8, 0x00000000dce47200, 0x00000000de792000)
 Metaspace       used 60746K, capacity 61198K, committed 61440K, reserved 1101824K
  class space    used 8242K, capacity 8350K, committed 8448K, reserved 1048576K
}
Event: 29979.926 GC heap before
{Heap before GC invocations=265 (full 24):
 def new generation   total 67456K, used 66211K [0x00000000c0000000, 0x00000000c4930000, 0x00000000d5550000)
  eden space 59968K, 100% used [0x00000000c0000000, 0x00000000c3a90000, 0x00000000c3a90000)
  from space 7488K,  83% used [0x00000000c3a90000, 0x00000000c40a8e50, 0x00000000c41e0000)
  to   space 7488K,   0% used [0x00000000c41e0000, 0x00000000c41e0000, 0x00000000c4930000)
 tenured generation   total 149768K, used 123868K [0x00000000d5550000, 0x00000000de792000, 0x0000000100000000)
   the space 149768K,  82% used [0x00000000d5550000, 0x00000000dce470f8, 0x00000000dce47200, 0x00000000de792000)
 Metaspace       used 60746K, capacity 61198K, committed 61440K, reserved 1101824K
  class space    used 8242K, capacity 8350K, committed 8448K, reserved 1048576K
Event: 29979.931 GC heap after
Heap after GC invocations=266 (full 24):
 def new generation   total 67456K, used 6241K [0x00000000c0000000, 0x00000000c4930000, 0x00000000d5550000)
  eden space 59968K,   0% used [0x00000000c0000000, 0x00000000c0000000, 0x00000000c3a90000)
  from space 7488K,  83% used [0x00000000c41e0000, 0x00000000c47f86c8, 0x00000000c4930000)
  to   space 7488K,   0% used [0x00000000c3a90000, 0x00000000c3a90000, 0x00000000c41e0000)
 tenured generation   total 149768K, used 126940K [0x00000000d5550000, 0x00000000de792000, 0x0000000100000000)
   the space 149768K,  84% used [0x00000000d5550000, 0x00000000dd147378, 0x00000000dd147400, 0x00000000de792000)
 Metaspace       used 60746K, capacity 61198K, committed 61440K, reserved 1101824K
  class space    used 8242K, capacity 8350K, committed 8448K, reserved 1048576K
}
Event: 29983.632 GC heap before
{Heap before GC invocations=266 (full 24):
 def new generation   total 67456K, used 66209K [0x00000000c0000000, 0x00000000c4930000, 0x00000000d5550000)
  eden space 59968K, 100% used [0x00000000c0000000, 0x00000000c3a90000, 0x00000000c3a90000)
  from space 7488K,  83% used [0x00000000c41e0000, 0x00000000c47f86c8, 0x00000000c4930000)
  to   space 7488K,   0% used [0x00000000c3a90000, 0x00000000c3a90000, 0x00000000c41e0000)
 tenured generation   total 149768K, used 126940K [0x00000000d5550000, 0x00000000de792000, 0x0000000100000000)
   the space 149768K,  84% used [0x00000000d5550000, 0x00000000dd147378, 0x00000000dd147400, 0x00000000de792000)
 Metaspace       used 60746K, capacity 61198K, committed 61440K, reserved 1101824K
  class space    used 8242K, capacity 8350K, committed 8448K, reserved 1048576K
Event: 29983.637 GC heap after
Heap after GC invocations=267 (full 24):
 def new generation   total 67456K, used 6237K [0x00000000c0000000, 0x00000000c4930000, 0x00000000d5550000)
  eden space 59968K,   0% used [0x00000000c0000000, 0x00000000c0000000, 0x00000000c3a90000)
  from space 7488K,  83% used [0x00000000c3a90000, 0x00000000c40a77b0, 0x00000000c41e0000)
  to   space 7488K,   0% used [0x00000000c41e0000, 0x00000000c41e0000, 0x00000000c4930000)
 tenured generation   total 149768K, used 130018K [0x00000000d5550000, 0x00000000de792000, 0x0000000100000000)
   the space 149768K,  86% used [0x00000000d5550000, 0x00000000dd4489b0, 0x00000000dd448a00, 0x00000000de792000)
 Metaspace       used 60746K, capacity 61198K, committed 61440K, reserved 1101824K
  class space    used 8242K, capacity 8350K, committed 8448K, reserved 1048576K
}
Event: 29987.301 GC heap before
{Heap before GC invocations=267 (full 24):
 def new generation   total 67456K, used 66137K [0x00000000c0000000, 0x00000000c4930000, 0x00000000d5550000)
  eden space 59968K,  99% used [0x00000000c0000000, 0x00000000c3a7ede0, 0x00000000c3a90000)
  from space 7488K,  83% used [0x00000000c3a90000, 0x00000000c40a77b0, 0x00000000c41e0000)
  to   space 7488K,   0% used [0x00000000c41e0000, 0x00000000c41e0000, 0x00000000c4930000)
 tenured generation   total 149768K, used 130018K [0x00000000d5550000, 0x00000000de792000, 0x0000000100000000)
   the space 149768K,  86% used [0x00000000d5550000, 0x00000000dd4489b0, 0x00000000dd448a00, 0x00000000de792000)
 Metaspace       used 60746K, capacity 61198K, committed 61440K, reserved 1101824K
  class space    used 8242K, capacity 8350K, committed 8448K, reserved 1048576K
Event: 29987.306 GC heap after
Heap after GC invocations=268 (full 24):
 def new generation   total 67456K, used 6172K [0x00000000c0000000, 0x00000000c4930000, 0x00000000d5550000)
  eden space 59968K,   0% used [0x00000000c0000000, 0x00000000c0000000, 0x00000000c3a90000)
  from space 7488K,  82% used [0x00000000c41e0000, 0x00000000c47e73a0, 0x00000000c4930000)
  to   space 7488K,   0% used [0x00000000c3a90000, 0x00000000c3a90000, 0x00000000c41e0000)
 tenured generation   total 149768K, used 133090K [0x00000000d5550000, 0x00000000de792000, 0x0000000100000000)
   the space 149768K,  88% used [0x00000000d5550000, 0x00000000dd748af0, 0x00000000dd748c00, 0x00000000de792000)
 Metaspace       used 60746K, capacity 61198K, committed 61440K, reserved 1101824K
  class space    used 8242K, capacity 8350K, committed 8448K, reserved 1048576K
}
Event: 29990.997 GC heap before
{Heap before GC invocations=268 (full 24):
 def new generation   total 67456K, used 66140K [0x00000000c0000000, 0x00000000c4930000, 0x00000000d5550000)
  eden space 59968K, 100% used [0x00000000c0000000, 0x00000000c3a90000, 0x00000000c3a90000)
  from space 7488K,  82% used [0x00000000c41e0000, 0x00000000c47e73a0, 0x00000000c4930000)
  to   space 7488K,   0% used [0x00000000c3a90000, 0x00000000c3a90000, 0x00000000c41e0000)
 tenured generation   total 149768K, used 133090K [0x00000000d5550000, 0x00000000de792000, 0x0000000100000000)
   the space 149768K,  88% used [0x00000000d5550000, 0x00000000dd748af0, 0x00000000dd748c00, 0x00000000de792000)
 Metaspace       used 60746K, capacity 61198K, committed 61440K, reserved 1101824K
  class space    used 8242K, capacity 8350K, committed 8448K, reserved 1048576K
Event: 29991.002 GC heap after
Heap after GC invocations=269 (full 24):
 def new generation   total 67456K, used 6172K [0x00000000c0000000, 0x00000000c4930000, 0x00000000d5550000)
  eden space 59968K,   0% used [0x00000000c0000000, 0x00000000c0000000, 0x00000000c3a90000)
  from space 7488K,  82% used [0x00000000c3a90000, 0x00000000c4097240, 0x00000000c41e0000)
  to   space 7488K,   0% used [0x00000000c41e0000, 0x00000000c41e0000, 0x00000000c4930000)
 tenured generation   total 149768K, used 136162K [0x00000000d5550000, 0x00000000de792000, 0x0000000100000000)
   the space 149768K,  90% used [0x00000000d5550000, 0x00000000dda48bb0, 0x00000000dda48c00, 0x00000000de792000)
 Metaspace       used 60746K, capacity 61198K, committed 61440K, reserved 1101824K
  class space    used 8242K, capacity 8350K, committed 8448K, reserved 1048576K
}
Event: 29994.680 GC heap before
{Heap before GC invocations=269 (full 24):
 def new generation   total 67456K, used 66140K [0x00000000c0000000, 0x00000000c4930000, 0x00000000d5550000)
  eden space 59968K, 100% used [0x00000000c0000000, 0x00000000c3a90000, 0x00000000c3a90000)
  from space 7488K,  82% used [0x00000000c3a90000, 0x00000000c4097240, 0x00000000c41e0000)
  to   space 7488K,   0% used [0x00000000c41e0000, 0x00000000c41e0000, 0x00000000c4930000)
 tenured generation   total 149768K, used 136162K [0x00000000d5550000, 0x00000000de792000, 0x0000000100000000)
   the space 149768K,  90% used [0x00000000d5550000, 0x00000000dda48bb0, 0x00000000dda48c00, 0x00000000de792000)
 Metaspace       used 60746K, capacity 61198K, committed 61440K, reserved 1101824K
  class space    used 8242K, capacity 8350K, committed 8448K, reserved 1048576K
Event: 29994.687 GC heap after
Heap after GC invocations=270 (full 24):
 def new generation   total 67456K, used 6235K [0x00000000c0000000, 0x00000000c4930000, 0x00000000d5550000)
  eden space 59968K,   0% used [0x00000000c0000000, 0x00000000c0000000, 0x00000000c3a90000)
  from space 7488K,  83% used [0x00000000c41e0000, 0x00000000c47f6e90, 0x00000000c4930000)
  to   space 7488K,   0% used [0x00000000c3a90000, 0x00000000c3a90000, 0x00000000c41e0000)
 tenured generation   total 149768K, used 139262K [0x00000000d5550000, 0x00000000de792000, 0x0000000100000000)
   the space 149768K,  92% used [0x00000000d5550000, 0x00000000ddd4fb68, 0x00000000ddd4fc00, 0x00000000de792000)
 Metaspace       used 60746K, capacity 61198K, committed 61440K, reserved 1101824K
  class space    used 8242K, capacity 8350K, committed 8448K, reserved 1048576K
}
Event: 30003.984 GC heap before
{Heap before GC invocations=270 (full 24):
 def new generation   total 67456K, used 66139K [0x00000000c0000000, 0x00000000c4930000, 0x00000000d5550000)
  eden space 59968K,  99% used [0x00000000c0000000, 0x00000000c3a7fdc8, 0x00000000c3a90000)
  from space 7488K,  83% used [0x00000000c41e0000, 0x00000000c47f6e90, 0x00000000c4930000)
  to   space 7488K,   0% used [0x00000000c3a90000, 0x00000000c3a90000, 0x00000000c41e0000)
 tenured generation   total 149768K, used 139262K [0x00000000d5550000, 0x00000000de792000, 0x0000000100000000)
   the space 149768K,  92% used [0x00000000d5550000, 0x00000000ddd4fb68, 0x00000000ddd4fc00, 0x00000000de792000)
 Metaspace       used 60783K, capacity 61198K, committed 61440K, reserved 1101824K
  class space    used 8246K, capacity 8350K, committed 8448K, reserved 1048576K
Event: 30003.990 GC heap after
Heap after GC invocations=271 (full 24):
 def new generation   total 67456K, used 7488K [0x00000000c0000000, 0x00000000c4930000, 0x00000000d5550000)
  eden space 59968K,   0% used [0x00000000c0000000, 0x00000000c0000000, 0x00000000c3a90000)
  from space 7488K, 100% used [0x00000000c3a90000, 0x00000000c41e0000, 0x00000000c41e0000)
  to   space 7488K,   0% used [0x00000000c41e0000, 0x00000000c41e0000, 0x00000000c4930000)
 tenured generation   total 149768K, used 144110K [0x00000000d5550000, 0x00000000de792000, 0x0000000100000000)
   the space 149768K,  96% used [0x00000000d5550000, 0x00000000de20bbd8, 0x00000000de20bc00, 0x00000000de792000)
 Metaspace       used 60783K, capacity 61198K, committed 61440K, reserved 1101824K
  class space    used 8246K, capacity 8350K, committed 8448K, reserved 1048576K
}
Event: 30008.899 GC heap before
{Heap before GC invocations=271 (full 24):
 def new generation   total 67456K, used 67454K [0x00000000c0000000, 0x00000000c4930000, 0x00000000d5550000)
  eden space 59968K,  99% used [0x00000000c0000000, 0x00000000c3a8fa08, 0x00000000c3a90000)
  from space 7488K, 100% used [0x00000000c3a90000, 0x00000000c41e0000, 0x00000000c41e0000)
  to   space 7488K,   0% used [0x00000000c41e0000, 0x00000000c41e0000, 0x00000000c4930000)
 tenured generation   total 149768K, used 144110K [0x00000000d5550000, 0x00000000de792000, 0x0000000100000000)
   the space 149768K,  96% used [0x00000000d5550000, 0x00000000de20bbd8, 0x00000000de20bc00, 0x00000000de792000)
 Metaspace       used 60783K, capacity 61198K, committed 61440K, reserved 1101824K
  class space    used 8246K, capacity 8350K, committed 8448K, reserved 1048576K
Event: 30009.349 GC heap after
Heap after GC invocations=272 (full 25):
 def new generation   total 113792K, used 0K [0x00000000c0000000, 0x00000000c7b70000, 0x00000000d5550000)
  eden space 101184K,   0% used [0x00000000c0000000, 0x00000000c0000000, 0x00000000c62d0000)
  from space 12608K,   0% used [0x00000000c62d0000, 0x00000000c62d0000, 0x00000000c6f20000)
  to   space 12608K,   0% used [0x00000000c6f20000, 0x00000000c6f20000, 0x00000000c7b70000)
 tenured generation   total 252672K, used 151602K [0x00000000d5550000, 0x00000000e4c10000, 0x0000000100000000)
   the space 252672K,  59% used [0x00000000d5550000, 0x00000000de95cba8, 0x00000000de95cc00, 0x00000000e4c10000)
 Metaspace       used 60783K, capacity 61198K, committed 61440K, reserved 1101824K
  class space    used 8246K, capacity 8350K, committed 8448K, reserved 1048576K
}
Event: 30017.750 GC heap before
{Heap before GC invocations=272 (full 25):
 def new generation   total 113792K, used 101151K [0x00000000c0000000, 0x00000000c7b70000, 0x00000000d5550000)
  eden space 101184K,  99% used [0x00000000c0000000, 0x00000000c62c7c70, 0x00000000c62d0000)
  from space 12608K,   0% used [0x00000000c62d0000, 0x00000000c62d0000, 0x00000000c6f20000)
  to   space 12608K,   0% used [0x00000000c6f20000, 0x00000000c6f20000, 0x00000000c7b70000)
 tenured generation   total 252672K, used 151602K [0x00000000d5550000, 0x00000000e4c10000, 0x0000000100000000)
   the space 252672K,  59% used [0x00000000d5550000, 0x00000000de95cba8, 0x00000000de95cc00, 0x00000000e4c10000)
 Metaspace       used 61076K, capacity 61496K, committed 61696K, reserved 1101824K
  class space    used 8306K, capacity 8421K, committed 8448K, reserved 1048576K
Event: 30017.762 GC heap after
Heap after GC invocations=273 (full 25):
 def new generation   total 113792K, used 741K [0x00000000c0000000, 0x00000000c7b70000, 0x00000000d5550000)
  eden space 101184K,   0% used [0x00000000c0000000, 0x00000000c0000000, 0x00000000c62d0000)
  from space 12608K,   5% used [0x00000000c6f20000, 0x00000000c6fd9718, 0x00000000c7b70000)
  to   space 12608K,   0% used [0x00000000c62d0000, 0x00000000c62d0000, 0x00000000c6f20000)
 tenured generation   total 252672K, used 151602K [0x00000000d5550000, 0x00000000e4c10000, 0x0000000100000000)
   the space 252672K,  59% used [0x00000000d5550000, 0x00000000de95cba8, 0x00000000de95cc00, 0x00000000e4c10000)
 Metaspace       used 61076K, capacity 61496K, committed 61696K, reserved 1101824K
  class space    used 8306K, capacity 8421K, committed 8448K, reserved 1048576K
}
Event: 30026.090 GC heap before
{Heap before GC invocations=273 (full 25):
 def new generation   total 113792K, used 101901K [0x00000000c0000000, 0x00000000c7b70000, 0x00000000d5550000)
  eden space 101184K,  99% used [0x00000000c0000000, 0x00000000c62c9fb8, 0x00000000c62d0000)
  from space 12608K,   5% used [0x00000000c6f20000, 0x00000000c6fd9718, 0x00000000c7b70000)
  to   space 12608K,   0% used [0x00000000c62d0000, 0x00000000c62d0000, 0x00000000c6f20000)
 tenured generation   total 252672K, used 151602K [0x00000000d5550000, 0x00000000e4c10000, 0x0000000100000000)
   the space 252672K,  59% used [0x00000000d5550000, 0x00000000de95cba8, 0x00000000de95cc00, 0x00000000e4c10000)
 Metaspace       used 61076K, capacity 61496K, committed 61696K, reserved 1101824K
  class space    used 8306K, capacity 8421K, committed 8448K, reserved 1048576K
Event: 30026.097 GC heap after
Heap after GC invocations=274 (full 25):
 def new generation   total 113792K, used 529K [0x00000000c0000000, 0x00000000c7b70000, 0x00000000d5550000)
  eden space 101184K,   0% used [0x00000000c0000000, 0x00000000c0000000, 0x00000000c62d0000)
  from space 12608K,   4% used [0x00000000c62d0000, 0x00000000c6354750, 0x00000000c6f20000)
  to   space 12608K,   0% used [0x00000000c6f20000, 0x00000000c6f20000, 0x00000000c7b70000)
 tenured generation   total 252672K, used 151602K [0x00000000d5550000, 0x00000000e4c10000, 0x0000000100000000)
   the space 252672K,  59% used [0x00000000d5550000, 0x00000000de95cba8, 0x00000000de95cc00, 0x00000000e4c10000)
 Metaspace       used 61076K, capacity 61496K, committed 61696K, reserved 1101824K
  class space    used 8306K, capacity 8421K, committed 8448K, reserved 1048576K
}
Event: 30034.400 GC heap before
{Heap before GC invocations=274 (full 25):
 def new generation   total 113792K, used 101644K [0x00000000c0000000, 0x00000000c7b70000, 0x00000000d5550000)
  eden space 101184K,  99% used [0x00000000c0000000, 0x00000000c62be9b0, 0x00000000c62d0000)
  from space 12608K,   4% used [0x00000000c62d0000, 0x00000000c6354750, 0x00000000c6f20000)
  to   space 12608K,   0% used [0x00000000c6f20000, 0x00000000c6f20000, 0x00000000c7b70000)
 tenured generation   total 252672K, used 151602K [0x00000000d5550000, 0x00000000e4c10000, 0x0000000100000000)
   the space 252672K,  59% used [0x00000000d5550000, 0x00000000de95cba8, 0x00000000de95cc00, 0x00000000e4c10000)
 Metaspace       used 61109K, capacity 61508K, committed 61696K, reserved 1101824K
  class space    used 8308K, capacity 8423K, committed 8448K, reserved 1048576K
Event: 30034.404 GC heap after
Heap after GC invocations=275 (full 25):
 def new generation   total 113792K, used 541K [0x00000000c0000000, 0x00000000c7b70000, 0x00000000d5550000)
  eden space 101184K,   0% used [0x00000000c0000000, 0x00000000c0000000, 0x00000000c62d0000)
  from space 12608K,   4% used [0x00000000c6f20000, 0x00000000c6fa75a0, 0x00000000c7b70000)
  to   space 12608K,   0% used [0x00000000c62d0000, 0x00000000c62d0000, 0x00000000c6f20000)
 tenured generation   total 252672K, used 151602K [0x00000000d5550000, 0x00000000e4c10000, 0x0000000100000000)
   the space 252672K,  59% used [0x00000000d5550000, 0x00000000de95cba8, 0x00000000de95cc00, 0x00000000e4c10000)
 Metaspace       used 61109K, capacity 61508K, committed 61696K, reserved 1101824K
  class space    used 8308K, capacity 8423K, committed 8448K, reserved 1048576K
}
Event: 30042.629 GC heap before
{Heap before GC invocations=275 (full 25):
 def new generation   total 113792K, used 101709K [0x00000000c0000000, 0x00000000c7b70000, 0x00000000d5550000)
  eden space 101184K,  99% used [0x00000000c0000000, 0x00000000c62cbe98, 0x00000000c62d0000)
  from space 12608K,   4% used [0x00000000c6f20000, 0x00000000c6fa75a0, 0x00000000c7b70000)
  to   space 12608K,   0% used [0x00000000c62d0000, 0x00000000c62d0000, 0x00000000c6f20000)
 tenured generation   total 252672K, used 151602K [0x00000000d5550000, 0x00000000e4c10000, 0x0000000100000000)
   the space 252672K,  59% used [0x00000000d5550000, 0x00000000de95cba8, 0x00000000de95cc00, 0x00000000e4c10000)
 Metaspace       used 61151K, capacity 61590K, committed 61696K, reserved 1101824K
  class space    used 8311K, capacity 8426K, committed 8448K, reserved 1048576K
Event: 30042.675 GC heap after
Heap after GC invocations=276 (full 25):
 def new generation   total 113792K, used 716K [0x00000000c0000000, 0x00000000c7b70000, 0x00000000d5550000)
  eden space 101184K,   0% used [0x00000000c0000000, 0x00000000c0000000, 0x00000000c62d0000)
  from space 12608K,   5% used [0x00000000c62d0000, 0x00000000c6383288, 0x00000000c6f20000)
  to   space 12608K,   0% used [0x00000000c6f20000, 0x00000000c6f20000, 0x00000000c7b70000)
 tenured generation   total 252672K, used 151602K [0x00000000d5550000, 0x00000000e4c10000, 0x0000000100000000)
   the space 252672K,  59% used [0x00000000d5550000, 0x00000000de95cba8, 0x00000000de95cc00, 0x00000000e4c10000)
 Metaspace       used 61151K, capacity 61590K, committed 61696K, reserved 1101824K
  class space    used 8311K, capacity 8426K, committed 8448K, reserved 1048576K
}
Event: 30049.178 GC heap before
{Heap before GC invocations=276 (full 25):
 def new generation   total 113792K, used 101863K [0x00000000c0000000, 0x00000000c7b70000, 0x00000000d5550000)
  eden space 101184K,  99% used [0x00000000c0000000, 0x00000000c62c6c20, 0x00000000c62d0000)
  from space 12608K,   5% used [0x00000000c62d0000, 0x00000000c6383288, 0x00000000c6f20000)
  to   space 12608K,   0% used [0x00000000c6f20000, 0x00000000c6f20000, 0x00000000c7b70000)
 tenured generation   total 252672K, used 151602K [0x00000000d5550000, 0x00000000e4c10000, 0x0000000100000000)
   the space 252672K,  59% used [0x00000000d5550000, 0x00000000de95cba8, 0x00000000de95cc00, 0x00000000e4c10000)
 Metaspace       used 61471K, capacity 61970K, committed 62336K, reserved 1103872K
  class space    used 8372K, capacity 8500K, committed 8576K, reserved 1048576K
Event: 30049.186 GC heap after
Heap after GC invocations=277 (full 25):
 def new generation   total 113792K, used 938K [0x00000000c0000000, 0x00000000c7b70000, 0x00000000d5550000)
  eden space 101184K,   0% used [0x00000000c0000000, 0x00000000c0000000, 0x00000000c62d0000)
  from space 12608K,   7% used [0x00000000c6f20000, 0x00000000c700a8f0, 0x00000000c7b70000)
  to   space 12608K,   0% used [0x00000000c62d0000, 0x00000000c62d0000, 0x00000000c6f20000)
 tenured generation   total 252672K, used 151602K [0x00000000d5550000, 0x00000000e4c10000, 0x0000000100000000)
   the space 252672K,  59% used [0x00000000d5550000, 0x00000000de95cba8, 0x00000000de95cc00, 0x00000000e4c10000)
 Metaspace       used 61471K, capacity 61970K, committed 62336K, reserved 1103872K
  class space    used 8372K, capacity 8500K, committed 8576K, reserved 1048576K
}
Event: 30057.090 GC heap before
{Heap before GC invocations=277 (full 25):
 def new generation   total 113792K, used 102108K [0x00000000c0000000, 0x00000000c7b70000, 0x00000000d5550000)
  eden space 101184K,  99% used [0x00000000c0000000, 0x00000000c62ccaf8, 0x00000000c62d0000)
  from space 12608K,   7% used [0x00000000c6f20000, 0x00000000c700a8f0, 0x00000000c7b70000)
  to   space 12608K,   0% used [0x00000000c62d0000, 0x00000000c62d0000, 0x00000000c6f20000)
 tenured generation   total 252672K, used 151602K [0x00000000d5550000, 0x00000000e4c10000, 0x0000000100000000)
   the space 252672K,  59% used [0x00000000d5550000, 0x00000000de95cba8, 0x00000000de95cc00, 0x00000000e4c10000)
 Metaspace       used 61474K, capacity 61970K, committed 62336K, reserved 1103872K
  class space    used 8372K, capacity 8500K, committed 8576K, reserved 1048576K
Event: 30057.102 GC heap after
Heap after GC invocations=278 (full 25):
 def new generation   total 113792K, used 650K [0x00000000c0000000, 0x00000000c7b70000, 0x00000000d5550000)
  eden space 101184K,   0% used [0x00000000c0000000, 0x00000000c0000000, 0x00000000c62d0000)
  from space 12608K,   5% used [0x00000000c62d0000, 0x00000000c6372848, 0x00000000c6f20000)
  to   space 12608K,   0% used [0x00000000c6f20000, 0x00000000c6f20000, 0x00000000c7b70000)
 tenured generation   total 252672K, used 151602K [0x00000000d5550000, 0x00000000e4c10000, 0x0000000100000000)
   the space 252672K,  59% used [0x00000000d5550000, 0x00000000de95cba8, 0x00000000de95cc00, 0x00000000e4c10000)
 Metaspace       used 61474K, capacity 61970K, committed 62336K, reserved 1103872K
  class space    used 8372K, capacity 8500K, committed 8576K, reserved 1048576K
}
Event: 30064.941 GC heap before
{Heap before GC invocations=278 (full 25):
 def new generation   total 113792K, used 101748K [0x00000000c0000000, 0x00000000c7b70000, 0x00000000d5550000)
  eden space 101184K,  99% used [0x00000000c0000000, 0x00000000c62ba868, 0x00000000c62d0000)
  from space 12608K,   5% used [0x00000000c62d0000, 0x00000000c6372848, 0x00000000c6f20000)
  to   space 12608K,   0% used [0x00000000c6f20000, 0x00000000c6f20000, 0x00000000c7b70000)
 tenured generation   total 252672K, used 151602K [0x00000000d5550000, 0x00000000e4c10000, 0x0000000100000000)
   the space 252672K,  59% used [0x00000000d5550000, 0x00000000de95cba8, 0x00000000de95cc00, 0x00000000e4c10000)
 Metaspace       used 61489K, capacity 61970K, committed 62336K, reserved 1103872K
  class space    used 8372K, capacity 8500K, committed 8576K, reserved 1048576K
Event: 30064.946 GC heap after
Heap after GC invocations=279 (full 25):
 def new generation   total 113792K, used 655K [0x00000000c0000000, 0x00000000c7b70000, 0x00000000d5550000)
  eden space 101184K,   0% used [0x00000000c0000000, 0x00000000c0000000, 0x00000000c62d0000)
  from space 12608K,   5% used [0x00000000c6f20000, 0x00000000c6fc3c40, 0x00000000c7b70000)
  to   space 12608K,   0% used [0x00000000c62d0000, 0x00000000c62d0000, 0x00000000c6f20000)
 tenured generation   total 252672K, used 151602K [0x00000000d5550000, 0x00000000e4c10000, 0x0000000100000000)
   the space 252672K,  59% used [0x00000000d5550000, 0x00000000de95cba8, 0x00000000de95cc00, 0x00000000e4c10000)
 Metaspace       used 61489K, capacity 61970K, committed 62336K, reserved 1103872K
  class space    used 8372K, capacity 8500K, committed 8576K, reserved 1048576K
}
Event: 30072.366 GC heap before
{Heap before GC invocations=279 (full 25):
 def new generation   total 113792K, used 101755K [0x00000000c0000000, 0x00000000c7b70000, 0x00000000d5550000)
  eden space 101184K,  99% used [0x00000000c0000000, 0x00000000c62bb148, 0x00000000c62d0000)
  from space 12608K,   5% used [0x00000000c6f20000, 0x00000000c6fc3c40, 0x00000000c7b70000)
  to   space 12608K,   0% used [0x00000000c62d0000, 0x00000000c62d0000, 0x00000000c6f20000)
 tenured generation   total 252672K, used 151602K [0x00000000d5550000, 0x00000000e4c10000, 0x0000000100000000)
   the space 252672K,  59% used [0x00000000d5550000, 0x00000000de95cba8, 0x00000000de95cc00, 0x00000000e4c10000)
 Metaspace       used 61551K, capacity 62058K, committed 62336K, reserved 1103872K
  class space    used 8374K, capacity 8504K, committed 8576K, reserved 1048576K
Event: 30072.374 GC heap after
Heap after GC invocations=280 (full 25):
 def new generation   total 113792K, used 2901K [0x00000000c0000000, 0x00000000c7b70000, 0x00000000d5550000)
  eden space 101184K,   0% used [0x00000000c0000000, 0x00000000c0000000, 0x00000000c62d0000)
  from space 12608K,  23% used [0x00000000c62d0000, 0x00000000c65a55c0, 0x00000000c6f20000)
  to   space 12608K,   0% used [0x00000000c6f20000, 0x00000000c6f20000, 0x00000000c7b70000)
 tenured generation   total 252672K, used 151602K [0x00000000d5550000, 0x00000000e4c10000, 0x0000000100000000)
   the space 252672K,  59% used [0x00000000d5550000, 0x00000000de95cba8, 0x00000000de95cc00, 0x00000000e4c10000)
 Metaspace       used 61551K, capacity 62058K, committed 62336K, reserved 1103872K
  class space    used 8374K, capacity 8504K, committed 8576K, reserved 1048576K
}
Event: 30083.016 GC heap before
{Heap before GC invocations=280 (full 25):
 def new generation   total 113792K, used 104015K [0x00000000c0000000, 0x00000000c7b70000, 0x00000000d5550000)
  eden space 101184K,  99% used [0x00000000c0000000, 0x00000000c62be768, 0x00000000c62d0000)
  from space 12608K,  23% used [0x00000000c62d0000, 0x00000000c65a55c0, 0x00000000c6f20000)
  to   space 12608K,   0% used [0x00000000c6f20000, 0x00000000c6f20000, 0x00000000c7b70000)
 tenured generation   total 252672K, used 151602K [0x00000000d5550000, 0x00000000e4c10000, 0x0000000100000000)
   the space 252672K,  59% used [0x00000000d5550000, 0x00000000de95cba8, 0x00000000de95cc00, 0x00000000e4c10000)
 Metaspace       used 61556K, capacity 62058K, committed 62336K, reserved 1103872K
  class space    used 8374K, capacity 8504K, committed 8576K, reserved 1048576K
Event: 30083.065 GC heap after
Heap after GC invocations=281 (full 25):
 def new generation   total 113792K, used 12185K [0x00000000c0000000, 0x00000000c7b70000, 0x00000000d5550000)
  eden space 101184K,   0% used [0x00000000c0000000, 0x00000000c0000000, 0x00000000c62d0000)
  from space 12608K,  96% used [0x00000000c6f20000, 0x00000000c7b067d8, 0x00000000c7b70000)
  to   space 12608K,   0% used [0x00000000c62d0000, 0x00000000c62d0000, 0x00000000c6f20000)
 tenured generation   total 252672K, used 157747K [0x00000000d5550000, 0x00000000e4c10000, 0x0000000100000000)
   the space 252672K,  62% used [0x00000000d5550000, 0x00000000def5cc08, 0x00000000def5ce00, 0x00000000e4c10000)
 Metaspace       used 61556K, capacity 62058K, committed 62336K, reserved 1103872K
  class space    used 8374K, capacity 8504K, committed 8576K, reserved 1048576K
}
Event: 30094.081 GC heap before
{Heap before GC invocations=281 (full 25):
 def new generation   total 113792K, used 113344K [0x00000000c0000000, 0x00000000c7b70000, 0x00000000d5550000)
  eden space 101184K,  99% used [0x00000000c0000000, 0x00000000c62c9b38, 0x00000000c62d0000)
  from space 12608K,  96% used [0x00000000c6f20000, 0x00000000c7b067d8, 0x00000000c7b70000)
  to   space 12608K,   0% used [0x00000000c62d0000, 0x00000000c62d0000, 0x00000000c6f20000)
 tenured generation   total 252672K, used 157747K [0x00000000d5550000, 0x00000000e4c10000, 0x0000000100000000)
   the space 252672K,  62% used [0x00000000d5550000, 0x00000000def5cc08, 0x00000000def5ce00, 0x00000000e4c10000)
 Metaspace       used 61556K, capacity 62058K, committed 62336K, reserved 1103872K
  class space    used 8374K, capacity 8504K, committed 8576K, reserved 1048576K
Event: 30094.145 GC heap after
Heap after GC invocations=282 (full 25):
 def new generation   total 113792K, used 12476K [0x00000000c0000000, 0x00000000c7b70000, 0x00000000d5550000)
  eden space 101184K,   0% used [0x00000000c0000000, 0x00000000c0000000, 0x00000000c62d0000)
  from space 12608K,  98% used [0x00000000c62d0000, 0x00000000c6eff0e0, 0x00000000c6f20000)
  to   space 12608K,   0% used [0x00000000c6f20000, 0x00000000c6f20000, 0x00000000c7b70000)
 tenured generation   total 252672K, used 172797K [0x00000000d5550000, 0x00000000e4c10000, 0x0000000100000000)
   the space 252672K,  68% used [0x00000000d5550000, 0x00000000dfe0f6f8, 0x00000000dfe0f800, 0x00000000e4c10000)
 Metaspace       used 61556K, capacity 62058K, committed 62336K, reserved 1103872K
  class space    used 8374K, capacity 8504K, committed 8576K, reserved 1048576K
}
Event: 30104.953 GC heap before
{Heap before GC invocations=282 (full 25):
 def new generation   total 113792K, used 113581K [0x00000000c0000000, 0x00000000c7b70000, 0x00000000d5550000)
  eden space 101184K,  99% used [0x00000000c0000000, 0x00000000c62bc340, 0x00000000c62d0000)
  from space 12608K,  98% used [0x00000000c62d0000, 0x00000000c6eff0e0, 0x00000000c6f20000)
  to   space 12608K,   0% used [0x00000000c6f20000, 0x00000000c6f20000, 0x00000000c7b70000)
 tenured generation   total 252672K, used 172797K [0x00000000d5550000, 0x00000000e4c10000, 0x0000000100000000)
   the space 252672K,  68% used [0x00000000d5550000, 0x00000000dfe0f6f8, 0x00000000dfe0f800, 0x00000000e4c10000)
 Metaspace       used 61556K, capacity 62058K, committed 62336K, reserved 1103872K
  class space    used 8374K, capacity 8504K, committed 8576K, reserved 1048576K
Event: 30104.966 GC heap after
Heap after GC invocations=283 (full 25):
 def new generation   total 113792K, used 12388K [0x00000000c0000000, 0x00000000c7b70000, 0x00000000d5550000)
  eden space 101184K,   0% used [0x00000000c0000000, 0x00000000c0000000, 0x00000000c62d0000)
  from space 12608K,  98% used [0x00000000c6f20000, 0x00000000c7b392d8, 0x00000000c7b70000)
  to   space 12608K,   0% used [0x00000000c62d0000, 0x00000000c62d0000, 0x00000000c6f20000)
 tenured generation   total 252672K, used 188159K [0x00000000d5550000, 0x00000000e4c10000, 0x0000000100000000)
   the space 252672K,  74% used [0x00000000d5550000, 0x00000000e0d0ff20, 0x00000000e0d10000, 0x00000000e4c10000)
 Metaspace       used 61556K, capacity 62058K, committed 62336K, reserved 1103872K
  class space    used 8374K, capacity 8504K, committed 8576K, reserved 1048576K
}
Event: 30115.716 GC heap before
{Heap before GC invocations=283 (full 25):
 def new generation   total 113792K, used 113516K [0x00000000c0000000, 0x00000000c7b70000, 0x00000000d5550000)
  eden space 101184K,  99% used [0x00000000c0000000, 0x00000000c62c2040, 0x00000000c62d0000)
  from space 12608K,  98% used [0x00000000c6f20000, 0x00000000c7b392d8, 0x00000000c7b70000)
  to   space 12608K,   0% used [0x00000000c62d0000, 0x00000000c62d0000, 0x00000000c6f20000)
 tenured generation   total 252672K, used 188159K [0x00000000d5550000, 0x00000000e4c10000, 0x0000000100000000)
   the space 252672K,  74% used [0x00000000d5550000, 0x00000000e0d0ff20, 0x00000000e0d10000, 0x00000000e4c10000)
 Metaspace       used 61556K, capacity 62058K, committed 62336K, reserved 1103872K
  class space    used 8374K, capacity 8504K, committed 8576K, reserved 1048576K
Event: 30115.753 GC heap after
Heap after GC invocations=284 (full 25):
 def new generation   total 113792K, used 12503K [0x00000000c0000000, 0x00000000c7b70000, 0x00000000d5550000)
  eden space 101184K,   0% used [0x00000000c0000000, 0x00000000c0000000, 0x00000000c62d0000)
  from space 12608K,  99% used [0x00000000c62d0000, 0x00000000c6f05cf8, 0x00000000c6f20000)
  to   space 12608K,   0% used [0x00000000c6f20000, 0x00000000c6f20000, 0x00000000c7b70000)
 tenured generation   total 252672K, used 202499K [0x00000000d5550000, 0x00000000e4c10000, 0x0000000100000000)
   the space 252672K,  80% used [0x00000000d5550000, 0x00000000e1b10e10, 0x00000000e1b11000, 0x00000000e4c10000)
 Metaspace       used 61556K, capacity 62058K, committed 62336K, reserved 1103872K
  class space    used 8374K, capacity 8504K, committed 8576K, reserved 1048576K
}
Event: 30126.754 GC heap before
{Heap before GC invocations=284 (full 25):
 def new generation   total 113792K, used 113687K [0x00000000c0000000, 0x00000000c7b70000, 0x00000000d5550000)
  eden space 101184K, 100% used [0x00000000c0000000, 0x00000000c62d0000, 0x00000000c62d0000)
  from space 12608K,  99% used [0x00000000c62d0000, 0x00000000c6f05cf8, 0x00000000c6f20000)
  to   space 12608K,   0% used [0x00000000c6f20000, 0x00000000c6f20000, 0x00000000c7b70000)
 tenured generation   total 252672K, used 202499K [0x00000000d5550000, 0x00000000e4c10000, 0x0000000100000000)
   the space 252672K,  80% used [0x00000000d5550000, 0x00000000e1b10e10, 0x00000000e1b11000, 0x00000000e4c10000)
 Metaspace       used 61560K, capacity 62058K, committed 62336K, reserved 1103872K
  class space    used 8374K, capacity 8504K, committed 8576K, reserved 1048576K
Event: 30126.770 GC heap after
Heap after GC invocations=285 (full 25):
 def new generation   total 113792K, used 12607K [0x00000000c0000000, 0x00000000c7b70000, 0x00000000d5550000)
  eden space 101184K,   0% used [0x00000000c0000000, 0x00000000c0000000, 0x00000000c62d0000)
  from space 12608K,  99% used [0x00000000c6f20000, 0x00000000c7b6fff8, 0x00000000c7b70000)
  to   space 12608K,   0% used [0x00000000c62d0000, 0x00000000c62d0000, 0x00000000c6f20000)
 tenured generation   total 252672K, used 219397K [0x00000000d5550000, 0x00000000e4c10000, 0x0000000100000000)
   the space 252672K,  86% used [0x00000000d5550000, 0x00000000e2b916f8, 0x00000000e2b91800, 0x00000000e4c10000)
 Metaspace       used 61560K, capacity 62058K, committed 62336K, reserved 1103872K
  class space    used 8374K, capacity 8504K, committed 8576K, reserved 1048576K
}
Event: 30133.891 GC heap before
{Heap before GC invocations=285 (full 25):
 def new generation   total 113792K, used 113702K [0x00000000c0000000, 0x00000000c7b70000, 0x00000000d5550000)
  eden space 101184K,  99% used [0x00000000c0000000, 0x00000000c62b9a98, 0x00000000c62d0000)
  from space 12608K,  99% used [0x00000000c6f20000, 0x00000000c7b6fff8, 0x00000000c7b70000)
  to   space 12608K,   0% used [0x00000000c62d0000, 0x00000000c62d0000, 0x00000000c6f20000)
 tenured generation   total 252672K, used 219397K [0x00000000d5550000, 0x00000000e4c10000, 0x0000000100000000)
   the space 252672K,  86% used [0x00000000d5550000, 0x00000000e2b916f8, 0x00000000e2b91800, 0x00000000e4c10000)
 Metaspace       used 61566K, capacity 62058K, committed 62336K, reserved 1103872K
  class space    used 8375K, capacity 8504K, committed 8576K, reserved 1048576K
Event: 30133.924 GC heap after
Heap after GC invocations=286 (full 25):
 def new generation   total 113792K, used 95K [0x00000000c0000000, 0x00000000c7b70000, 0x00000000d5550000)
  eden space 101184K,   0% used [0x00000000c0000000, 0x00000000c0000000, 0x00000000c62d0000)
  from space 12608K,   0% used [0x00000000c62d0000, 0x00000000c62e7d80, 0x00000000c6f20000)
  to   space 12608K,   0% used [0x00000000c6f20000, 0x00000000c6f20000, 0x00000000c7b70000)
 tenured generation   total 252672K, used 231915K [0x00000000d5550000, 0x00000000e4c10000, 0x0000000100000000)
   the space 252672K,  91% used [0x00000000d5550000, 0x00000000e37cad78, 0x00000000e37cae00, 0x00000000e4c10000)
 Metaspace       used 61566K, capacity 62058K, committed 62336K, reserved 1103872K
  class space    used 8375K, capacity 8504K, committed 8576K, reserved 1048576K
}
Event: 30141.585 GC heap before
{Heap before GC invocations=286 (full 25):
 def new generation   total 113792K, used 101277K [0x00000000c0000000, 0x00000000c7b70000, 0x00000000d5550000)
  eden space 101184K,  99% used [0x00000000c0000000, 0x00000000c62cfa10, 0x00000000c62d0000)
  from space 12608K,   0% used [0x00000000c62d0000, 0x00000000c62e7d80, 0x00000000c6f20000)
  to   space 12608K,   0% used [0x00000000c6f20000, 0x00000000c6f20000, 0x00000000c7b70000)
 tenured generation   total 252672K, used 231915K [0x00000000d5550000, 0x00000000e4c10000, 0x0000000100000000)
   the space 252672K,  91% used [0x00000000d5550000, 0x00000000e37cad78, 0x00000000e37cae00, 0x00000000e4c10000)
 Metaspace       used 61566K, capacity 62058K, committed 62336K, reserved 1103872K
  class space    used 8375K, capacity 8504K, committed 8576K, reserved 1048576K
Event: 30141.587 GC heap after
Heap after GC invocations=287 (full 25):
 def new generation   total 113792K, used 124K [0x00000000c0000000, 0x00000000c7b70000, 0x00000000d5550000)
  eden space 101184K,   0% used [0x00000000c0000000, 0x00000000c0000000, 0x00000000c62d0000)
  from space 12608K,   0% used [0x00000000c6f20000, 0x00000000c6f3f218, 0x00000000c7b70000)
  to   space 12608K,   0% used [0x00000000c62d0000, 0x00000000c62d0000, 0x00000000c6f20000)
 tenured generation   total 252672K, used 231915K [0x00000000d5550000, 0x00000000e4c10000, 0x0000000100000000)
   the space 252672K,  91% used [0x00000000d5550000, 0x00000000e37cad78, 0x00000000e37cae00, 0x00000000e4c10000)
 Metaspace       used 61566K, capacity 62058K, committed 62336K, reserved 1103872K
  class space    used 8375K, capacity 8504K, committed 8576K, reserved 1048576K
}
Event: 30151.777 GC heap before
{Heap before GC invocations=287 (full 25):
 def new generation   total 113792K, used 101238K [0x00000000c0000000, 0x00000000c7b70000, 0x00000000d5550000)
  eden space 101184K,  99% used [0x00000000c0000000, 0x00000000c62be988, 0x00000000c62d0000)
  from space 12608K,   0% used [0x00000000c6f20000, 0x00000000c6f3f218, 0x00000000c7b70000)
  to   space 12608K,   0% used [0x00000000c62d0000, 0x00000000c62d0000, 0x00000000c6f20000)
 tenured generation   total 252672K, used 231915K [0x00000000d5550000, 0x00000000e4c10000, 0x0000000100000000)
   the space 252672K,  91% used [0x00000000d5550000, 0x00000000e37cad78, 0x00000000e37cae00, 0x00000000e4c10000)
 Metaspace       used 61589K, capacity 62068K, committed 62336K, reserved 1103872K
  class space    used 8376K, capacity 8505K, committed 8576K, reserved 1048576K
Event: 30151.783 GC heap after
Heap after GC invocations=288 (full 25):
 def new generation   total 113792K, used 11901K [0x00000000c0000000, 0x00000000c7b70000, 0x00000000d5550000)
  eden space 101184K,   0% used [0x00000000c0000000, 0x00000000c0000000, 0x00000000c62d0000)
  from space 12608K,  94% used [0x00000000c62d0000, 0x00000000c6e6f770, 0x00000000c6f20000)
  to   space 12608K,   0% used [0x00000000c6f20000, 0x00000000c6f20000, 0x00000000c7b70000)
 tenured generation   total 252672K, used 231915K [0x00000000d5550000, 0x00000000e4c10000, 0x0000000100000000)
   the space 252672K,  91% used [0x00000000d5550000, 0x00000000e37cad78, 0x00000000e37cae00, 0x00000000e4c10000)
 Metaspace       used 61589K, capacity 62068K, committed 62336K, reserved 1103872K
  class space    used 8376K, capacity 8505K, committed 8576K, reserved 1048576K
}
Event: 30162.719 GC heap before
{Heap before GC invocations=288 (full 25):
 def new generation   total 113792K, used 113050K [0x00000000c0000000, 0x00000000c7b70000, 0x00000000d5550000)
  eden space 101184K,  99% used [0x00000000c0000000, 0x00000000c62c7240, 0x00000000c62d0000)
  from space 12608K,  94% used [0x00000000c62d0000, 0x00000000c6e6f770, 0x00000000c6f20000)
  to   space 12608K,   0% used [0x00000000c6f20000, 0x00000000c6f20000, 0x00000000c7b70000)
 tenured generation   total 252672K, used 231915K [0x00000000d5550000, 0x00000000e4c10000, 0x0000000100000000)
   the space 252672K,  91% used [0x00000000d5550000, 0x00000000e37cad78, 0x00000000e37cae00, 0x00000000e4c10000)
 Metaspace       used 61590K, capacity 62068K, committed 62336K, reserved 1103872K
  class space    used 8376K, capacity 8505K, committed 8576K, reserved 1048576K
Event: 30162.734 GC heap after
Heap after GC invocations=289 (full 25):
 def new generation   total 113792K, used 12385K [0x00000000c0000000, 0x00000000c7b70000, 0x00000000d5550000)
  eden space 101184K,   0% used [0x00000000c0000000, 0x00000000c0000000, 0x00000000c62d0000)
  from space 12608K,  98% used [0x00000000c6f20000, 0x00000000c7b385d0, 0x00000000c7b70000)
  to   space 12608K,   0% used [0x00000000c62d0000, 0x00000000c62d0000, 0x00000000c6f20000)
 tenured generation   total 252672K, used 246705K [0x00000000d5550000, 0x00000000e4c10000, 0x0000000100000000)
   the space 252672K,  97% used [0x00000000d5550000, 0x00000000e463c498, 0x00000000e463c600, 0x00000000e4c10000)
 Metaspace       used 61590K, capacity 62068K, committed 62336K, reserved 1103872K
  class space    used 8376K, capacity 8505K, committed 8576K, reserved 1048576K
}
Event: 30174.422 GC heap before
{Heap before GC invocations=289 (full 25):
 def new generation   total 113792K, used 113535K [0x00000000c0000000, 0x00000000c7b70000, 0x00000000d5550000)
  eden space 101184K,  99% used [0x00000000c0000000, 0x00000000c62c7918, 0x00000000c62d0000)
  from space 12608K,  98% used [0x00000000c6f20000, 0x00000000c7b385d0, 0x00000000c7b70000)
  to   space 12608K,   0% used [0x00000000c62d0000, 0x00000000c62d0000, 0x00000000c6f20000)
 tenured generation   total 252672K, used 246705K [0x00000000d5550000, 0x00000000e4c10000, 0x0000000100000000)
   the space 252672K,  97% used [0x00000000d5550000, 0x00000000e463c498, 0x00000000e463c600, 0x00000000e4c10000)
 Metaspace       used 61594K, capacity 62068K, committed 62336K, reserved 1103872K
  class space    used 8376K, capacity 8505K, committed 8576K, reserved 1048576K

